#
# There is insufficient memory for the Java Runtime Environment to continue.
# Native memory allocation (malloc) failed to allocate 929936 bytes for Chunk::new
# Possible reasons:
#   The system is out of physical RAM or swap space
#   The process is running with CompressedOops enabled, and the Java Heap may be blocking the growth of the native heap
# Possible solutions:
#   Reduce memory load on the system
#   Increase physical memory or swap space
#   Check if swap backing store is full
#   Decrease Java heap size (-Xmx/-Xms)
#   Decrease number of Java threads
#   Decrease Java thread stack sizes (-Xss)
#   Set larger code cache with -XX:ReservedCodeCacheSize=
#   JVM is running with Unscaled Compressed Oops mode in which the Java heap is
#     placed in the first 4GB address space. The Java Heap base address is the
#     maximum limit for the native heap growth. Please use -XX:HeapBaseMinAddress
#     to set the Java Heap base and to place the Java Heap above 4GB virtual address.
# This output file may be truncated or incomplete.
#
#  Out of Memory Error (allocation.cpp:389), pid=14472, tid=0x0000000000003498
#
# JRE version: OpenJDK Runtime Environment (8.0_242-b01) (build 1.8.0_242-release-1644-b01)
# Java VM: OpenJDK 64-Bit Server VM (25.242-b01 mixed mode windows-amd64 compressed oops)
# Failed to write core dump. Minidumps are not enabled by default on client versions of Windows
#

---------------  T H R E A D  ---------------

Current thread (0x0000000019ac7000):  JavaThread "C2 CompilerThread1" daemon [_thread_in_native, id=13464, stack(0x000000001a490000,0x000000001a590000)]

Stack: [0x000000001a490000,0x000000001a590000]
[error occurred during error reporting (printing stack bounds), id 0xc0000005]

Native frames: (J=compiled Java code, j=interpreted, Vv=VM code, C=native code)


Current CompileTask:
C2:   2516 2510   !   4       java.lang.ClassLoader::getPackage (118 bytes)


---------------  P R O C E S S  ---------------

Java Threads: ( => current thread )
  0x000000001c763800 JavaThread "Cache worker for file content cache (C:\Users\Dilanka Nirmal\.gradle\caches\6.5\fileContent)" [_thread_blocked, id=3864, stack(0x0000000022db0000,0x0000000022eb0000)]
  0x000000001c762000 JavaThread "jar transforms" [_thread_blocked, id=13064, stack(0x0000000022cb0000,0x0000000022db0000)]
  0x000000001c761000 JavaThread "Cache worker for execution history cache (C:\Users\Dilanka Nirmal\.gradle\caches\6.5\executionHistory)" [_thread_blocked, id=10208, stack(0x00000000225b0000,0x00000000226b0000)]
  0x000000001c75e000 JavaThread "Cache worker for cache directory md-rule (C:\Users\Dilanka Nirmal\.gradle\caches\6.5\md-rule)" [_thread_blocked, id=11232, stack(0x0000000021200000,0x0000000021300000)]
  0x000000001c75f800 JavaThread "Cache worker for cache directory md-supplier (C:\Users\Dilanka Nirmal\.gradle\caches\6.5\md-supplier)" [_thread_blocked, id=3104, stack(0x0000000020d50000,0x0000000020e50000)]
  0x000000001c762800 JavaThread "Cache worker for checksums cache (C:\Users\Dilanka Nirmal\AndroidStudioProjects\QualityReads\.gradle\checksums)" [_thread_blocked, id=2768, stack(0x0000000020c50000,0x0000000020d50000)]
  0x000000001c760800 JavaThread "Cache worker for file hash cache (C:\Users\Dilanka Nirmal\AndroidStudioProjects\QualityReads\.gradle\6.5\fileHashes)" [_thread_blocked, id=10936, stack(0x0000000020f00000,0x0000000021000000)]
  0x000000001c75f000 JavaThread "Cache worker for file hash cache (C:\Users\Dilanka Nirmal\.gradle\caches\6.5\fileHashes)" [_thread_blocked, id=4292, stack(0x000000001e9b0000,0x000000001eab0000)]
  0x000000001c75d800 JavaThread "File lock request listener" [_thread_in_native, id=2044, stack(0x000000001e8b0000,0x000000001e9b0000)]
  0x000000001c666000 JavaThread "Cache worker for journal cache (C:\Users\Dilanka Nirmal\.gradle\caches\journal-1)" [_thread_blocked, id=8692, stack(0x000000001e7b0000,0x000000001e8b0000)]
  0x000000001adba000 JavaThread "Thread-9" [_thread_blocked, id=10528, stack(0x000000001e4b0000,0x000000001e5b0000)]
  0x000000001adb9000 JavaThread "Stdin handler" [_thread_blocked, id=10476, stack(0x000000001e3b0000,0x000000001e4b0000)]
  0x000000001acae800 JavaThread "Asynchronous log dispatcher for DefaultDaemonConnection: socket connection from /127.0.0.1:61494 to /127.0.0.1:61495" [_thread_blocked, id=5660, stack(0x000000001e2b0000,0x000000001e3b0000)]
  0x000000001c225800 JavaThread "Daemon worker" [_thread_in_Java, id=6484, stack(0x000000001e1b0000,0x000000001e2b0000)]
  0x000000001c4c5800 JavaThread "Cancel handler" [_thread_blocked, id=1544, stack(0x000000001e0b0000,0x000000001e1b0000)]
  0x000000001bf72800 JavaThread "Handler for socket connection from /127.0.0.1:61494 to /127.0.0.1:61495" [_thread_in_native, id=10708, stack(0x000000001ddb0000,0x000000001deb0000)]
  0x000000001aa92000 JavaThread "Daemon" [_thread_blocked, id=12480, stack(0x000000001dcb0000,0x000000001ddb0000)]
  0x000000001c0cc000 JavaThread "Daemon periodic checks" [_thread_blocked, id=12316, stack(0x000000001dbb0000,0x000000001dcb0000)]
  0x0000000019b74800 JavaThread "Incoming local TCP Connector on port 61494" [_thread_in_native, id=2020, stack(0x000000001d970000,0x000000001da70000)]
  0x000000001ab17000 JavaThread "Daemon health stats" [_thread_blocked, id=4344, stack(0x000000001d330000,0x000000001d430000)]
  0x0000000019b63800 JavaThread "Service Thread" daemon [_thread_blocked, id=1720, stack(0x000000001a790000,0x000000001a890000)]
  0x0000000019ad5800 JavaThread "C1 CompilerThread3" daemon [_thread_blocked, id=2660, stack(0x000000001a690000,0x000000001a790000)]
  0x0000000019ad1000 JavaThread "C2 CompilerThread2" daemon [_thread_in_native, id=2260, stack(0x000000001a590000,0x000000001a690000)]
=>0x0000000019ac7000 JavaThread "C2 CompilerThread1" daemon [_thread_in_native, id=13464, stack(0x000000001a490000,0x000000001a590000)]
  0x0000000017cc9800 JavaThread "C2 CompilerThread0" daemon [_thread_in_native, id=9176, stack(0x000000001a390000,0x000000001a490000)]
  0x0000000019ac6000 JavaThread "Attach Listener" daemon [_thread_blocked, id=8612, stack(0x000000001a290000,0x000000001a390000)]
  0x0000000019ac5000 JavaThread "Signal Dispatcher" daemon [_thread_blocked, id=11000, stack(0x000000001a190000,0x000000001a290000)]
  0x0000000002c4e000 JavaThread "Finalizer" daemon [_thread_blocked, id=13660, stack(0x0000000019f90000,0x000000001a090000)]
  0x0000000017cbc000 JavaThread "Reference Handler" daemon [_thread_blocked, id=13184, stack(0x0000000019e90000,0x0000000019f90000)]
  0x0000000002a4e800 JavaThread "main" [_thread_blocked, id=11788, stack(0x0000000002a50000,0x0000000002b50000)]

Other Threads:
  0x0000000017cb8000 VMThread [stack: 0x0000000019990000,0x0000000019a90000] [id=12108]
  0x0000000019b1e800 WatcherThread [stack: 0x000000001a890000,0x000000001a990000] [id=12844]

VM state:not at safepoint (normal execution)

VM Mutex/Monitor currently owned by a thread: None

heap address: 0x0000000080000000, size: 2048 MB, Compressed Oops mode: 32-bit
Narrow klass base: 0x0000000000000000, Narrow klass shift: 3
Compressed class space size: 1073741824 Address: 0x0000000100000000

Heap:
 PSYoungGen      total 119296K, used 62985K [0x00000000d5580000, 0x00000000de680000, 0x0000000100000000)
  eden space 110592K, 49% used [0x00000000d5580000,0x00000000d8ab6910,0x00000000dc180000)
  from space 8704K, 97% used [0x00000000dde00000,0x00000000de64bea0,0x00000000de680000)
  to   space 11264K, 0% used [0x00000000dd080000,0x00000000dd080000,0x00000000ddb80000)
 ParOldGen       total 52224K, used 7004K [0x0000000080000000, 0x0000000083300000, 0x00000000d5580000)
  object space 52224K, 13% used [0x0000000080000000,0x00000000806d73e8,0x0000000083300000)
 Metaspace       used 32551K, capacity 33578K, committed 33712K, reserved 1079296K
  class space    used 4444K, capacity 4719K, committed 4784K, reserved 1048576K

Card table byte_map: [0x0000000012010000,0x0000000012420000] byte_map_base: 0x0000000011c10000

Marking Bits: (ParMarkBitMap*) 0x000000006ed7f030
 Begin Bits: [0x0000000012ed0000, 0x0000000014ed0000)
 End Bits:   [0x0000000014ed0000, 0x0000000016ed0000)

Polling page: 0x00000000029a0000

CodeCache: size=245760Kb used=9982Kb max_used=9982Kb free=235777Kb
 bounds [0x0000000002c50000, 0x0000000003620000, 0x0000000011c50000]
 total_blobs=3264 nmethods=2581 adapters=596
 compilation: enabled

Compilation events (10 events):
Event: 2.513 Thread 0x0000000019ad5800 nmethod 2578 0x0000000003601e90 code [0x0000000003602080, 0x0000000003602c48]
Event: 2.513 Thread 0x0000000019ad5800 2575       3       java.beans.MethodDescriptor::<init> (7 bytes)
Event: 2.513 Thread 0x0000000019ad5800 nmethod 2575 0x0000000003601b10 code [0x0000000003601c80, 0x0000000003601e08]
Event: 2.513 Thread 0x0000000019ad5800 2576       3       java.beans.MethodDescriptor::<init> (48 bytes)
Event: 2.513 Thread 0x0000000019ad5800 nmethod 2576 0x0000000003609710 code [0x00000000036098c0, 0x000000000360a038]
Event: 2.513 Thread 0x0000000019ad5800 2577  s    3       java.beans.MethodDescriptor::setMethod (41 bytes)
Event: 2.514 Thread 0x0000000019ad5800 nmethod 2577 0x000000000360a2d0 code [0x000000000360a5c0, 0x000000000360bf68]
Event: 2.514 Thread 0x0000000019ad5800 2580       3       org.codehaus.groovy.reflection.ClassInfo::isSAM (13 bytes)
Event: 2.514 Thread 0x0000000019ad5800 nmethod 2580 0x0000000003601650 code [0x00000000036017c0, 0x0000000003601a08]
Event: 2.514 Thread 0x0000000019ad5800 2581       3       java.lang.ClassValue$ClassValueMap::probeBackupLocations (151 bytes)

GC Heap History (10 events):
Event: 1.452 GC heap before
{Heap before GC invocations=5 (full 0):
 PSYoungGen      total 37888K, used 37872K [0x00000000d5580000, 0x00000000d9f80000, 0x0000000100000000)
  eden space 32768K, 100% used [0x00000000d5580000,0x00000000d7580000,0x00000000d7580000)
  from space 5120K, 99% used [0x00000000d7a80000,0x00000000d7f7c010,0x00000000d7f80000)
  to   space 5120K, 0% used [0x00000000d7580000,0x00000000d7580000,0x00000000d7a80000)
 ParOldGen       total 86016K, used 2875K [0x0000000080000000, 0x0000000085400000, 0x00000000d5580000)
  object space 86016K, 3% used [0x0000000080000000,0x00000000802ceeb0,0x0000000085400000)
 Metaspace       used 17242K, capacity 17860K, committed 18176K, reserved 1064960K
  class space    used 2352K, capacity 2500K, committed 2560K, reserved 1048576K
Event: 1.457 GC heap after
Heap after GC invocations=5 (full 0):
 PSYoungGen      total 37888K, used 5104K [0x00000000d5580000, 0x00000000da880000, 0x0000000100000000)
  eden space 32768K, 0% used [0x00000000d5580000,0x00000000d5580000,0x00000000d7580000)
  from space 5120K, 99% used [0x00000000d7580000,0x00000000d7a7c030,0x00000000d7a80000)
  to   space 9728K, 0% used [0x00000000d9f00000,0x00000000d9f00000,0x00000000da880000)
 ParOldGen       total 86016K, used 5554K [0x0000000080000000, 0x0000000085400000, 0x00000000d5580000)
  object space 86016K, 6% used [0x0000000080000000,0x000000008056cb00,0x0000000085400000)
 Metaspace       used 17242K, capacity 17860K, committed 18176K, reserved 1064960K
  class space    used 2352K, capacity 2500K, committed 2560K, reserved 1048576K
}
Event: 1.676 GC heap before
{Heap before GC invocations=6 (full 0):
 PSYoungGen      total 37888K, used 37872K [0x00000000d5580000, 0x00000000da880000, 0x0000000100000000)
  eden space 32768K, 100% used [0x00000000d5580000,0x00000000d7580000,0x00000000d7580000)
  from space 5120K, 99% used [0x00000000d7580000,0x00000000d7a7c030,0x00000000d7a80000)
  to   space 9728K, 0% used [0x00000000d9f00000,0x00000000d9f00000,0x00000000da880000)
 ParOldGen       total 86016K, used 5554K [0x0000000080000000, 0x0000000085400000, 0x00000000d5580000)
  object space 86016K, 6% used [0x0000000080000000,0x000000008056cb00,0x0000000085400000)
 Metaspace       used 20186K, capacity 20840K, committed 20992K, reserved 1067008K
  class space    used 2818K, capacity 3012K, committed 3072K, reserved 1048576K
Event: 1.683 GC heap after
Heap after GC invocations=6 (full 0):
 PSYoungGen      total 74240K, used 9028K [0x00000000d5580000, 0x00000000daa80000, 0x0000000100000000)
  eden space 64512K, 0% used [0x00000000d5580000,0x00000000d5580000,0x00000000d9480000)
  from space 9728K, 92% used [0x00000000d9f00000,0x00000000da7d10e8,0x00000000da880000)
  to   space 10752K, 0% used [0x00000000d9480000,0x00000000d9480000,0x00000000d9f00000)
 ParOldGen       total 86016K, used 5562K [0x0000000080000000, 0x0000000085400000, 0x00000000d5580000)
  object space 86016K, 6% used [0x0000000080000000,0x000000008056eb00,0x0000000085400000)
 Metaspace       used 20186K, capacity 20840K, committed 20992K, reserved 1067008K
  class space    used 2818K, capacity 3012K, committed 3072K, reserved 1048576K
}
Event: 1.725 GC heap before
{Heap before GC invocations=7 (full 0):
 PSYoungGen      total 74240K, used 17531K [0x00000000d5580000, 0x00000000daa80000, 0x0000000100000000)
  eden space 64512K, 13% used [0x00000000d5580000,0x00000000d5dcdc28,0x00000000d9480000)
  from space 9728K, 92% used [0x00000000d9f00000,0x00000000da7d10e8,0x00000000da880000)
  to   space 10752K, 0% used [0x00000000d9480000,0x00000000d9480000,0x00000000d9f00000)
 ParOldGen       total 86016K, used 5562K [0x0000000080000000, 0x0000000085400000, 0x00000000d5580000)
  object space 86016K, 6% used [0x0000000080000000,0x000000008056eb00,0x0000000085400000)
 Metaspace       used 20553K, capacity 21224K, committed 21296K, reserved 1067008K
  class space    used 2873K, capacity 3076K, committed 3120K, reserved 1048576K
Event: 1.730 GC heap after
Heap after GC invocations=7 (full 0):
 PSYoungGen      total 75264K, used 4548K [0x00000000d5580000, 0x00000000de880000, 0x0000000100000000)
  eden space 64512K, 0% used [0x00000000d5580000,0x00000000d5580000,0x00000000d9480000)
  from space 10752K, 42% used [0x00000000d9480000,0x00000000d98f1050,0x00000000d9f00000)
  to   space 10752K, 0% used [0x00000000dde00000,0x00000000dde00000,0x00000000de880000)
 ParOldGen       total 86016K, used 7882K [0x0000000080000000, 0x0000000085400000, 0x00000000d5580000)
  object space 86016K, 9% used [0x0000000080000000,0x00000000807b2b70,0x0000000085400000)
 Metaspace       used 20553K, capacity 21224K, committed 21296K, reserved 1067008K
  class space    used 2873K, capacity 3076K, committed 3120K, reserved 1048576K
}
Event: 1.730 GC heap before
{Heap before GC invocations=8 (full 1):
 PSYoungGen      total 75264K, used 4548K [0x00000000d5580000, 0x00000000de880000, 0x0000000100000000)
  eden space 64512K, 0% used [0x00000000d5580000,0x00000000d5580000,0x00000000d9480000)
  from space 10752K, 42% used [0x00000000d9480000,0x00000000d98f1050,0x00000000d9f00000)
  to   space 10752K, 0% used [0x00000000dde00000,0x00000000dde00000,0x00000000de880000)
 ParOldGen       total 86016K, used 7882K [0x0000000080000000, 0x0000000085400000, 0x00000000d5580000)
  object space 86016K, 9% used [0x0000000080000000,0x00000000807b2b70,0x0000000085400000)
 Metaspace       used 20553K, capacity 21224K, committed 21296K, reserved 1067008K
  class space    used 2873K, capacity 3076K, committed 3120K, reserved 1048576K
Event: 1.755 GC heap after
Heap after GC invocations=8 (full 1):
 PSYoungGen      total 75264K, used 0K [0x00000000d5580000, 0x00000000de880000, 0x0000000100000000)
  eden space 64512K, 0% used [0x00000000d5580000,0x00000000d5580000,0x00000000d9480000)
  from space 10752K, 0% used [0x00000000d9480000,0x00000000d9480000,0x00000000d9f00000)
  to   space 10752K, 0% used [0x00000000dde00000,0x00000000dde00000,0x00000000de880000)
 ParOldGen       total 52224K, used 6996K [0x0000000080000000, 0x0000000083300000, 0x00000000d5580000)
  object space 52224K, 13% used [0x0000000080000000,0x00000000806d53e8,0x0000000083300000)
 Metaspace       used 20553K, capacity 21224K, committed 21296K, reserved 1067008K
  class space    used 2873K, capacity 3076K, committed 3120K, reserved 1048576K
}
Event: 2.179 GC heap before
{Heap before GC invocations=9 (full 1):
 PSYoungGen      total 75264K, used 64512K [0x00000000d5580000, 0x00000000de880000, 0x0000000100000000)
  eden space 64512K, 100% used [0x00000000d5580000,0x00000000d9480000,0x00000000d9480000)
  from space 10752K, 0% used [0x00000000d9480000,0x00000000d9480000,0x00000000d9f00000)
  to   space 10752K, 0% used [0x00000000dde00000,0x00000000dde00000,0x00000000de880000)
 ParOldGen       total 52224K, used 6996K [0x0000000080000000, 0x0000000083300000, 0x00000000d5580000)
  object space 52224K, 13% used [0x0000000080000000,0x00000000806d53e8,0x0000000083300000)
 Metaspace       used 28717K, capacity 29606K, committed 29872K, reserved 1075200K
  class space    used 3982K, capacity 4221K, committed 4272K, reserved 1048576K
Event: 2.185 GC heap after
Heap after GC invocations=9 (full 1):
 PSYoungGen      total 119296K, used 8495K [0x00000000d5580000, 0x00000000de680000, 0x0000000100000000)
  eden space 110592K, 0% used [0x00000000d5580000,0x00000000d5580000,0x00000000dc180000)
  from space 8704K, 97% used [0x00000000dde00000,0x00000000de64bea0,0x00000000de680000)
  to   space 11264K, 0% used [0x00000000dd080000,0x00000000dd080000,0x00000000ddb80000)
 ParOldGen       total 52224K, used 7004K [0x0000000080000000, 0x0000000083300000, 0x00000000d5580000)
  object space 52224K, 13% used [0x0000000080000000,0x00000000806d73e8,0x0000000083300000)
 Metaspace       used 28717K, capacity 29606K, committed 29872K, reserved 1075200K
  class space    used 3982K, capacity 4221K, committed 4272K, reserved 1048576K
}

Deoptimization events (10 events):
Event: 2.169 Thread 0x000000001c666000 Uncommon trap: reason=bimorphic action=maybe_recompile pc=0x000000000334c580 method=java.io.DataInputStream.readInt()I @ 4
Event: 2.169 Thread 0x000000001c666000 Uncommon trap: reason=bimorphic action=maybe_recompile pc=0x000000000334c580 method=java.io.DataInputStream.readInt()I @ 4
Event: 2.186 Thread 0x0000000017cbc000 Uncommon trap: reason=unstable_if action=reinterpret pc=0x00000000031bed3c method=java.lang.ref.Reference.tryHandlePending(Z)Z @ 104
Event: 2.191 Thread 0x000000001c225800 Uncommon trap: reason=unstable_if action=reinterpret pc=0x00000000032660d0 method=java.net.URLClassLoader.defineClass(Ljava/lang/String;Lsun/misc/Resource;)Ljava/lang/Class; @ 21
Event: 2.192 Thread 0x000000001c225800 Uncommon trap: reason=unstable_if action=reinterpret pc=0x00000000031417b4 method=java.lang.ClassLoader.getClassLoadingLock(Ljava/lang/String;)Ljava/lang/Object; @ 6
Event: 2.368 Thread 0x000000001c225800 Uncommon trap: reason=unstable_if action=reinterpret pc=0x000000000320e9c4 method=java.util.HashMap.getNode(ILjava/lang/Object;)Ljava/util/HashMap$Node; @ 53
Event: 2.416 Thread 0x000000001c225800 Uncommon trap: reason=unstable_if action=reinterpret pc=0x000000000342ba84 method=org.gradle.internal.reflect.PropertyAccessorType.isGetGetterName(Ljava/lang/String;)Z @ 14
Event: 2.428 Thread 0x000000001c225800 Uncommon trap: reason=unstable_if action=reinterpret pc=0x0000000003336040 method=org.objectweb.asm.ByteVector.putShort(I)Lorg/objectweb/asm/ByteVector; @ 13
Event: 2.473 Thread 0x000000001c225800 Uncommon trap: reason=unstable_if action=reinterpret pc=0x0000000003294d24 method=java.net.URLClassLoader.defineClass(Ljava/lang/String;Lsun/misc/Resource;)Ljava/lang/Class; @ 21
Event: 2.515 Thread 0x000000001c225800 Uncommon trap: reason=unstable_if action=reinterpret pc=0x00000000036055f8 method=org.codehaus.groovy.runtime.metaclass.MetaMethodIndex.addMethodToList(Ljava/lang/Object;Lgroovy/lang/MetaMethod;)Ljava/lang/Object; @ 226

Classes redefined (0 events):
No events

Internal exceptions (10 events):
Event: 2.479 Thread 0x000000001c225800 Exception <a 'java/lang/ClassNotFoundException': org/gradle/api/internal/project/ProjectScriptCustomizer> (0x00000000d83ee410) thrown at [C:\src\AOSP-openjdk-git\hotspot\src\share\vm\classfile\systemDictionary.cpp, line 210]
Event: 2.479 Thread 0x000000001c225800 Exception <a 'java/lang/ClassNotFoundException': build_8742xli7huusbqbb0w8d6gzpxCustomizer> (0x00000000d840ee70) thrown at [C:\src\AOSP-openjdk-git\hotspot\src\share\vm\classfile\systemDictionary.cpp, line 210]
Event: 2.483 Thread 0x000000001c225800 Exception <a 'java/lang/ClassNotFoundException': groovy/lang/Closure$1BeanInfo> (0x00000000d846f0c8) thrown at [C:\src\AOSP-openjdk-git\hotspot\src\share\vm\classfile\systemDictionary.cpp, line 210]
Event: 2.484 Thread 0x000000001c225800 Exception <a 'java/lang/ClassNotFoundException': groovy/lang/ClosureBeanInfo> (0x00000000d848e718) thrown at [C:\src\AOSP-openjdk-git\hotspot\src\share\vm\classfile\systemDictionary.cpp, line 210]
Event: 2.484 Thread 0x000000001c225800 Exception <a 'java/lang/ClassNotFoundException': groovy/lang/ClosureCustomizer> (0x00000000d84ae718) thrown at [C:\src\AOSP-openjdk-git\hotspot\src\share\vm\classfile\systemDictionary.cpp, line 210]
Event: 2.486 Thread 0x000000001c225800 Exception <a 'java/lang/ClassNotFoundException': groovy/lang/Closure$1Customizer> (0x00000000d84f4890) thrown at [C:\src\AOSP-openjdk-git\hotspot\src\share\vm\classfile\systemDictionary.cpp, line 210]
Event: 2.508 Thread 0x000000001c225800 Exception <a 'java/lang/ClassNotFoundException': org/gradle/internal/metaobject/ConfigureDelegateBeanInfo> (0x00000000d87176d8) thrown at [C:\src\AOSP-openjdk-git\hotspot\src\share\vm\classfile\systemDictionary.cpp, line 210]
Event: 2.508 Thread 0x000000001c225800 Exception <a 'java/lang/ClassNotFoundException': org/gradle/internal/metaobject/ConfigureDelegateCustomizer> (0x00000000d8745d10) thrown at [C:\src\AOSP-openjdk-git\hotspot\src\share\vm\classfile\systemDictionary.cpp, line 210]
Event: 2.511 Thread 0x000000001c225800 Exception <a 'java/lang/ClassNotFoundException': org/gradle/api/internal/initialization/DefaultScriptHandlerBeanInfo> (0x00000000d87c0020) thrown at [C:\src\AOSP-openjdk-git\hotspot\src\share\vm\classfile\systemDictionary.cpp, line 210]
Event: 2.511 Thread 0x000000001c225800 Exception <a 'java/lang/ClassNotFoundException': org/gradle/api/internal/initialization/DefaultScriptHandlerCustomizer> (0x00000000d87f6150) thrown at [C:\src\AOSP-openjdk-git\hotspot\src\share\vm\classfile\systemDictionary.cpp, line 210]

Events (10 events):
Event: 2.511 loading class org/gradle/api/internal/initialization/DefaultScriptHandlerCustomizer done
Event: 2.511 loading class org/gradle/api/internal/initialization/DefaultScriptHandlerCustomizer
Event: 2.511 loading class org/gradle/api/internal/initialization/DefaultScriptHandlerCustomizer done
Event: 2.511 loading class org/gradle/api/internal/initialization/DefaultScriptHandlerCustomizer
Event: 2.511 loading class org/gradle/api/internal/initialization/DefaultScriptHandlerCustomizer done
Event: 2.513 loading class groovy/runtime/metaclass/org/gradle/api/internal/artifacts/dsl/DefaultRepositoryHandler_DecoratedMetaClass
Event: 2.513 loading class groovy/runtime/metaclass/org/gradle/api/internal/artifacts/dsl/DefaultRepositoryHandler_DecoratedMetaClass done
Event: 2.515 Thread 0x000000001c225800 Uncommon trap: trap_request=0xffffff65 fr.pc=0x00000000036055f8
Event: 2.515 Thread 0x000000001c225800 DEOPT PACKING pc=0x00000000036055f8 sp=0x000000001e2a7f30
Event: 2.515 Thread 0x000000001c225800 DEOPT UNPACKING pc=0x0000000002c9557b sp=0x000000001e2a7ef8 mode 2


Dynamic libraries:
0x00007ff65c9a0000 - 0x00007ff65c9d1000 	C:\Program Files\Android\Android Studio\jre\bin\java.exe
0x00007ff992f10000 - 0x00007ff993105000 	C:\WINDOWS\SYSTEM32\ntdll.dll
0x00007ff992730000 - 0x00007ff9927ed000 	C:\WINDOWS\System32\KERNEL32.DLL
0x00007ff990c50000 - 0x00007ff990f18000 	C:\WINDOWS\System32\KERNELBASE.dll
0x00007ff991be0000 - 0x00007ff991c8c000 	C:\WINDOWS\System32\ADVAPI32.dll
0x00007ff9925c0000 - 0x00007ff99265e000 	C:\WINDOWS\System32\msvcrt.dll
0x00007ff992490000 - 0x00007ff99252b000 	C:\WINDOWS\System32\sechost.dll
0x00007ff991860000 - 0x00007ff99198b000 	C:\WINDOWS\System32\RPCRT4.dll
0x00007ff992c20000 - 0x00007ff992dc0000 	C:\WINDOWS\System32\USER32.dll
0x00007ff990990000 - 0x00007ff9909b2000 	C:\WINDOWS\System32\win32u.dll
0x00007ff9916e0000 - 0x00007ff99170a000 	C:\WINDOWS\System32\GDI32.dll
0x00007ff990b40000 - 0x00007ff990c4b000 	C:\WINDOWS\System32\gdi32full.dll
0x00007ff990aa0000 - 0x00007ff990b3d000 	C:\WINDOWS\System32\msvcp_win.dll
0x00007ff990650000 - 0x00007ff990750000 	C:\WINDOWS\System32\ucrtbase.dll
0x00007ff9821b0000 - 0x00007ff98244a000 	C:\WINDOWS\WinSxS\amd64_microsoft.windows.common-controls_6595b64144ccf1df_6.0.19041.844_none_ca00b6081b84eb1d\COMCTL32.dll
0x00007ff991710000 - 0x00007ff991740000 	C:\WINDOWS\System32\IMM32.DLL
0x000000006d9c0000 - 0x000000006da92000 	C:\Program Files\Android\Android Studio\jre\jre\bin\msvcr100.dll
0x000000006e5b0000 - 0x000000006edfb000 	C:\Program Files\Android\Android Studio\jre\jre\bin\server\jvm.dll
0x00007ff9925b0000 - 0x00007ff9925b8000 	C:\WINDOWS\System32\PSAPI.DLL
0x00007ff978840000 - 0x00007ff978849000 	C:\WINDOWS\SYSTEM32\WSOCK32.dll
0x00007ff982610000 - 0x00007ff982637000 	C:\WINDOWS\SYSTEM32\WINMM.dll
0x00007ff98af10000 - 0x00007ff98af1a000 	C:\WINDOWS\SYSTEM32\VERSION.dll
0x00007ff992850000 - 0x00007ff9928bb000 	C:\WINDOWS\System32\WS2_32.dll
0x00007ff96d960000 - 0x00007ff96d96f000 	C:\Program Files\Android\Android Studio\jre\jre\bin\verify.dll
0x00007ff95b320000 - 0x00007ff95b349000 	C:\Program Files\Android\Android Studio\jre\jre\bin\java.dll
0x00007ff9656d0000 - 0x00007ff9656e6000 	C:\Program Files\Android\Android Studio\jre\jre\bin\zip.dll
0x00007ff991c90000 - 0x00007ff9923d2000 	C:\WINDOWS\System32\SHELL32.dll
0x00007ff98e790000 - 0x00007ff98ef21000 	C:\WINDOWS\SYSTEM32\windows.storage.dll
0x00007ff9928c0000 - 0x00007ff992c15000 	C:\WINDOWS\System32\combase.dll
0x00007ff9900c0000 - 0x00007ff9900ec000 	C:\WINDOWS\SYSTEM32\Wldp.dll
0x00007ff992dc0000 - 0x00007ff992e6e000 	C:\WINDOWS\System32\SHCORE.dll
0x00007ff991680000 - 0x00007ff9916d5000 	C:\WINDOWS\System32\shlwapi.dll
0x00007ff990590000 - 0x00007ff9905af000 	C:\WINDOWS\SYSTEM32\profapi.dll
0x00007ff963820000 - 0x00007ff96383a000 	C:\Program Files\Android\Android Studio\jre\jre\bin\net.dll
0x00007ff98fe30000 - 0x00007ff98fe9a000 	C:\WINDOWS\system32\mswsock.dll
0x00007ff95a760000 - 0x00007ff95a773000 	C:\Program Files\Android\Android Studio\jre\jre\bin\nio.dll
0x00007ff979c00000 - 0x00007ff979c27000 	C:\Users\Dilanka Nirmal\.gradle\native\f6784746aeab05261644944871eae4fe03e0ef1612fff0a4a95f87b438bc6780\windows-amd64\native-platform.dll
0x00007ff96d790000 - 0x00007ff96d79d000 	C:\Program Files\Android\Android Studio\jre\jre\bin\management.dll
0x00007ff990000000 - 0x00007ff990018000 	C:\WINDOWS\SYSTEM32\CRYPTSP.dll
0x00007ff98f760000 - 0x00007ff98f794000 	C:\WINDOWS\system32\rsaenh.dll
0x00007ff990800000 - 0x00007ff990827000 	C:\WINDOWS\System32\bcrypt.dll
0x00007ff990550000 - 0x00007ff99057e000 	C:\WINDOWS\SYSTEM32\USERENV.dll
0x00007ff990a20000 - 0x00007ff990aa0000 	C:\WINDOWS\System32\bcryptprimitives.dll
0x00007ff990020000 - 0x00007ff99002c000 	C:\WINDOWS\SYSTEM32\CRYPTBASE.dll
0x00007ff98fad0000 - 0x00007ff98fb0b000 	C:\WINDOWS\SYSTEM32\IPHLPAPI.DLL
0x00007ff991990000 - 0x00007ff991998000 	C:\WINDOWS\System32\NSI.dll
0x00007ff98a270000 - 0x00007ff98a287000 	C:\WINDOWS\SYSTEM32\dhcpcsvc6.DLL
0x00007ff98a320000 - 0x00007ff98a33d000 	C:\WINDOWS\SYSTEM32\dhcpcsvc.DLL
0x00007ff98fb20000 - 0x00007ff98fbec000 	C:\WINDOWS\SYSTEM32\DNSAPI.dll
0x00007ff98a680000 - 0x00007ff98a68b000 	C:\WINDOWS\SYSTEM32\WINNSI.DLL

VM Arguments:
jvm_args: -Xmx2048m -Dfile.encoding=UTF-8 -Duser.country=US -Duser.language=en -Duser.variant 
java_command: org.gradle.launcher.daemon.bootstrap.GradleDaemon 6.5
java_class_path (initial): C:\Users\Dilanka Nirmal\.gradle\wrapper\dists\gradle-6.5-bin\6nifqtx7604sqp1q6g8wikw7p\gradle-6.5\lib\gradle-launcher-6.5.jar
Launcher Type: SUN_STANDARD

Environment Variables:
PATH=C:\Program Files (x86)\Common Files\Oracle\Java\javapath;C:\Windows\system32;C:\Windows;C:\Windows\System32\Wbem;C:\Windows\System32\WindowsPowerShell\v1.0\;C:\Windows\System32\OpenSSH\;C:\Program Files (x86)\NVIDIA Corporation\PhysX\Common;C:\Program Files\NVIDIA Corporation\NVIDIA NvDLISR;C:\Program Files\Java\jdk1.8.0_251\bin;C:\Program Files\nodejs\;C:\Program Files\Git\cmd;C:\WINDOWS\system32;C:\WINDOWS;C:\WINDOWS\System32\Wbem;C:\WINDOWS\System32\WindowsPowerShell\v1.0\;C:\WINDOWS\System32\OpenSSH\;C:\Users\Dilanka Nirmal\AppData\Local\Microsoft\WindowsApps;;C:\Users\Dilanka Nirmal\AppData\Local\Programs\Microsoft VS Code\bin;C:\Users\Dilanka Nirmal\AppData\Roaming\npm
USERNAME=Dilanka Nirmal
OS=Windows_NT
PROCESSOR_IDENTIFIER=Intel64 Family 6 Model 158 Stepping 13, GenuineIntel



---------------  S Y S T E M  ---------------

OS: Windows 10.0 , 64 bit Build 19041 (10.0.19041.928)

CPU:total 8 (initial active 8) (4 cores per cpu, 2 threads per core) family 6 model 158 stepping 13, cmov, cx8, fxsr, mmx, sse, sse2, sse3, ssse3, sse4.1, sse4.2, popcnt, avx, avx2, aes, clmul, erms, 3dnowpref, lzcnt, ht, tsc, tscinvbit, bmi1, bmi2, adx

Memory: 4k page, physical 8228964k(2263988k free), swap 33394788k(5500k free)

vm_info: OpenJDK 64-Bit Server VM (25.242-b01) for windows-amd64 JRE (1.8.0_242-release-1644-b01), built by "builder" with MS VC++ 10.0 (VS2010)

time: Tue Apr 27 11:12:09 2021
timezone: Sri Lanka Standard Time
elapsed time: 2 seconds (0d 0h 0m 2s)

