#
# There is insufficient memory for the Java Runtime Environment to continue.
# Native memory allocation (malloc) failed to allocate 131088 bytes for Chunk::new
# Possible reasons:
#   The system is out of physical RAM or swap space
#   The process is running with CompressedOops enabled, and the Java Heap may be blocking the growth of the native heap
# Possible solutions:
#   Reduce memory load on the system
#   Increase physical memory or swap space
#   Check if swap backing store is full
#   Decrease Java heap size (-Xmx/-Xms)
#   Decrease number of Java threads
#   Decrease Java thread stack sizes (-Xss)
#   Set larger code cache with -XX:ReservedCodeCacheSize=
#   JVM is running with Unscaled Compressed Oops mode in which the Java heap is
#     placed in the first 4GB address space. The Java Heap base address is the
#     maximum limit for the native heap growth. Please use -XX:HeapBaseMinAddress
#     to set the Java Heap base and to place the Java Heap above 4GB virtual address.
# This output file may be truncated or incomplete.
#
#  Out of Memory Error (allocation.cpp:389), pid=13772, tid=0x000000000000200c
#
# JRE version: OpenJDK Runtime Environment (8.0_242-b01) (build 1.8.0_242-release-1644-b01)
# Java VM: OpenJDK 64-Bit Server VM (25.242-b01 mixed mode windows-amd64 compressed oops)
# Failed to write core dump. Minidumps are not enabled by default on client versions of Windows
#

---------------  T H R E A D  ---------------

Current thread (0x000000001a1d8000):  JavaThread "C2 CompilerThread1" daemon [_thread_in_native, id=8204, stack(0x000000001aba0000,0x000000001aca0000)]

Stack: [0x000000001aba0000,0x000000001aca0000]
[error occurred during error reporting (printing stack bounds), id 0xc0000005]

Native frames: (J=compiled Java code, j=interpreted, Vv=VM code, C=native code)


Current CompileTask:
C2:   1287 1465       4       java.net.URLClassLoader$1::run (5 bytes)


---------------  P R O C E S S  ---------------

Java Threads: ( => current thread )
  0x000000001cf9c000 JavaThread "File lock request listener" [_thread_in_native, id=1384, stack(0x000000001ff90000,0x0000000020090000)]
  0x000000001cf57800 JavaThread "Cache worker for journal cache (C:\Users\Dilanka Nirmal\.gradle\caches\journal-1)" [_thread_blocked, id=6600, stack(0x000000001fe90000,0x000000001ff90000)]
  0x000000001b43f800 JavaThread "Thread-9" [_thread_blocked, id=7264, stack(0x000000001ebc0000,0x000000001ecc0000)]
  0x000000001b3a6000 JavaThread "Stdin handler" [_thread_blocked, id=15072, stack(0x000000001eac0000,0x000000001ebc0000)]
  0x000000001b355800 JavaThread "Asynchronous log dispatcher for DefaultDaemonConnection: socket connection from /127.0.0.1:61469 to /127.0.0.1:61470" [_thread_blocked, id=4636, stack(0x000000001e9c0000,0x000000001eac0000)]
  0x000000001b34c800 JavaThread "Daemon worker" [_thread_in_vm, id=9176, stack(0x000000001e8c0000,0x000000001e9c0000)]
  0x000000001cb8d000 JavaThread "Cancel handler" [_thread_blocked, id=13660, stack(0x000000001e7c0000,0x000000001e8c0000)]
  0x000000001b23d000 JavaThread "Handler for socket connection from /127.0.0.1:61469 to /127.0.0.1:61470" [_thread_in_native, id=8236, stack(0x000000001e4c0000,0x000000001e5c0000)]
  0x000000001b23f000 JavaThread "Daemon" [_thread_blocked, id=2800, stack(0x000000001e3c0000,0x000000001e4c0000)]
  0x000000001c777000 JavaThread "Daemon periodic checks" [_thread_blocked, id=2384, stack(0x000000001e2c0000,0x000000001e3c0000)]
  0x000000001c56b800 JavaThread "Incoming local TCP Connector on port 61469" [_thread_in_native, id=13112, stack(0x000000001e080000,0x000000001e180000)]
  0x000000001ca07800 JavaThread "Daemon health stats" [_thread_blocked, id=7184, stack(0x000000001da40000,0x000000001db40000)]
  0x000000001a26a800 JavaThread "Service Thread" daemon [_thread_blocked, id=4944, stack(0x000000001aea0000,0x000000001afa0000)]
  0x000000001a1f1000 JavaThread "C1 CompilerThread3" daemon [_thread_blocked, id=10640, stack(0x000000001ada0000,0x000000001aea0000)]
  0x000000001a1dd000 JavaThread "C2 CompilerThread2" daemon [_thread_blocked, id=9460, stack(0x000000001aca0000,0x000000001ada0000)]
=>0x000000001a1d8000 JavaThread "C2 CompilerThread1" daemon [_thread_in_native, id=8204, stack(0x000000001aba0000,0x000000001aca0000)]
  0x000000001a1d6000 JavaThread "C2 CompilerThread0" daemon [_thread_blocked, id=7620, stack(0x000000001aaa0000,0x000000001aba0000)]
  0x000000001a1d5000 JavaThread "Attach Listener" daemon [_thread_blocked, id=12192, stack(0x000000001a9a0000,0x000000001aaa0000)]
  0x000000001a1d4000 JavaThread "Signal Dispatcher" daemon [_thread_blocked, id=9380, stack(0x000000001a8a0000,0x000000001a9a0000)]
  0x000000001a1c1000 JavaThread "Finalizer" daemon [_thread_blocked, id=10256, stack(0x000000001a6a0000,0x000000001a7a0000)]
  0x00000000183bb800 JavaThread "Reference Handler" daemon [_thread_blocked, id=11772, stack(0x000000001a5a0000,0x000000001a6a0000)]
  0x000000000334e800 JavaThread "main" [_thread_blocked, id=12108, stack(0x00000000030c0000,0x00000000031c0000)]

Other Threads:
  0x00000000183b7800 VMThread [stack: 0x000000001a0a0000,0x000000001a1a0000] [id=2824]
  0x000000001a26b800 WatcherThread [stack: 0x000000001afa0000,0x000000001b0a0000] [id=3160]

VM state:not at safepoint (normal execution)

VM Mutex/Monitor currently owned by a thread: None

OutOfMemory and StackOverflow Exception counts:
OutOfMemoryError java_heap_errors=3

heap address: 0x0000000080000000, size: 2048 MB, Compressed Oops mode: 32-bit
Narrow klass base: 0x0000000000000000, Narrow klass shift: 3
Compressed class space size: 1073741824 Address: 0x0000000100000000

Heap:
 PSYoungGen      total 37888K, used 12046K [0x00000000d5580000, 0x00000000d7f80000, 0x0000000100000000)
  eden space 32768K, 21% used [0x00000000d5580000,0x00000000d5c46350,0x00000000d7580000)
  from space 5120K, 99% used [0x00000000d7a80000,0x00000000d7f7d750,0x00000000d7f80000)
  to   space 5120K, 0% used [0x00000000d7580000,0x00000000d7580000,0x00000000d7a80000)
 ParOldGen       total 86016K, used 2911K [0x0000000080000000, 0x0000000085400000, 0x00000000d5580000)
  object space 86016K, 3% used [0x0000000080000000,0x00000000802d7c08,0x0000000085400000)
 Metaspace       used 14859K, capacity 15418K, committed 15616K, reserved 1062912K
  class space    used 2046K, capacity 2219K, committed 2304K, reserved 1048576K

Card table byte_map: [0x0000000012710000,0x0000000012b20000] byte_map_base: 0x0000000012310000

Marking Bits: (ParMarkBitMap*) 0x000000006ed7f030
 Begin Bits: [0x00000000135d0000, 0x00000000155d0000)
 End Bits:   [0x00000000155d0000, 0x00000000175d0000)

Polling page: 0x00000000031c0000

CodeCache: size=245760Kb used=5285Kb max_used=5293Kb free=240474Kb
 bounds [0x0000000003350000, 0x0000000003880000, 0x0000000012350000]
 total_blobs=1854 nmethods=1472 adapters=295
 compilation: enabled

Compilation events (10 events):
Event: 1.264 Thread 0x000000001a1f1000 1469       1       java.util.concurrent.locks.AbstractOwnableSynchronizer::getExclusiveOwnerThread (5 bytes)
Event: 1.265 Thread 0x000000001a1f1000 nmethod 1469 0x0000000003875550 code [0x00000000038756a0, 0x00000000038757b0]
Event: 1.265 Thread 0x000000001a1d6000 1470 %     4       java.util.Properties$LineReader::readLine @ 21 (468 bytes)
Event: 1.271 Thread 0x000000001a1d6000 nmethod 1470% 0x000000000387a650 code [0x000000000387a800, 0x000000000387b398]
Event: 1.273 Thread 0x000000001a1f1000 1471       3       java.util.ArrayList::isEmpty (13 bytes)
Event: 1.273 Thread 0x000000001a1f1000 nmethod 1471 0x0000000003874fd0 code [0x0000000003875120, 0x00000000038752d0]
Event: 1.273 Thread 0x000000001a1f1000 1472       3       org.gradle.internal.service.DefaultServiceRegistry$OwnServices::getProviders (26 bytes)
Event: 1.273 Thread 0x000000001a1f1000 nmethod 1472 0x0000000003877010 code [0x00000000038771a0, 0x0000000003877568]
Event: 1.277 Thread 0x000000001a1dd000 1473       4       java.lang.String::codePointAt (36 bytes)
Event: 1.278 Thread 0x000000001a1dd000 nmethod 1473 0x000000000387c690 code [0x000000000387c7e0, 0x000000000387c8d8]

GC Heap History (8 events):
Event: 0.466 GC heap before
{Heap before GC invocations=1 (full 0):
 PSYoungGen      total 37888K, used 32768K [0x00000000d5580000, 0x00000000d7f80000, 0x0000000100000000)
  eden space 32768K, 100% used [0x00000000d5580000,0x00000000d7580000,0x00000000d7580000)
  from space 5120K, 0% used [0x00000000d7a80000,0x00000000d7a80000,0x00000000d7f80000)
  to   space 5120K, 0% used [0x00000000d7580000,0x00000000d7580000,0x00000000d7a80000)
 ParOldGen       total 86016K, used 0K [0x0000000080000000, 0x0000000085400000, 0x00000000d5580000)
  object space 86016K, 0% used [0x0000000080000000,0x0000000080000000,0x0000000085400000)
 Metaspace       used 7209K, capacity 7454K, committed 7680K, reserved 1056768K
  class space    used 890K, capacity 973K, committed 1024K, reserved 1048576K
Event: 0.470 GC heap after
Heap after GC invocations=1 (full 0):
 PSYoungGen      total 37888K, used 4430K [0x00000000d5580000, 0x00000000d7f80000, 0x0000000100000000)
  eden space 32768K, 0% used [0x00000000d5580000,0x00000000d5580000,0x00000000d7580000)
  from space 5120K, 86% used [0x00000000d7580000,0x00000000d79d3bb8,0x00000000d7a80000)
  to   space 5120K, 0% used [0x00000000d7a80000,0x00000000d7a80000,0x00000000d7f80000)
 ParOldGen       total 86016K, used 16K [0x0000000080000000, 0x0000000085400000, 0x00000000d5580000)
  object space 86016K, 0% used [0x0000000080000000,0x0000000080004000,0x0000000085400000)
 Metaspace       used 7209K, capacity 7454K, committed 7680K, reserved 1056768K
  class space    used 890K, capacity 973K, committed 1024K, reserved 1048576K
}
Event: 0.646 GC heap before
{Heap before GC invocations=2 (full 0):
 PSYoungGen      total 37888K, used 37198K [0x00000000d5580000, 0x00000000d7f80000, 0x0000000100000000)
  eden space 32768K, 100% used [0x00000000d5580000,0x00000000d7580000,0x00000000d7580000)
  from space 5120K, 86% used [0x00000000d7580000,0x00000000d79d3bb8,0x00000000d7a80000)
  to   space 5120K, 0% used [0x00000000d7a80000,0x00000000d7a80000,0x00000000d7f80000)
 ParOldGen       total 86016K, used 16K [0x0000000080000000, 0x0000000085400000, 0x00000000d5580000)
  object space 86016K, 0% used [0x0000000080000000,0x0000000080004000,0x0000000085400000)
 Metaspace       used 7388K, capacity 7646K, committed 7936K, reserved 1056768K
  class space    used 899K, capacity 973K, committed 1024K, reserved 1048576K
Event: 0.648 GC heap after
Heap after GC invocations=2 (full 0):
 PSYoungGen      total 37888K, used 3137K [0x00000000d5580000, 0x00000000d7f80000, 0x0000000100000000)
  eden space 32768K, 0% used [0x00000000d5580000,0x00000000d5580000,0x00000000d7580000)
  from space 5120K, 61% used [0x00000000d7a80000,0x00000000d7d905e8,0x00000000d7f80000)
  to   space 5120K, 0% used [0x00000000d7580000,0x00000000d7580000,0x00000000d7a80000)
 ParOldGen       total 86016K, used 24K [0x0000000080000000, 0x0000000085400000, 0x00000000d5580000)
  object space 86016K, 0% used [0x0000000080000000,0x0000000080006000,0x0000000085400000)
 Metaspace       used 7388K, capacity 7646K, committed 7936K, reserved 1056768K
  class space    used 899K, capacity 973K, committed 1024K, reserved 1048576K
}
Event: 1.058 GC heap before
{Heap before GC invocations=3 (full 0):
 PSYoungGen      total 37888K, used 35905K [0x00000000d5580000, 0x00000000d7f80000, 0x0000000100000000)
  eden space 32768K, 100% used [0x00000000d5580000,0x00000000d7580000,0x00000000d7580000)
  from space 5120K, 61% used [0x00000000d7a80000,0x00000000d7d905e8,0x00000000d7f80000)
  to   space 5120K, 0% used [0x00000000d7580000,0x00000000d7580000,0x00000000d7a80000)
 ParOldGen       total 86016K, used 24K [0x0000000080000000, 0x0000000085400000, 0x00000000d5580000)
  object space 86016K, 0% used [0x0000000080000000,0x0000000080006000,0x0000000085400000)
 Metaspace       used 11102K, capacity 11428K, committed 11648K, reserved 1058816K
  class space    used 1469K, capacity 1574K, committed 1664K, reserved 1048576K
Event: 1.062 GC heap after
Heap after GC invocations=3 (full 0):
 PSYoungGen      total 37888K, used 5104K [0x00000000d5580000, 0x00000000d7f80000, 0x0000000100000000)
  eden space 32768K, 0% used [0x00000000d5580000,0x00000000d5580000,0x00000000d7580000)
  from space 5120K, 99% used [0x00000000d7580000,0x00000000d7a7c050,0x00000000d7a80000)
  to   space 5120K, 0% used [0x00000000d7a80000,0x00000000d7a80000,0x00000000d7f80000)
 ParOldGen       total 86016K, used 679K [0x0000000080000000, 0x0000000085400000, 0x00000000d5580000)
  object space 86016K, 0% used [0x0000000080000000,0x00000000800a9ef0,0x0000000085400000)
 Metaspace       used 11102K, capacity 11428K, committed 11648K, reserved 1058816K
  class space    used 1469K, capacity 1574K, committed 1664K, reserved 1048576K
}
Event: 1.252 GC heap before
{Heap before GC invocations=4 (full 0):
 PSYoungGen      total 37888K, used 37872K [0x00000000d5580000, 0x00000000d7f80000, 0x0000000100000000)
  eden space 32768K, 100% used [0x00000000d5580000,0x00000000d7580000,0x00000000d7580000)
  from space 5120K, 99% used [0x00000000d7580000,0x00000000d7a7c050,0x00000000d7a80000)
  to   space 5120K, 0% used [0x00000000d7a80000,0x00000000d7a80000,0x00000000d7f80000)
 ParOldGen       total 86016K, used 679K [0x0000000080000000, 0x0000000085400000, 0x00000000d5580000)
  object space 86016K, 0% used [0x0000000080000000,0x00000000800a9ef0,0x0000000085400000)
 Metaspace       used 14278K, capacity 14704K, committed 14976K, reserved 1062912K
  class space    used 1963K, capacity 2088K, committed 2176K, reserved 1048576K
Event: 1.256 GC heap after
Heap after GC invocations=4 (full 0):
 PSYoungGen      total 37888K, used 5109K [0x00000000d5580000, 0x00000000d7f80000, 0x0000000100000000)
  eden space 32768K, 0% used [0x00000000d5580000,0x00000000d5580000,0x00000000d7580000)
  from space 5120K, 99% used [0x00000000d7a80000,0x00000000d7f7d750,0x00000000d7f80000)
  to   space 5120K, 0% used [0x00000000d7580000,0x00000000d7580000,0x00000000d7a80000)
 ParOldGen       total 86016K, used 2911K [0x0000000080000000, 0x0000000085400000, 0x00000000d5580000)
  object space 86016K, 3% used [0x0000000080000000,0x00000000802d7c08,0x0000000085400000)
 Metaspace       used 14278K, capacity 14704K, committed 14976K, reserved 1062912K
  class space    used 1963K, capacity 2088K, committed 2176K, reserved 1048576K
}

Deoptimization events (10 events):
Event: 1.120 Thread 0x000000001b34c800 Uncommon trap: reason=bimorphic action=maybe_recompile pc=0x000000000362b744 method=java.util.HashMap.putVal(ILjava/lang/Object;Ljava/lang/Object;ZZ)Ljava/lang/Object; @ 253
Event: 1.120 Thread 0x000000001b34c800 Uncommon trap: reason=bimorphic action=maybe_recompile pc=0x000000000362b744 method=java.util.HashMap.putVal(ILjava/lang/Object;Ljava/lang/Object;ZZ)Ljava/lang/Object; @ 253
Event: 1.121 Thread 0x000000001b34c800 Uncommon trap: reason=class_check action=maybe_recompile pc=0x000000000362c0f0 method=java.util.HashMap.putVal(ILjava/lang/Object;Ljava/lang/Object;ZZ)Ljava/lang/Object; @ 203
Event: 1.121 Thread 0x000000001b34c800 Uncommon trap: reason=class_check action=maybe_recompile pc=0x000000000362c0f0 method=java.util.HashMap.putVal(ILjava/lang/Object;Ljava/lang/Object;ZZ)Ljava/lang/Object; @ 203
Event: 1.121 Thread 0x000000001b34c800 Uncommon trap: reason=bimorphic action=maybe_recompile pc=0x000000000362b744 method=java.util.HashMap.putVal(ILjava/lang/Object;Ljava/lang/Object;ZZ)Ljava/lang/Object; @ 253
Event: 1.121 Thread 0x000000001b34c800 Uncommon trap: reason=bimorphic action=maybe_recompile pc=0x000000000362b744 method=java.util.HashMap.putVal(ILjava/lang/Object;Ljava/lang/Object;ZZ)Ljava/lang/Object; @ 253
Event: 1.229 Thread 0x000000001b34c800 Uncommon trap: reason=class_check action=maybe_recompile pc=0x0000000003689218 method=java.util.regex.Matcher.match(II)Z @ 86
Event: 1.238 Thread 0x000000001b34c800 Uncommon trap: reason=class_check action=maybe_recompile pc=0x0000000003689218 method=java.util.regex.Matcher.match(II)Z @ 86
Event: 1.238 Thread 0x000000001b34c800 Uncommon trap: reason=class_check action=maybe_recompile pc=0x0000000003689218 method=java.util.regex.Matcher.match(II)Z @ 86
Event: 1.238 Thread 0x000000001b34c800 Uncommon trap: reason=class_check action=maybe_recompile pc=0x0000000003506b0c method=java.util.regex.Matcher.match(II)Z @ 86

Classes redefined (0 events):
No events

Internal exceptions (10 events):
Event: 1.093 Thread 0x000000001b23d000 Exception <a 'java/lang/NoSuchMethodError': <clinit>> (0x00000000d5889b60) thrown at [C:\src\AOSP-openjdk-git\hotspot\src\share\vm\prims\jni.cpp, line 1615]
Event: 1.098 Thread 0x000000001b23d000 Exception <a 'java/lang/NoSuchMethodError': <clinit>> (0x00000000d58f71d8) thrown at [C:\src\AOSP-openjdk-git\hotspot\src\share\vm\prims\jni.cpp, line 1615]
Event: 1.101 Thread 0x000000001b23d000 Exception <a 'java/lang/NoSuchMethodError': <clinit>> (0x00000000d59317e0) thrown at [C:\src\AOSP-openjdk-git\hotspot\src\share\vm\prims\jni.cpp, line 1615]
Event: 1.104 Thread 0x000000001b23d000 Exception <a 'java/lang/NoSuchMethodError': <clinit>> (0x00000000d59675c0) thrown at [C:\src\AOSP-openjdk-git\hotspot\src\share\vm\prims\jni.cpp, line 1615]
Event: 1.105 Thread 0x000000001b23d000 Exception <a 'java/lang/NoSuchMethodError': <clinit>> (0x00000000d5973af0) thrown at [C:\src\AOSP-openjdk-git\hotspot\src\share\vm\prims\jni.cpp, line 1615]
Event: 1.272 Thread 0x000000001b34c800 Exception <a 'java/lang/OutOfMemoryError'> (0x00000000d5848578) thrown at [C:\src\AOSP-openjdk-git\hotspot\src\share\vm\prims\jni.cpp, line 737]
Event: 1.272 Thread 0x000000001b34c800 Exception <a 'java/lang/OutOfMemoryError'> (0x00000000d5848578) thrown at [C:\src\AOSP-openjdk-git\hotspot\src\share\vm\prims\jvm.cpp, line 1506]
Event: 1.272 Thread 0x000000001b34c800 Exception <a 'java/lang/OutOfMemoryError'> (0x00000000d5848578) thrown at [C:\src\AOSP-openjdk-git\hotspot\src\share\vm\prims\jvm.cpp, line 1506]
Event: 1.272 Thread 0x000000001b34c800 Exception <a 'java/lang/reflect/InvocationTargetException'> (0x00000000d5848d38) thrown at [C:\src\AOSP-openjdk-git\hotspot\src\share\vm\runtime\reflection.cpp, line 1092]
Event: 1.276 Thread 0x000000001b34c800 Exception <a 'java/lang/NoSuchMethodError': java.lang.Object.lambda$static$0(Lorg/gradle/internal/state/ModelObject;)Ljava/lang/String;> (0x00000000d5a05240) thrown at [C:\src\AOSP-openjdk-git\hotspot\src\share\vm\interpreter\linkResolver.cpp, line 620]

Events (10 events):
Event: 1.280 loading class org/gradle/api/internal/collections/DefaultDomainObjectCollectionFactory
Event: 1.280 loading class org/gradle/api/internal/collections/DefaultDomainObjectCollectionFactory done
Event: 1.281 loading class org/gradle/api/internal/CollectionCallbackActionDecorator$1
Event: 1.281 loading class org/gradle/api/internal/CollectionCallbackActionDecorator$1 done
Event: 1.281 loading class org/gradle/api/internal/MutationGuards
Event: 1.281 loading class org/gradle/api/internal/MutationGuards done
Event: 1.281 loading class org/gradle/api/internal/MutationGuard
Event: 1.281 loading class org/gradle/api/internal/MutationGuard done
Event: 1.281 loading class org/gradle/api/internal/MutationGuards$1
Event: 1.281 loading class org/gradle/api/internal/MutationGuards$1 done


Dynamic libraries:
0x00007ff65c9a0000 - 0x00007ff65c9d1000 	C:\Program Files\Android\Android Studio\jre\bin\java.exe
0x00007ff992f10000 - 0x00007ff993105000 	C:\WINDOWS\SYSTEM32\ntdll.dll
0x00007ff992730000 - 0x00007ff9927ed000 	C:\WINDOWS\System32\KERNEL32.DLL
0x00007ff990c50000 - 0x00007ff990f18000 	C:\WINDOWS\System32\KERNELBASE.dll
0x00007ff991be0000 - 0x00007ff991c8c000 	C:\WINDOWS\System32\ADVAPI32.dll
0x00007ff9925c0000 - 0x00007ff99265e000 	C:\WINDOWS\System32\msvcrt.dll
0x00007ff992490000 - 0x00007ff99252b000 	C:\WINDOWS\System32\sechost.dll
0x00007ff991860000 - 0x00007ff99198b000 	C:\WINDOWS\System32\RPCRT4.dll
0x00007ff992c20000 - 0x00007ff992dc0000 	C:\WINDOWS\System32\USER32.dll
0x00007ff990990000 - 0x00007ff9909b2000 	C:\WINDOWS\System32\win32u.dll
0x00007ff9916e0000 - 0x00007ff99170a000 	C:\WINDOWS\System32\GDI32.dll
0x00007ff990b40000 - 0x00007ff990c4b000 	C:\WINDOWS\System32\gdi32full.dll
0x00007ff990aa0000 - 0x00007ff990b3d000 	C:\WINDOWS\System32\msvcp_win.dll
0x00007ff990650000 - 0x00007ff990750000 	C:\WINDOWS\System32\ucrtbase.dll
0x00007ff9821b0000 - 0x00007ff98244a000 	C:\WINDOWS\WinSxS\amd64_microsoft.windows.common-controls_6595b64144ccf1df_6.0.19041.844_none_ca00b6081b84eb1d\COMCTL32.dll
0x00007ff991710000 - 0x00007ff991740000 	C:\WINDOWS\System32\IMM32.DLL
0x000000006d9c0000 - 0x000000006da92000 	C:\Program Files\Android\Android Studio\jre\jre\bin\msvcr100.dll
0x000000006e5b0000 - 0x000000006edfb000 	C:\Program Files\Android\Android Studio\jre\jre\bin\server\jvm.dll
0x00007ff9925b0000 - 0x00007ff9925b8000 	C:\WINDOWS\System32\PSAPI.DLL
0x00007ff98af10000 - 0x00007ff98af1a000 	C:\WINDOWS\SYSTEM32\VERSION.dll
0x00007ff982610000 - 0x00007ff982637000 	C:\WINDOWS\SYSTEM32\WINMM.dll
0x00007ff978840000 - 0x00007ff978849000 	C:\WINDOWS\SYSTEM32\WSOCK32.dll
0x00007ff992850000 - 0x00007ff9928bb000 	C:\WINDOWS\System32\WS2_32.dll
0x00007ff96d960000 - 0x00007ff96d96f000 	C:\Program Files\Android\Android Studio\jre\jre\bin\verify.dll
0x00007ff95b320000 - 0x00007ff95b349000 	C:\Program Files\Android\Android Studio\jre\jre\bin\java.dll
0x00007ff9656d0000 - 0x00007ff9656e6000 	C:\Program Files\Android\Android Studio\jre\jre\bin\zip.dll
0x00007ff991c90000 - 0x00007ff9923d2000 	C:\WINDOWS\System32\SHELL32.dll
0x00007ff98e790000 - 0x00007ff98ef21000 	C:\WINDOWS\SYSTEM32\windows.storage.dll
0x00007ff9928c0000 - 0x00007ff992c15000 	C:\WINDOWS\System32\combase.dll
0x00007ff9900c0000 - 0x00007ff9900ec000 	C:\WINDOWS\SYSTEM32\Wldp.dll
0x00007ff992dc0000 - 0x00007ff992e6e000 	C:\WINDOWS\System32\SHCORE.dll
0x00007ff991680000 - 0x00007ff9916d5000 	C:\WINDOWS\System32\shlwapi.dll
0x00007ff990590000 - 0x00007ff9905af000 	C:\WINDOWS\SYSTEM32\profapi.dll
0x00007ff963820000 - 0x00007ff96383a000 	C:\Program Files\Android\Android Studio\jre\jre\bin\net.dll
0x00007ff98fe30000 - 0x00007ff98fe9a000 	C:\WINDOWS\system32\mswsock.dll
0x00007ff95a760000 - 0x00007ff95a773000 	C:\Program Files\Android\Android Studio\jre\jre\bin\nio.dll
0x00007ff979c00000 - 0x00007ff979c27000 	C:\Users\Dilanka Nirmal\.gradle\native\f6784746aeab05261644944871eae4fe03e0ef1612fff0a4a95f87b438bc6780\windows-amd64\native-platform.dll
0x00007ff96d790000 - 0x00007ff96d79d000 	C:\Program Files\Android\Android Studio\jre\jre\bin\management.dll
0x00007ff990000000 - 0x00007ff990018000 	C:\WINDOWS\SYSTEM32\CRYPTSP.dll
0x00007ff98f760000 - 0x00007ff98f794000 	C:\WINDOWS\system32\rsaenh.dll
0x00007ff990800000 - 0x00007ff990827000 	C:\WINDOWS\System32\bcrypt.dll
0x00007ff990550000 - 0x00007ff99057e000 	C:\WINDOWS\SYSTEM32\USERENV.dll
0x00007ff990a20000 - 0x00007ff990aa0000 	C:\WINDOWS\System32\bcryptprimitives.dll
0x00007ff990020000 - 0x00007ff99002c000 	C:\WINDOWS\SYSTEM32\CRYPTBASE.dll
0x00007ff98fad0000 - 0x00007ff98fb0b000 	C:\WINDOWS\SYSTEM32\IPHLPAPI.DLL
0x00007ff991990000 - 0x00007ff991998000 	C:\WINDOWS\System32\NSI.dll
0x00007ff98a270000 - 0x00007ff98a287000 	C:\WINDOWS\SYSTEM32\dhcpcsvc6.DLL
0x00007ff98a320000 - 0x00007ff98a33d000 	C:\WINDOWS\SYSTEM32\dhcpcsvc.DLL
0x00007ff98fb20000 - 0x00007ff98fbec000 	C:\WINDOWS\SYSTEM32\DNSAPI.dll
0x00007ff98a680000 - 0x00007ff98a68b000 	C:\WINDOWS\SYSTEM32\WINNSI.DLL

VM Arguments:
jvm_args: -Xmx2048m -Dfile.encoding=UTF-8 -Duser.country=US -Duser.language=en -Duser.variant 
java_command: org.gradle.launcher.daemon.bootstrap.GradleDaemon 6.5
java_class_path (initial): C:\Users\Dilanka Nirmal\.gradle\wrapper\dists\gradle-6.5-bin\6nifqtx7604sqp1q6g8wikw7p\gradle-6.5\lib\gradle-launcher-6.5.jar
Launcher Type: SUN_STANDARD

Environment Variables:
PATH=C:\Program Files (x86)\Common Files\Oracle\Java\javapath;C:\Windows\system32;C:\Windows;C:\Windows\System32\Wbem;C:\Windows\System32\WindowsPowerShell\v1.0\;C:\Windows\System32\OpenSSH\;C:\Program Files (x86)\NVIDIA Corporation\PhysX\Common;C:\Program Files\NVIDIA Corporation\NVIDIA NvDLISR;C:\Program Files\Java\jdk1.8.0_251\bin;C:\Program Files\nodejs\;C:\Program Files\Git\cmd;C:\WINDOWS\system32;C:\WINDOWS;C:\WINDOWS\System32\Wbem;C:\WINDOWS\System32\WindowsPowerShell\v1.0\;C:\WINDOWS\System32\OpenSSH\;C:\Users\Dilanka Nirmal\AppData\Local\Microsoft\WindowsApps;;C:\Users\Dilanka Nirmal\AppData\Local\Programs\Microsoft VS Code\bin;C:\Users\Dilanka Nirmal\AppData\Roaming\npm
USERNAME=Dilanka Nirmal
OS=Windows_NT
PROCESSOR_IDENTIFIER=Intel64 Family 6 Model 158 Stepping 13, GenuineIntel



---------------  S Y S T E M  ---------------

OS: Windows 10.0 , 64 bit Build 19041 (10.0.19041.928)

CPU:total 8 (initial active 8) (4 cores per cpu, 2 threads per core) family 6 model 158 stepping 13, cmov, cx8, fxsr, mmx, sse, sse2, sse3, ssse3, sse4.1, sse4.2, popcnt, avx, avx2, aes, clmul, erms, 3dnowpref, lzcnt, ht, tsc, tscinvbit, bmi1, bmi2, adx

Memory: 4k page, physical 8228964k(2794344k free), swap 33394788k(5168k free)

vm_info: OpenJDK 64-Bit Server VM (25.242-b01) for windows-amd64 JRE (1.8.0_242-release-1644-b01), built by "builder" with MS VC++ 10.0 (VS2010)

time: Tue Apr 27 11:07:25 2021
timezone: Sri Lanka Standard Time
elapsed time: 1 seconds (0d 0h 0m 1s)

