#
# There is insufficient memory for the Java Runtime Environment to continue.
# Native memory allocation (malloc) failed to allocate 951536 bytes for Chunk::new
# Possible reasons:
#   The system is out of physical RAM or swap space
#   The process is running with CompressedOops enabled, and the Java Heap may be blocking the growth of the native heap
# Possible solutions:
#   Reduce memory load on the system
#   Increase physical memory or swap space
#   Check if swap backing store is full
#   Decrease Java heap size (-Xmx/-Xms)
#   Decrease number of Java threads
#   Decrease Java thread stack sizes (-Xss)
#   Set larger code cache with -XX:ReservedCodeCacheSize=
#   JVM is running with Unscaled Compressed Oops mode in which the Java heap is
#     placed in the first 4GB address space. The Java Heap base address is the
#     maximum limit for the native heap growth. Please use -XX:HeapBaseMinAddress
#     to set the Java Heap base and to place the Java Heap above 4GB virtual address.
# This output file may be truncated or incomplete.
#
#  Out of Memory Error (allocation.cpp:389), pid=5240, tid=0x0000000000002a30
#
# JRE version: OpenJDK Runtime Environment (8.0_242-b01) (build 1.8.0_242-release-1644-b01)
# Java VM: OpenJDK 64-Bit Server VM (25.242-b01 mixed mode windows-amd64 compressed oops)
# Failed to write core dump. Minidumps are not enabled by default on client versions of Windows
#

---------------  T H R E A D  ---------------

Current thread (0x0000000017bdb800):  JavaThread "C2 CompilerThread1" daemon [_thread_in_native, id=10800, stack(0x000000001a3a0000,0x000000001a4a0000)]

Stack: [0x000000001a3a0000,0x000000001a4a0000]
[error occurred during error reporting (printing stack bounds), id 0xc0000005]

Native frames: (J=compiled Java code, j=interpreted, Vv=VM code, C=native code)


Current CompileTask:
C2: 119179 18133       4       com.sun.org.apache.xerces.internal.impl.XMLNSDocumentScannerImpl::scanStartElement (1026 bytes)


---------------  P R O C E S S  ---------------

Java Threads: ( => current thread )
  0x000000001fe50800 JavaThread "Cache worker for execution history cache (C:\Users\Dilanka Nirmal\AndroidStudioProjects\QualityReads\.gradle\6.5\executionHistory)" [_thread_blocked, id=2660, stack(0x000000002d970000,0x000000002da70000)]
  0x000000001fe56000 JavaThread "Execution worker for ':' Thread 7" [_thread_blocked, id=4888, stack(0x000000002d870000,0x000000002d970000)]
  0x000000001fe4d800 JavaThread "Execution worker for ':' Thread 6" [_thread_blocked, id=2856, stack(0x000000002d770000,0x000000002d870000)]
  0x000000001fe53800 JavaThread "Execution worker for ':' Thread 5" [_thread_in_native, id=32, stack(0x000000002d670000,0x000000002d770000)]
  0x000000001fe52000 JavaThread "Execution worker for ':' Thread 4" [_thread_blocked, id=1372, stack(0x000000002c350000,0x000000002c450000)]
  0x000000001fe54800 JavaThread "Execution worker for ':' Thread 3" [_thread_blocked, id=14168, stack(0x000000002c250000,0x000000002c350000)]
  0x000000001fe4c000 JavaThread "Execution worker for ':' Thread 2" [_thread_blocked, id=5428, stack(0x000000002c150000,0x000000002c250000)]
  0x000000001fe4d000 JavaThread "Execution worker for ':'" [_thread_blocked, id=2896, stack(0x000000002bc50000,0x000000002bd50000)]
  0x000000001fe4e800 JavaThread "Cache worker for file content cache (C:\Users\Dilanka Nirmal\AndroidStudioProjects\QualityReads\.gradle\6.5\fileContent)" [_thread_blocked, id=3240, stack(0x0000000029e60000,0x0000000029f60000)]
  0x000000001c892000 JavaThread "pool-5-thread-1" [_thread_blocked, id=13796, stack(0x0000000029b60000,0x0000000029c60000)]
  0x000000001c891000 JavaThread "Cache worker for Build Output Cleanup Cache (C:\Users\Dilanka Nirmal\AndroidStudioProjects\QualityReads\.gradle\buildOutputCleanup)" [_thread_blocked, id=8764, stack(0x0000000029860000,0x0000000029960000)]
  0x000000001c88f800 JavaThread "jar transforms Thread 188" [_thread_blocked, id=8532, stack(0x0000000029760000,0x0000000029860000)]
  0x000000001c88f000 JavaThread "jar transforms Thread 187" [_thread_blocked, id=15260, stack(0x0000000029660000,0x0000000029760000)]
  0x000000001c892800 JavaThread "jar transforms Thread 186" [_thread_blocked, id=8820, stack(0x0000000029560000,0x0000000029660000)]
  0x000000001c88e000 JavaThread "jar transforms Thread 185" [_thread_blocked, id=1148, stack(0x0000000029460000,0x0000000029560000)]
  0x000000001c890800 JavaThread "jar transforms Thread 184" [_thread_blocked, id=8888, stack(0x0000000029360000,0x0000000029460000)]
  0x000000001c88d800 JavaThread "jar transforms Thread 183" [_thread_blocked, id=7164, stack(0x0000000029260000,0x0000000029360000)]
  0x000000001c886000 JavaThread "jar transforms Thread 182" [_thread_blocked, id=11936, stack(0x0000000029160000,0x0000000029260000)]
  0x000000001c88c800 JavaThread "jar transforms Thread 181" [_thread_blocked, id=13536, stack(0x0000000029060000,0x0000000029160000)]
  0x000000001c886800 JavaThread "jar transforms Thread 180" [_thread_blocked, id=8128, stack(0x0000000028f60000,0x0000000029060000)]
  0x000000001c88c000 JavaThread "jar transforms Thread 179" [_thread_blocked, id=14152, stack(0x0000000028e60000,0x0000000028f60000)]
  0x000000001c884800 JavaThread "jar transforms Thread 178" [_thread_blocked, id=7408, stack(0x0000000028d60000,0x0000000028e60000)]
  0x000000001c887800 JavaThread "jar transforms Thread 177" [_thread_blocked, id=9760, stack(0x0000000028c60000,0x0000000028d60000)]
  0x000000001c88b000 JavaThread "jar transforms Thread 176" [_thread_blocked, id=8416, stack(0x0000000028b60000,0x0000000028c60000)]
  0x000000001c889000 JavaThread "jar transforms Thread 175" [_thread_blocked, id=3400, stack(0x0000000028a60000,0x0000000028b60000)]
  0x000000001c883800 JavaThread "jar transforms Thread 174" [_thread_blocked, id=4800, stack(0x0000000028960000,0x0000000028a60000)]
  0x000000001c889800 JavaThread "jar transforms Thread 173" [_thread_blocked, id=10912, stack(0x0000000028860000,0x0000000028960000)]
  0x000000001c888000 JavaThread "jar transforms Thread 172" [_thread_blocked, id=12124, stack(0x0000000028760000,0x0000000028860000)]
  0x000000001c88a800 JavaThread "jar transforms Thread 171" [_thread_blocked, id=9756, stack(0x0000000028660000,0x0000000028760000)]
  0x000000001c885000 JavaThread "jar transforms Thread 170" [_thread_blocked, id=14688, stack(0x0000000028560000,0x0000000028660000)]
  0x000000001cfd9800 JavaThread "jar transforms Thread 169" [_thread_blocked, id=1952, stack(0x0000000028460000,0x0000000028560000)]
  0x000000001cfd8800 JavaThread "jar transforms Thread 168" [_thread_blocked, id=12816, stack(0x0000000028360000,0x0000000028460000)]
  0x000000001cfd1000 JavaThread "jar transforms Thread 167" [_thread_blocked, id=15120, stack(0x0000000028260000,0x0000000028360000)]
  0x000000001cfd8000 JavaThread "jar transforms Thread 166" [_thread_blocked, id=5016, stack(0x0000000028160000,0x0000000028260000)]
  0x000000001cfd7000 JavaThread "jar transforms Thread 165" [_thread_blocked, id=7140, stack(0x0000000028060000,0x0000000028160000)]
  0x000000001cfcf800 JavaThread "jar transforms Thread 164" [_thread_blocked, id=12656, stack(0x0000000027f60000,0x0000000028060000)]
  0x000000001cfd6800 JavaThread "jar transforms Thread 163" [_thread_blocked, id=236, stack(0x0000000027e60000,0x0000000027f60000)]
  0x000000001cfcf000 JavaThread "jar transforms Thread 162" [_thread_blocked, id=13440, stack(0x0000000027d60000,0x0000000027e60000)]
  0x000000001cfd5000 JavaThread "jar transforms Thread 161" [_thread_blocked, id=13632, stack(0x0000000027c60000,0x0000000027d60000)]
  0x000000001cfd4000 JavaThread "jar transforms Thread 160" [_thread_blocked, id=1308, stack(0x0000000027b60000,0x0000000027c60000)]
  0x000000001cfd0800 JavaThread "jar transforms Thread 159" [_thread_blocked, id=3168, stack(0x0000000027a60000,0x0000000027b60000)]
  0x000000001cfd5800 JavaThread "jar transforms Thread 158" [_thread_blocked, id=3632, stack(0x0000000027960000,0x0000000027a60000)]
  0x000000001cfd2800 JavaThread "jar transforms Thread 157" [_thread_blocked, id=7028, stack(0x0000000027860000,0x0000000027960000)]
  0x000000001cfd3800 JavaThread "jar transforms Thread 156" [_thread_blocked, id=10776, stack(0x0000000027760000,0x0000000027860000)]
  0x000000001cfcc000 JavaThread "jar transforms Thread 155" [_thread_blocked, id=11244, stack(0x0000000027660000,0x0000000027760000)]
  0x000000001cfcc800 JavaThread "jar transforms Thread 154" [_thread_blocked, id=7980, stack(0x0000000027560000,0x0000000027660000)]
  0x000000001cfd2000 JavaThread "jar transforms Thread 153" [_thread_blocked, id=1012, stack(0x0000000027460000,0x0000000027560000)]
  0x000000001cfce000 JavaThread "jar transforms Thread 152" [_thread_blocked, id=1792, stack(0x0000000027360000,0x0000000027460000)]
  0x000000001cfcb000 JavaThread "jar transforms Thread 151" [_thread_blocked, id=8064, stack(0x0000000027260000,0x0000000027360000)]
  0x000000001cfcd800 JavaThread "jar transforms Thread 150" [_thread_blocked, id=7112, stack(0x0000000027160000,0x0000000027260000)]
  0x000000001cfca800 JavaThread "jar transforms Thread 149" [_thread_blocked, id=8116, stack(0x0000000027060000,0x0000000027160000)]
  0x000000001c6b8800 JavaThread "jar transforms Thread 148" [_thread_blocked, id=1892, stack(0x0000000026f60000,0x0000000027060000)]
  0x000000001c6bc800 JavaThread "jar transforms Thread 147" [_thread_blocked, id=12208, stack(0x0000000026e60000,0x0000000026f60000)]
  0x000000001c6ba000 JavaThread "jar transforms Thread 146" [_thread_blocked, id=4696, stack(0x0000000026d60000,0x0000000026e60000)]
  0x000000001c6b9800 JavaThread "jar transforms Thread 145" [_thread_blocked, id=5404, stack(0x0000000026c60000,0x0000000026d60000)]
  0x000000001c6bd000 JavaThread "jar transforms Thread 144" [_thread_blocked, id=14280, stack(0x0000000026b60000,0x0000000026c60000)]
  0x000000002c8b3000 JavaThread "jar transforms Thread 143" [_thread_blocked, id=3680, stack(0x0000000026a60000,0x0000000026b60000)]
  0x000000002c8af800 JavaThread "jar transforms Thread 142" [_thread_blocked, id=5504, stack(0x0000000026960000,0x0000000026a60000)]
  0x000000002c8b2800 JavaThread "jar transforms Thread 141" [_thread_blocked, id=896, stack(0x0000000026860000,0x0000000026960000)]
  0x000000002c8b1800 JavaThread "jar transforms Thread 140" [_thread_blocked, id=9620, stack(0x0000000026760000,0x0000000026860000)]
  0x000000002c8ae800 JavaThread "jar transforms Thread 139" [_thread_blocked, id=3248, stack(0x0000000026660000,0x0000000026760000)]
  0x000000002c8a7000 JavaThread "jar transforms Thread 138" [_thread_blocked, id=4380, stack(0x0000000026560000,0x0000000026660000)]
  0x000000002c8ae000 JavaThread "jar transforms Thread 137" [_thread_blocked, id=2780, stack(0x0000000026460000,0x0000000026560000)]
  0x000000002c8ad000 JavaThread "jar transforms Thread 136" [_thread_blocked, id=14372, stack(0x0000000026360000,0x0000000026460000)]
  0x000000002c8ac800 JavaThread "jar transforms Thread 135" [_thread_blocked, id=13848, stack(0x0000000026260000,0x0000000026360000)]
  0x000000002c8aa000 JavaThread "jar transforms Thread 134" [_thread_blocked, id=3336, stack(0x0000000026160000,0x0000000026260000)]
  0x000000002c8a9800 JavaThread "jar transforms Thread 133" [_thread_blocked, id=2140, stack(0x0000000026060000,0x0000000026160000)]
  0x000000002c8a6800 JavaThread "jar transforms Thread 132" [_thread_blocked, id=7372, stack(0x0000000025f60000,0x0000000026060000)]
  0x000000002c8a8800 JavaThread "jar transforms Thread 131" [_thread_blocked, id=3076, stack(0x0000000025e60000,0x0000000025f60000)]
  0x000000002c8ab800 JavaThread "jar transforms Thread 130" [_thread_blocked, id=1716, stack(0x0000000025d60000,0x0000000025e60000)]
  0x000000002c8a5800 JavaThread "jar transforms Thread 129" [_thread_blocked, id=2768, stack(0x0000000025c60000,0x0000000025d60000)]
  0x000000002c8a8000 JavaThread "jar transforms Thread 128" [_thread_blocked, id=2756, stack(0x0000000025b60000,0x0000000025c60000)]
  0x000000002a7a4800 JavaThread "jar transforms Thread 127" [_thread_blocked, id=15228, stack(0x0000000025a60000,0x0000000025b60000)]
  0x000000002a7a1000 JavaThread "jar transforms Thread 126" [_thread_blocked, id=13948, stack(0x0000000025960000,0x0000000025a60000)]
  0x000000002a7a1800 JavaThread "jar transforms Thread 125" [_thread_blocked, id=15220, stack(0x0000000025860000,0x0000000025960000)]
  0x000000002a7a7800 JavaThread "jar transforms Thread 124" [_thread_blocked, id=4672, stack(0x0000000025760000,0x0000000025860000)]
  0x000000002a7a7000 JavaThread "jar transforms Thread 123" [_thread_blocked, id=4356, stack(0x0000000025660000,0x0000000025760000)]
  0x000000002a7a3000 JavaThread "jar transforms Thread 122" [_thread_blocked, id=14700, stack(0x0000000025560000,0x0000000025660000)]
  0x000000002a7a4000 JavaThread "jar transforms Thread 121" [_thread_blocked, id=2288, stack(0x0000000025460000,0x0000000025560000)]
  0x000000002a7a6000 JavaThread "jar transforms Thread 120" [_thread_blocked, id=13928, stack(0x0000000025360000,0x0000000025460000)]
  0x000000002a7a5800 JavaThread "jar transforms Thread 119" [_thread_blocked, id=3900, stack(0x0000000025260000,0x0000000025360000)]
  0x000000002a7a2800 JavaThread "jar transforms Thread 118" [_thread_blocked, id=9832, stack(0x0000000025160000,0x0000000025260000)]
  0x000000002a79f800 JavaThread "jar transforms Thread 117" [_thread_blocked, id=9740, stack(0x0000000025060000,0x0000000025160000)]
  0x000000002a79d000 JavaThread "jar transforms Thread 116" [_thread_blocked, id=14756, stack(0x0000000024f60000,0x0000000025060000)]
  0x000000002a799800 JavaThread "jar transforms Thread 115" [_thread_blocked, id=12948, stack(0x0000000024e60000,0x0000000024f60000)]
  0x000000002a79e000 JavaThread "jar transforms Thread 114" [_thread_blocked, id=15176, stack(0x0000000024d60000,0x0000000024e60000)]
  0x000000002a79c800 JavaThread "jar transforms Thread 113" [_thread_blocked, id=1604, stack(0x0000000024c60000,0x0000000024d60000)]
  0x000000002a79b000 JavaThread "jar transforms Thread 112" [_thread_blocked, id=9120, stack(0x0000000024b60000,0x0000000024c60000)]
  0x000000002a79a000 JavaThread "jar transforms Thread 111" [_thread_blocked, id=2700, stack(0x0000000024a60000,0x0000000024b60000)]
  0x0000000021a88000 JavaThread "jar transforms Thread 110" [_thread_blocked, id=14580, stack(0x0000000024960000,0x0000000024a60000)]
  0x0000000021a8e000 JavaThread "jar transforms Thread 109" [_thread_blocked, id=3848, stack(0x0000000024860000,0x0000000024960000)]
  0x0000000021a8f000 JavaThread "jar transforms Thread 108" [_thread_blocked, id=7092, stack(0x0000000024760000,0x0000000024860000)]
  0x0000000021a86800 JavaThread "jar transforms Thread 107" [_thread_blocked, id=1500, stack(0x0000000024660000,0x0000000024760000)]
  0x0000000021a87000 JavaThread "jar transforms Thread 106" [_thread_blocked, id=8848, stack(0x0000000024560000,0x0000000024660000)]
  0x0000000021a8a000 JavaThread "jar transforms Thread 105" [_thread_blocked, id=11188, stack(0x0000000024460000,0x0000000024560000)]
  0x0000000021a8d800 JavaThread "jar transforms Thread 104" [_thread_blocked, id=13604, stack(0x0000000024360000,0x0000000024460000)]
  0x0000000021a8b000 JavaThread "jar transforms Thread 103" [_thread_blocked, id=6588, stack(0x0000000024260000,0x0000000024360000)]
  0x0000000021a89800 JavaThread "jar transforms Thread 102" [_thread_blocked, id=1404, stack(0x0000000024160000,0x0000000024260000)]
  0x0000000021a85800 JavaThread "jar transforms Thread 101" [_thread_blocked, id=13488, stack(0x0000000024060000,0x0000000024160000)]
  0x0000000021a8c800 JavaThread "jar transforms Thread 100" [_thread_blocked, id=13380, stack(0x0000000023f60000,0x0000000024060000)]
  0x0000000021a80800 JavaThread "jar transforms Thread 99" [_thread_blocked, id=7636, stack(0x0000000023e60000,0x0000000023f60000)]
  0x0000000021a83800 JavaThread "jar transforms Thread 98" [_thread_blocked, id=14232, stack(0x0000000023d60000,0x0000000023e60000)]
  0x0000000021a82000 JavaThread "jar transforms Thread 97" [_thread_blocked, id=8216, stack(0x0000000023c60000,0x0000000023d60000)]
  0x0000000021a82800 JavaThread "jar transforms Thread 96" [_thread_blocked, id=7556, stack(0x0000000023a60000,0x0000000023b60000)]
  0x0000000021a7f800 JavaThread "jar transforms Thread 95" [_thread_blocked, id=11904, stack(0x0000000023960000,0x0000000023a60000)]
  0x0000000021a85000 JavaThread "Build operations Thread 8" [_thread_blocked, id=4292, stack(0x0000000023860000,0x0000000023960000)]
  0x000000001f5b4000 JavaThread "Build operations Thread 7" [_thread_blocked, id=10568, stack(0x0000000023760000,0x0000000023860000)]
  0x000000001f5b3000 JavaThread "Build operations Thread 6" [_thread_blocked, id=11192, stack(0x0000000023660000,0x0000000023760000)]
  0x000000001f5b2800 JavaThread "Build operations Thread 5" [_thread_blocked, id=6768, stack(0x0000000023560000,0x0000000023660000)]
  0x000000001f5b0000 JavaThread "Build operations Thread 4" [_thread_blocked, id=14296, stack(0x0000000023460000,0x0000000023560000)]
  0x000000001f5af800 JavaThread "Build operations Thread 3" [_thread_blocked, id=4904, stack(0x0000000023360000,0x0000000023460000)]
  0x000000001f5b1000 JavaThread "Build operations Thread 2" [_thread_blocked, id=5232, stack(0x0000000022b60000,0x0000000022c60000)]
  0x000000001f5ae000 JavaThread "Build operations" [_thread_blocked, id=5476, stack(0x00000000220c0000,0x00000000221c0000)]
  0x000000001f5ad000 JavaThread "Cache worker for cache directory md-rule (C:\Users\Dilanka Nirmal\.gradle\caches\6.5\md-rule)" [_thread_blocked, id=6856, stack(0x0000000021fc0000,0x00000000220c0000)]
  0x000000001f5b1800 JavaThread "Cache worker for cache directory md-supplier (C:\Users\Dilanka Nirmal\.gradle\caches\6.5\md-supplier)" [_thread_blocked, id=7332, stack(0x0000000020e60000,0x0000000020f60000)]
  0x000000001f5ae800 JavaThread "Cache worker for checksums cache (C:\Users\Dilanka Nirmal\AndroidStudioProjects\QualityReads\.gradle\checksums)" [_thread_blocked, id=13472, stack(0x0000000020b60000,0x0000000020c60000)]
  0x000000001f5a5800 JavaThread "Cache worker for file hash cache (C:\Users\Dilanka Nirmal\AndroidStudioProjects\QualityReads\.gradle\6.5\fileHashes)" [_thread_blocked, id=1744, stack(0x000000001e1c0000,0x000000001e2c0000)]
  0x000000001f5ac800 JavaThread "Thread-176" [_thread_blocked, id=5228, stack(0x000000001e0c0000,0x000000001e1c0000)]
  0x000000001f5a5000 JavaThread "Stdin handler" [_thread_blocked, id=11024, stack(0x000000001dfc0000,0x000000001e0c0000)]
  0x000000001f5ab800 JavaThread "Asynchronous log dispatcher for DefaultDaemonConnection: socket connection from /127.0.0.1:61291 to /127.0.0.1:61344" [_thread_blocked, id=1600, stack(0x000000001dcc0000,0x000000001ddc0000)]
  0x000000001f5aa000 JavaThread "Daemon worker Thread 2" [_thread_blocked, id=14512, stack(0x000000001dbc0000,0x000000001dcc0000)]
  0x000000001f5ab000 JavaThread "Cancel handler" [_thread_blocked, id=3884, stack(0x0000000000fc0000,0x00000000010c0000)]
  0x000000001f5a9800 JavaThread "Handler for socket connection from /127.0.0.1:61291 to /127.0.0.1:61344" [_thread_in_native, id=15328, stack(0x0000000000ec0000,0x0000000000fc0000)]
  0x000000001f5a7000 JavaThread "Daemon Thread 2" [_thread_blocked, id=9476, stack(0x0000000000dc0000,0x0000000000ec0000)]
  0x000000002c8a5000 JavaThread "Cache worker for Java compile cache (C:\Users\Dilanka Nirmal\.gradle\caches\6.5\javaCompile)" [_thread_blocked, id=4376, stack(0x0000000030460000,0x0000000030560000)]
  0x000000002a7a0000 JavaThread "MarlinRenderer Disposer" daemon [_thread_blocked, id=11768, stack(0x000000002eb50000,0x000000002ec50000)]
  0x000000002a79b800 JavaThread "Java2D Disposer" daemon [_thread_blocked, id=2620, stack(0x000000002ec60000,0x000000002ed60000)]
  0x0000000021a84000 JavaThread "Memory manager" [_thread_blocked, id=8976, stack(0x000000002b330000,0x000000002b430000)]
  0x000000001c6b6800 JavaThread "Cache worker for file content cache (C:\Users\Dilanka Nirmal\.gradle\caches\6.5\fileContent)" [_thread_blocked, id=9232, stack(0x0000000022c60000,0x0000000022d60000)]
  0x000000001c6b7000 JavaThread "Cache worker for execution history cache (C:\Users\Dilanka Nirmal\.gradle\caches\6.5\executionHistory)" [_thread_blocked, id=5312, stack(0x00000000221c0000,0x00000000222c0000)]
  0x000000001c6b8000 JavaThread "Cache worker for file hash cache (C:\Users\Dilanka Nirmal\.gradle\caches\6.5\fileHashes)" [_thread_blocked, id=6200, stack(0x000000001e8c0000,0x000000001e9c0000)]
  0x000000001c6bb800 JavaThread "File lock request listener" [_thread_in_native, id=9472, stack(0x000000001e7c0000,0x000000001e8c0000)]
  0x000000001c6f3800 JavaThread "Cache worker for journal cache (C:\Users\Dilanka Nirmal\.gradle\caches\journal-1)" [_thread_blocked, id=14788, stack(0x000000001e6c0000,0x000000001e7c0000)]
  0x000000001b4bd000 JavaThread "Daemon periodic checks" [_thread_blocked, id=12708, stack(0x000000001dac0000,0x000000001dbc0000)]
  0x000000001bd3a000 JavaThread "Incoming local TCP Connector on port 61291" [_thread_in_native, id=12596, stack(0x000000001d880000,0x000000001d980000)]
  0x000000001c32c800 JavaThread "Daemon health stats" [_thread_blocked, id=12552, stack(0x000000001d240000,0x000000001d340000)]
  0x0000000019a68800 JavaThread "Service Thread" daemon [_thread_blocked, id=11784, stack(0x000000001a6a0000,0x000000001a7a0000)]
  0x00000000199dc000 JavaThread "C1 CompilerThread3" daemon [_thread_blocked, id=10192, stack(0x000000001a5a0000,0x000000001a6a0000)]
  0x0000000017bdd800 JavaThread "C2 CompilerThread2" daemon [_thread_in_native, id=6912, stack(0x000000001a4a0000,0x000000001a5a0000)]
=>0x0000000017bdb800 JavaThread "C2 CompilerThread1" daemon [_thread_in_native, id=10800, stack(0x000000001a3a0000,0x000000001a4a0000)]
  0x00000000199d6800 JavaThread "C2 CompilerThread0" daemon [_thread_in_native, id=8604, stack(0x000000001a2a0000,0x000000001a3a0000)]
  0x00000000199d5000 JavaThread "Attach Listener" daemon [_thread_blocked, id=13224, stack(0x000000001a1a0000,0x000000001a2a0000)]
  0x00000000199d4000 JavaThread "Signal Dispatcher" daemon [_thread_blocked, id=14520, stack(0x000000001a0a0000,0x000000001a1a0000)]
  0x0000000002a7e000 JavaThread "Finalizer" daemon [_thread_blocked, id=7488, stack(0x0000000019ea0000,0x0000000019fa0000)]
  0x0000000017bcc000 JavaThread "Reference Handler" daemon [_thread_blocked, id=9628, stack(0x0000000019da0000,0x0000000019ea0000)]
  0x0000000002b5e800 JavaThread "main" [_thread_blocked, id=10772, stack(0x0000000002860000,0x0000000002960000)]

Other Threads:
  0x0000000017bc8000 VMThread [stack: 0x00000000198a0000,0x00000000199a0000] [id=2920]
  0x0000000019a69800 WatcherThread [stack: 0x000000001a7a0000,0x000000001a8a0000] [id=2748]

VM state:not at safepoint (normal execution)

VM Mutex/Monitor currently owned by a thread: None

heap address: 0x0000000080000000, size: 2048 MB, Compressed Oops mode: 32-bit
Narrow klass base: 0x0000000000000000, Narrow klass shift: 3
Compressed class space size: 1073741824 Address: 0x0000000100000000

Heap:
 PSYoungGen      total 380928K, used 224311K [0x00000000d5580000, 0x00000000f1e80000, 0x0000000100000000)
  eden space 313856K, 51% used [0x00000000d5580000,0x00000000df44e0f0,0x00000000e8800000)
  from space 67072K, 91% used [0x00000000ed200000,0x00000000f0e3fdc0,0x00000000f1380000)
  to   space 75776K, 0% used [0x00000000e8800000,0x00000000e8800000,0x00000000ed200000)
 ParOldGen       total 259072K, used 116248K [0x0000000080000000, 0x000000008fd00000, 0x00000000d5580000)
  object space 259072K, 44% used [0x0000000080000000,0x0000000087186180,0x000000008fd00000)
 Metaspace       used 95644K, capacity 100226K, committed 103064K, reserved 1138688K
  class space    used 12503K, capacity 13371K, committed 14256K, reserved 1048576K

Card table byte_map: [0x0000000011f20000,0x0000000012330000] byte_map_base: 0x0000000011b20000

Marking Bits: (ParMarkBitMap*) 0x000000006ed7f030
 Begin Bits: [0x0000000012de0000, 0x0000000014de0000)
 End Bits:   [0x0000000014de0000, 0x0000000016de0000)

Polling page: 0x0000000000cb0000

CodeCache: size=245760Kb used=46068Kb max_used=46080Kb free=199691Kb
 bounds [0x0000000002b60000, 0x00000000058c0000, 0x0000000011b60000]
 total_blobs=15445 nmethods=14458 adapters=898
 compilation: enabled

Compilation events (10 events):
Event: 119.142 Thread 0x00000000199dc000 18238 % !   3       com.android.ide.common.resources.DataMerger::mergeData @ 247 (611 bytes)
Event: 119.144 Thread 0x00000000199dc000 nmethod 18238% 0x0000000005875210 code [0x0000000005875740, 0x00000000058793e8]
Event: 119.160 Thread 0x00000000199dc000 18242   !   2       com.android.ide.common.resources.ResourceMerger::mergeItems (533 bytes)
Event: 119.160 Thread 0x0000000017bdd800 nmethod 18081 0x000000000589d710 code [0x000000000589dfc0, 0x00000000058a6670]
Event: 119.160 Thread 0x0000000017bdd800 18233       4       sun.nio.cs.UTF_8$Decoder::decodeArrayLoop (691 bytes)
Event: 119.162 Thread 0x00000000199dc000 nmethod 18242 0x0000000005899dd0 code [0x000000000589a200, 0x000000000589b428]
Event: 119.163 Thread 0x00000000199dc000 18243       2       com.android.ide.common.resources.ResourceMerger::getMergedItem (31 bytes)
Event: 119.163 Thread 0x00000000199dc000 nmethod 18243 0x00000000048229d0 code [0x0000000004822b40, 0x0000000004822d98]
Event: 119.163 Thread 0x00000000199dc000 18244       1       com.android.ide.common.resources.MergedResourceMergerItem::getQualifiers (5 bytes)
Event: 119.163 Thread 0x00000000199dc000 nmethod 18244 0x0000000003941d90 code [0x0000000003941ee0, 0x0000000003941ff0]

GC Heap History (10 events):
Event: 13.004 GC heap before
{Heap before GC invocations=20 (full 3):
 PSYoungGen      total 295424K, used 280570K [0x00000000d5580000, 0x00000000e9d00000, 0x0000000100000000)
  eden space 260608K, 100% used [0x00000000d5580000,0x00000000e5400000,0x00000000e5400000)
  from space 34816K, 57% used [0x00000000e7b00000,0x00000000e8e7ea08,0x00000000e9d00000)
  to   space 37376K, 0% used [0x00000000e5400000,0x00000000e5400000,0x00000000e7880000)
 ParOldGen       total 128512K, used 72676K [0x0000000080000000, 0x0000000087d80000, 0x00000000d5580000)
  object space 128512K, 56% used [0x0000000080000000,0x00000000846f9268,0x0000000087d80000)
 Metaspace       used 80634K, capacity 84458K, committed 84760K, reserved 1122304K
  class space    used 10755K, capacity 11459K, committed 11568K, reserved 1048576K
Event: 13.033 GC heap after
Heap after GC invocations=20 (full 3):
 PSYoungGen      total 297984K, used 37355K [0x00000000d5580000, 0x00000000ed100000, 0x0000000100000000)
  eden space 260608K, 0% used [0x00000000d5580000,0x00000000d5580000,0x00000000e5400000)
  from space 37376K, 99% used [0x00000000e5400000,0x00000000e787aca8,0x00000000e7880000)
  to   space 46080K, 0% used [0x00000000ea400000,0x00000000ea400000,0x00000000ed100000)
 ParOldGen       total 128512K, used 81404K [0x0000000080000000, 0x0000000087d80000, 0x00000000d5580000)
  object space 128512K, 63% used [0x0000000080000000,0x0000000084f7f230,0x0000000087d80000)
 Metaspace       used 80634K, capacity 84458K, committed 84760K, reserved 1122304K
  class space    used 10755K, capacity 11459K, committed 11568K, reserved 1048576K
}
Event: 14.293 GC heap before
{Heap before GC invocations=21 (full 3):
 PSYoungGen      total 297984K, used 297963K [0x00000000d5580000, 0x00000000ed100000, 0x0000000100000000)
  eden space 260608K, 100% used [0x00000000d5580000,0x00000000e5400000,0x00000000e5400000)
  from space 37376K, 99% used [0x00000000e5400000,0x00000000e787aca8,0x00000000e7880000)
  to   space 46080K, 0% used [0x00000000ea400000,0x00000000ea400000,0x00000000ed100000)
 ParOldGen       total 128512K, used 81404K [0x0000000080000000, 0x0000000087d80000, 0x00000000d5580000)
  object space 128512K, 63% used [0x0000000080000000,0x0000000084f7f230,0x0000000087d80000)
 Metaspace       used 91430K, capacity 97572K, committed 97816K, reserved 1132544K
  class space    used 12584K, capacity 13814K, committed 13872K, reserved 1048576K
Event: 14.342 GC heap after
Heap after GC invocations=21 (full 3):
 PSYoungGen      total 325120K, used 46065K [0x00000000d5580000, 0x00000000ef780000, 0x0000000100000000)
  eden space 279040K, 0% used [0x00000000d5580000,0x00000000d5580000,0x00000000e6600000)
  from space 46080K, 99% used [0x00000000ea400000,0x00000000ed0fc5a8,0x00000000ed100000)
  to   space 63488K, 0% used [0x00000000e6600000,0x00000000e6600000,0x00000000ea400000)
 ParOldGen       total 128512K, used 107961K [0x0000000080000000, 0x0000000087d80000, 0x00000000d5580000)
  object space 128512K, 84% used [0x0000000080000000,0x000000008696e6b0,0x0000000087d80000)
 Metaspace       used 91430K, capacity 97572K, committed 97816K, reserved 1132544K
  class space    used 12584K, capacity 13814K, committed 13872K, reserved 1048576K
}
Event: 14.342 GC heap before
{Heap before GC invocations=22 (full 4):
 PSYoungGen      total 325120K, used 46065K [0x00000000d5580000, 0x00000000ef780000, 0x0000000100000000)
  eden space 279040K, 0% used [0x00000000d5580000,0x00000000d5580000,0x00000000e6600000)
  from space 46080K, 99% used [0x00000000ea400000,0x00000000ed0fc5a8,0x00000000ed100000)
  to   space 63488K, 0% used [0x00000000e6600000,0x00000000e6600000,0x00000000ea400000)
 ParOldGen       total 128512K, used 107961K [0x0000000080000000, 0x0000000087d80000, 0x00000000d5580000)
  object space 128512K, 84% used [0x0000000080000000,0x000000008696e6b0,0x0000000087d80000)
 Metaspace       used 91430K, capacity 97572K, committed 97816K, reserved 1132544K
  class space    used 12584K, capacity 13814K, committed 13872K, reserved 1048576K
Event: 14.562 GC heap after
Heap after GC invocations=22 (full 4):
 PSYoungGen      total 325120K, used 0K [0x00000000d5580000, 0x00000000ef780000, 0x0000000100000000)
  eden space 279040K, 0% used [0x00000000d5580000,0x00000000d5580000,0x00000000e6600000)
  from space 46080K, 0% used [0x00000000ea400000,0x00000000ea400000,0x00000000ed100000)
  to   space 63488K, 0% used [0x00000000e6600000,0x00000000e6600000,0x00000000ea400000)
 ParOldGen       total 259072K, used 116232K [0x0000000080000000, 0x000000008fd00000, 0x00000000d5580000)
  object space 259072K, 44% used [0x0000000080000000,0x0000000087182180,0x000000008fd00000)
 Metaspace       used 90065K, capacity 94450K, committed 97816K, reserved 1132544K
  class space    used 12094K, capacity 12935K, committed 13872K, reserved 1048576K
}
Event: 16.119 GC heap before
{Heap before GC invocations=23 (full 4):
 PSYoungGen      total 325120K, used 277415K [0x00000000d5580000, 0x00000000ef780000, 0x0000000100000000)
  eden space 279040K, 99% used [0x00000000d5580000,0x00000000e6469ff0,0x00000000e6600000)
  from space 46080K, 0% used [0x00000000ea400000,0x00000000ea400000,0x00000000ed100000)
  to   space 63488K, 0% used [0x00000000e6600000,0x00000000e6600000,0x00000000ea400000)
 ParOldGen       total 259072K, used 116232K [0x0000000080000000, 0x000000008fd00000, 0x00000000d5580000)
  object space 259072K, 44% used [0x0000000080000000,0x0000000087182180,0x000000008fd00000)
 Metaspace       used 91247K, capacity 95674K, committed 98712K, reserved 1134592K
  class space    used 12210K, capacity 13053K, committed 14000K, reserved 1048576K
Event: 16.148 GC heap after
Heap after GC invocations=23 (full 4):
 PSYoungGen      total 342528K, used 44058K [0x00000000d5580000, 0x00000000f1380000, 0x0000000100000000)
  eden space 279040K, 0% used [0x00000000d5580000,0x00000000d5580000,0x00000000e6600000)
  from space 63488K, 69% used [0x00000000e6600000,0x00000000e9106a10,0x00000000ea400000)
  to   space 67072K, 0% used [0x00000000ed200000,0x00000000ed200000,0x00000000f1380000)
 ParOldGen       total 259072K, used 116240K [0x0000000080000000, 0x000000008fd00000, 0x00000000d5580000)
  object space 259072K, 44% used [0x0000000080000000,0x0000000087184180,0x000000008fd00000)
 Metaspace       used 91247K, capacity 95674K, committed 98712K, reserved 1134592K
  class space    used 12210K, capacity 13053K, committed 14000K, reserved 1048576K
}
Event: 25.764 GC heap before
{Heap before GC invocations=24 (full 4):
 PSYoungGen      total 342528K, used 323098K [0x00000000d5580000, 0x00000000f1380000, 0x0000000100000000)
  eden space 279040K, 100% used [0x00000000d5580000,0x00000000e6600000,0x00000000e6600000)
  from space 63488K, 69% used [0x00000000e6600000,0x00000000e9106a10,0x00000000ea400000)
  to   space 67072K, 0% used [0x00000000ed200000,0x00000000ed200000,0x00000000f1380000)
 ParOldGen       total 259072K, used 116240K [0x0000000080000000, 0x000000008fd00000, 0x00000000d5580000)
  object space 259072K, 44% used [0x0000000080000000,0x0000000087184180,0x000000008fd00000)
 Metaspace       used 95162K, capacity 99772K, committed 102552K, reserved 1138688K
  class space    used 12484K, capacity 13350K, committed 14256K, reserved 1048576K
Event: 25.798 GC heap after
Heap after GC invocations=24 (full 4):
 PSYoungGen      total 380928K, used 61695K [0x00000000d5580000, 0x00000000f1e80000, 0x0000000100000000)
  eden space 313856K, 0% used [0x00000000d5580000,0x00000000d5580000,0x00000000e8800000)
  from space 67072K, 91% used [0x00000000ed200000,0x00000000f0e3fdc0,0x00000000f1380000)
  to   space 75776K, 0% used [0x00000000e8800000,0x00000000e8800000,0x00000000ed200000)
 ParOldGen       total 259072K, used 116248K [0x0000000080000000, 0x000000008fd00000, 0x00000000d5580000)
  object space 259072K, 44% used [0x0000000080000000,0x0000000087186180,0x000000008fd00000)
 Metaspace       used 95162K, capacity 99772K, committed 102552K, reserved 1138688K
  class space    used 12484K, capacity 13350K, committed 14256K, reserved 1048576K
}

Deoptimization events (10 events):
Event: 119.088 Thread 0x000000001fe53800 Uncommon trap: reason=bimorphic action=maybe_recompile pc=0x0000000003b013b8 method=com.sun.org.apache.xerces.internal.dom.ElementImpl.getAttributes()Lorg/w3c/dom/NamedNodeMap; @ 8
Event: 119.088 Thread 0x000000001fe53800 Uncommon trap: reason=bimorphic action=maybe_recompile pc=0x0000000003b013b8 method=com.sun.org.apache.xerces.internal.dom.ElementImpl.getAttributes()Lorg/w3c/dom/NamedNodeMap; @ 8
Event: 119.088 Thread 0x000000001fe53800 Uncommon trap: reason=bimorphic action=maybe_recompile pc=0x0000000003b013b8 method=com.sun.org.apache.xerces.internal.dom.ElementImpl.getAttributes()Lorg/w3c/dom/NamedNodeMap; @ 8
Event: 119.088 Thread 0x000000001fe53800 Uncommon trap: reason=bimorphic action=maybe_recompile pc=0x0000000003b013b8 method=com.sun.org.apache.xerces.internal.dom.ElementImpl.getAttributes()Lorg/w3c/dom/NamedNodeMap; @ 8
Event: 119.088 Thread 0x000000001fe53800 Uncommon trap: reason=speculate_class_check action=maybe_recompile pc=0x000000000462d738 method=java.util.stream.AbstractPipeline.evaluate(Ljava/util/Spliterator;ZLjava/util/function/IntFunction;)Ljava/util/stream/Node; @ 23
Event: 119.088 Thread 0x000000001fe53800 Uncommon trap: reason=speculate_class_check action=maybe_recompile pc=0x000000000462d738 method=java.util.stream.AbstractPipeline.evaluate(Ljava/util/Spliterator;ZLjava/util/function/IntFunction;)Ljava/util/stream/Node; @ 23
Event: 119.088 Thread 0x000000001fe53800 Uncommon trap: reason=speculate_class_check action=maybe_recompile pc=0x000000000462d738 method=java.util.stream.AbstractPipeline.evaluate(Ljava/util/Spliterator;ZLjava/util/function/IntFunction;)Ljava/util/stream/Node; @ 23
Event: 119.088 Thread 0x000000001fe53800 Uncommon trap: reason=speculate_class_check action=maybe_recompile pc=0x000000000462d738 method=java.util.stream.AbstractPipeline.evaluate(Ljava/util/Spliterator;ZLjava/util/function/IntFunction;)Ljava/util/stream/Node; @ 23
Event: 119.088 Thread 0x000000001fe53800 Uncommon trap: reason=speculate_class_check action=maybe_recompile pc=0x00000000046269c0 method=java.util.stream.AbstractPipeline.evaluate(Ljava/util/Spliterator;ZLjava/util/function/IntFunction;)Ljava/util/stream/Node; @ 23
Event: 119.088 Thread 0x000000001fe53800 Uncommon trap: reason=speculate_class_check action=maybe_recompile pc=0x00000000046269c0 method=java.util.stream.AbstractPipeline.evaluate(Ljava/util/Spliterator;ZLjava/util/function/IntFunction;)Ljava/util/stream/Node; @ 23

Classes redefined (0 events):
No events

Internal exceptions (10 events):
Event: 25.485 Thread 0x000000002a79b000 Exception <a 'sun/nio/fs/WindowsException'> (0x00000000e2701248) thrown at [C:\src\AOSP-openjdk-git\hotspot\src\share\vm\prims\jni.cpp, line 710]
Event: 25.485 Thread 0x000000002a79b000 Exception <a 'sun/nio/fs/WindowsException'> (0x00000000e2701fa8) thrown at [C:\src\AOSP-openjdk-git\hotspot\src\share\vm\prims\jni.cpp, line 710]
Event: 25.599 Thread 0x000000002a79b000 Exception <a 'sun/nio/fs/WindowsException'> (0x00000000e381f358) thrown at [C:\src\AOSP-openjdk-git\hotspot\src\share\vm\prims\jni.cpp, line 710]
Event: 25.600 Thread 0x000000002a79b000 Exception <a 'sun/nio/fs/WindowsException'> (0x00000000e3820098) thrown at [C:\src\AOSP-openjdk-git\hotspot\src\share\vm\prims\jni.cpp, line 710]
Event: 25.897 Thread 0x0000000021eff000 Implicit null exception at 0x00000000048af8c4 to 0x00000000048b0311
Event: 25.927 Thread 0x000000002a79b000 Implicit null exception at 0x00000000037eb6fe to 0x00000000037ebb81
Event: 25.927 Thread 0x000000002a79b000 Implicit null exception at 0x000000000352c68f to 0x000000000352c941
Event: 118.581 Thread 0x000000001f5aa000 Exception <a 'sun/nio/fs/WindowsException'> (0x00000000da09d828) thrown at [C:\src\AOSP-openjdk-git\hotspot\src\share\vm\prims\jni.cpp, line 710]
Event: 118.668 Thread 0x000000001f5aa000 Exception <a 'sun/nio/fs/WindowsException'> (0x00000000da5e6620) thrown at [C:\src\AOSP-openjdk-git\hotspot\src\share\vm\prims\jni.cpp, line 710]
Event: 119.050 Thread 0x000000001fe53800 Implicit null exception at 0x0000000003adedde to 0x0000000003adef61

Events (10 events):
Event: 119.116 Executing VM operation: RevokeBias
Event: 119.117 Executing VM operation: RevokeBias done
Event: 119.117 loading class com/android/ide/common/resources/ResourceSet$1
Event: 119.117 loading class com/android/ide/common/resources/ResourceSet$1 done
Event: 119.122 Executing VM operation: RevokeBias
Event: 119.122 Executing VM operation: RevokeBias done
Event: 119.126 Thread 0x000000001fe53800 DEOPT PACKING pc=0x00000000058445db sp=0x000000002d76b200
Event: 119.126 Thread 0x000000001fe53800 DEOPT UNPACKING pc=0x0000000002ba75d0 sp=0x000000002d76b000 mode 0
Event: 119.127 Thread 0x000000001fe53800 DEOPT PACKING pc=0x0000000002cf2b69 sp=0x000000002d76b760
Event: 119.127 Thread 0x000000001fe53800 DEOPT UNPACKING pc=0x0000000002ba75d0 sp=0x000000002d76b458 mode 0


Dynamic libraries:
0x00007ff65c9a0000 - 0x00007ff65c9d1000 	C:\Program Files\Android\Android Studio\jre\bin\java.exe
0x00007ff992f10000 - 0x00007ff993105000 	C:\WINDOWS\SYSTEM32\ntdll.dll
0x00007ff992730000 - 0x00007ff9927ed000 	C:\WINDOWS\System32\KERNEL32.DLL
0x00007ff990c50000 - 0x00007ff990f18000 	C:\WINDOWS\System32\KERNELBASE.dll
0x00007ff991be0000 - 0x00007ff991c8c000 	C:\WINDOWS\System32\ADVAPI32.dll
0x00007ff9925c0000 - 0x00007ff99265e000 	C:\WINDOWS\System32\msvcrt.dll
0x00007ff992490000 - 0x00007ff99252b000 	C:\WINDOWS\System32\sechost.dll
0x00007ff991860000 - 0x00007ff99198b000 	C:\WINDOWS\System32\RPCRT4.dll
0x00007ff992c20000 - 0x00007ff992dc0000 	C:\WINDOWS\System32\USER32.dll
0x00007ff990990000 - 0x00007ff9909b2000 	C:\WINDOWS\System32\win32u.dll
0x00007ff9916e0000 - 0x00007ff99170a000 	C:\WINDOWS\System32\GDI32.dll
0x00007ff990b40000 - 0x00007ff990c4b000 	C:\WINDOWS\System32\gdi32full.dll
0x00007ff990aa0000 - 0x00007ff990b3d000 	C:\WINDOWS\System32\msvcp_win.dll
0x00007ff990650000 - 0x00007ff990750000 	C:\WINDOWS\System32\ucrtbase.dll
0x00007ff9821b0000 - 0x00007ff98244a000 	C:\WINDOWS\WinSxS\amd64_microsoft.windows.common-controls_6595b64144ccf1df_6.0.19041.844_none_ca00b6081b84eb1d\COMCTL32.dll
0x00007ff991710000 - 0x00007ff991740000 	C:\WINDOWS\System32\IMM32.DLL
0x000000006d9c0000 - 0x000000006da92000 	C:\Program Files\Android\Android Studio\jre\jre\bin\msvcr100.dll
0x000000006e5b0000 - 0x000000006edfb000 	C:\Program Files\Android\Android Studio\jre\jre\bin\server\jvm.dll
0x00007ff9925b0000 - 0x00007ff9925b8000 	C:\WINDOWS\System32\PSAPI.DLL
0x00007ff98af10000 - 0x00007ff98af1a000 	C:\WINDOWS\SYSTEM32\VERSION.dll
0x00007ff978840000 - 0x00007ff978849000 	C:\WINDOWS\SYSTEM32\WSOCK32.dll
0x00007ff982610000 - 0x00007ff982637000 	C:\WINDOWS\SYSTEM32\WINMM.dll
0x00007ff992850000 - 0x00007ff9928bb000 	C:\WINDOWS\System32\WS2_32.dll
0x00007ff96d960000 - 0x00007ff96d96f000 	C:\Program Files\Android\Android Studio\jre\jre\bin\verify.dll
0x00007ff95b320000 - 0x00007ff95b349000 	C:\Program Files\Android\Android Studio\jre\jre\bin\java.dll
0x00007ff9656d0000 - 0x00007ff9656e6000 	C:\Program Files\Android\Android Studio\jre\jre\bin\zip.dll
0x00007ff991c90000 - 0x00007ff9923d2000 	C:\WINDOWS\System32\SHELL32.dll
0x00007ff98e790000 - 0x00007ff98ef21000 	C:\WINDOWS\SYSTEM32\windows.storage.dll
0x00007ff9928c0000 - 0x00007ff992c15000 	C:\WINDOWS\System32\combase.dll
0x00007ff9900c0000 - 0x00007ff9900ec000 	C:\WINDOWS\SYSTEM32\Wldp.dll
0x00007ff992dc0000 - 0x00007ff992e6e000 	C:\WINDOWS\System32\SHCORE.dll
0x00007ff991680000 - 0x00007ff9916d5000 	C:\WINDOWS\System32\shlwapi.dll
0x00007ff990590000 - 0x00007ff9905af000 	C:\WINDOWS\SYSTEM32\profapi.dll
0x00007ff963820000 - 0x00007ff96383a000 	C:\Program Files\Android\Android Studio\jre\jre\bin\net.dll
0x00007ff98fe30000 - 0x00007ff98fe9a000 	C:\WINDOWS\system32\mswsock.dll
0x00007ff95a760000 - 0x00007ff95a773000 	C:\Program Files\Android\Android Studio\jre\jre\bin\nio.dll
0x00007ff979c00000 - 0x00007ff979c27000 	C:\Users\Dilanka Nirmal\.gradle\native\f6784746aeab05261644944871eae4fe03e0ef1612fff0a4a95f87b438bc6780\windows-amd64\native-platform.dll
0x00007ff96d790000 - 0x00007ff96d79d000 	C:\Program Files\Android\Android Studio\jre\jre\bin\management.dll
0x00007ff990000000 - 0x00007ff990018000 	C:\WINDOWS\SYSTEM32\CRYPTSP.dll
0x00007ff98f760000 - 0x00007ff98f794000 	C:\WINDOWS\system32\rsaenh.dll
0x00007ff990800000 - 0x00007ff990827000 	C:\WINDOWS\System32\bcrypt.dll
0x00007ff990550000 - 0x00007ff99057e000 	C:\WINDOWS\SYSTEM32\USERENV.dll
0x00007ff990a20000 - 0x00007ff990aa0000 	C:\WINDOWS\System32\bcryptprimitives.dll
0x00007ff990020000 - 0x00007ff99002c000 	C:\WINDOWS\SYSTEM32\CRYPTBASE.dll
0x00007ff98fad0000 - 0x00007ff98fb0b000 	C:\WINDOWS\SYSTEM32\IPHLPAPI.DLL
0x00007ff991990000 - 0x00007ff991998000 	C:\WINDOWS\System32\NSI.dll
0x00007ff98a270000 - 0x00007ff98a287000 	C:\WINDOWS\SYSTEM32\dhcpcsvc6.DLL
0x00007ff98a320000 - 0x00007ff98a33d000 	C:\WINDOWS\SYSTEM32\dhcpcsvc.DLL
0x00007ff98fb20000 - 0x00007ff98fbec000 	C:\WINDOWS\SYSTEM32\DNSAPI.dll
0x00007ff98a680000 - 0x00007ff98a68b000 	C:\WINDOWS\SYSTEM32\WINNSI.DLL
0x00007ff93c3b0000 - 0x00007ff93c54c000 	C:\Program Files\Android\Android Studio\jre\jre\bin\awt.dll
0x00007ff992660000 - 0x00007ff99272d000 	C:\WINDOWS\System32\OLEAUT32.dll
0x00007ff98e2a0000 - 0x00007ff98e2cf000 	C:\WINDOWS\SYSTEM32\dwmapi.dll
0x00007ff98c770000 - 0x00007ff98cd30000 	C:\WINDOWS\SYSTEM32\d2d1.dll
0x00007ff98df00000 - 0x00007ff98df90000 	C:\WINDOWS\SYSTEM32\apphelp.dll
0x00007ff98dff0000 - 0x00007ff98e08e000 	C:\WINDOWS\system32\uxtheme.dll

VM Arguments:
jvm_args: -Xmx2048m -Dfile.encoding=UTF-8 -Duser.country=US -Duser.language=en -Duser.variant 
java_command: org.gradle.launcher.daemon.bootstrap.GradleDaemon 6.5
java_class_path (initial): C:\Users\Dilanka Nirmal\.gradle\wrapper\dists\gradle-6.5-bin\6nifqtx7604sqp1q6g8wikw7p\gradle-6.5\lib\gradle-launcher-6.5.jar
Launcher Type: SUN_STANDARD

Environment Variables:
PATH=C:\Program Files (x86)\Common Files\Oracle\Java\javapath;C:\Windows\system32;C:\Windows;C:\Windows\System32\Wbem;C:\Windows\System32\WindowsPowerShell\v1.0\;C:\Windows\System32\OpenSSH\;C:\Program Files (x86)\NVIDIA Corporation\PhysX\Common;C:\Program Files\NVIDIA Corporation\NVIDIA NvDLISR;C:\Program Files\Java\jdk1.8.0_251\bin;C:\Program Files\nodejs\;C:\Program Files\Git\cmd;C:\WINDOWS\system32;C:\WINDOWS;C:\WINDOWS\System32\Wbem;C:\WINDOWS\System32\WindowsPowerShell\v1.0\;C:\WINDOWS\System32\OpenSSH\;C:\Users\Dilanka Nirmal\AppData\Local\Microsoft\WindowsApps;;C:\Users\Dilanka Nirmal\AppData\Local\Programs\Microsoft VS Code\bin;C:\Users\Dilanka Nirmal\AppData\Roaming\npm
USERNAME=Dilanka Nirmal
OS=Windows_NT
PROCESSOR_IDENTIFIER=Intel64 Family 6 Model 158 Stepping 13, GenuineIntel



---------------  S Y S T E M  ---------------

OS: Windows 10.0 , 64 bit Build 19041 (10.0.19041.928)

CPU:total 8 (initial active 8) (4 cores per cpu, 2 threads per core) family 6 model 158 stepping 13, cmov, cx8, fxsr, mmx, sse, sse2, sse3, ssse3, sse4.1, sse4.2, popcnt, avx, avx2, aes, clmul, erms, 3dnowpref, lzcnt, ht, tsc, tscinvbit, bmi1, bmi2, adx

Memory: 4k page, physical 8228964k(2935708k free), swap 33394788k(5740k free)

vm_info: OpenJDK 64-Bit Server VM (25.242-b01) for windows-amd64 JRE (1.8.0_242-release-1644-b01), built by "builder" with MS VC++ 10.0 (VS2010)

time: Tue Apr 27 11:02:16 2021
timezone: Sri Lanka Standard Time
elapsed time: 119 seconds (0d 0h 1m 59s)

