#
# There is insufficient memory for the Java Runtime Environment to continue.
# Native memory allocation (malloc) failed to allocate 1908336 bytes for Chunk::new
# Possible reasons:
#   The system is out of physical RAM or swap space
#   The process is running with CompressedOops enabled, and the Java Heap may be blocking the growth of the native heap
# Possible solutions:
#   Reduce memory load on the system
#   Increase physical memory or swap space
#   Check if swap backing store is full
#   Decrease Java heap size (-Xmx/-Xms)
#   Decrease number of Java threads
#   Decrease Java thread stack sizes (-Xss)
#   Set larger code cache with -XX:ReservedCodeCacheSize=
#   JVM is running with Unscaled Compressed Oops mode in which the Java heap is
#     placed in the first 4GB address space. The Java Heap base address is the
#     maximum limit for the native heap growth. Please use -XX:HeapBaseMinAddress
#     to set the Java Heap base and to place the Java Heap above 4GB virtual address.
# This output file may be truncated or incomplete.
#
#  Out of Memory Error (allocation.cpp:389), pid=8484, tid=0x0000000000001e68
#
# JRE version: OpenJDK Runtime Environment (8.0_242-b01) (build 1.8.0_242-release-1644-b01)
# Java VM: OpenJDK 64-Bit Server VM (25.242-b01 mixed mode windows-amd64 compressed oops)
# Failed to write core dump. Minidumps are not enabled by default on client versions of Windows
#

---------------  T H R E A D  ---------------

Current thread (0x0000000019c09000):  JavaThread "C2 CompilerThread2" daemon [_thread_in_native, id=7784, stack(0x000000001a6d0000,0x000000001a7d0000)]

Stack: [0x000000001a6d0000,0x000000001a7d0000]
[error occurred during error reporting (printing stack bounds), id 0xc0000005]

Native frames: (J=compiled Java code, j=interpreted, Vv=VM code, C=native code)


Current CompileTask:
C2:   3172 2566       4       groovy.lang.MetaClassImpl$1MOPIter::methodNameAction (325 bytes)


---------------  P R O C E S S  ---------------

Java Threads: ( => current thread )
  0x0000000022396000 JavaThread "jar transforms Thread 94" [_thread_blocked, id=5440, stack(0x000000002ab10000,0x000000002ac10000)]
  0x000000002239a800 JavaThread "jar transforms Thread 93" [_thread_blocked, id=15292, stack(0x000000002aa10000,0x000000002ab10000)]
  0x0000000022398800 JavaThread "jar transforms Thread 92" [_thread_blocked, id=1132, stack(0x000000002a910000,0x000000002aa10000)]
  0x0000000022395800 JavaThread "jar transforms Thread 91" [_thread_blocked, id=7568, stack(0x000000002a810000,0x000000002a910000)]
  0x0000000022397800 JavaThread "jar transforms Thread 90" [_thread_blocked, id=12868, stack(0x000000002a710000,0x000000002a810000)]
  0x000000002239a000 JavaThread "jar transforms Thread 89" [_thread_blocked, id=9784, stack(0x000000002a610000,0x000000002a710000)]
  0x0000000022394800 JavaThread "jar transforms Thread 88" [_thread_blocked, id=8552, stack(0x000000002a510000,0x000000002a610000)]
  0x0000000022399000 JavaThread "jar transforms Thread 87" [_thread_blocked, id=8868, stack(0x000000002a410000,0x000000002a510000)]
  0x000000002238d000 JavaThread "jar transforms Thread 86" [_thread_blocked, id=7956, stack(0x000000002a310000,0x000000002a410000)]
  0x0000000022394000 JavaThread "jar transforms Thread 85" [_thread_blocked, id=5452, stack(0x000000002a210000,0x000000002a310000)]
  0x000000002238c800 JavaThread "jar transforms Thread 84" [_thread_blocked, id=12944, stack(0x000000002a110000,0x000000002a210000)]
  0x0000000022393000 JavaThread "jar transforms Thread 83" [_thread_blocked, id=1500, stack(0x000000002a010000,0x000000002a110000)]
  0x000000002238b800 JavaThread "jar transforms Thread 82" [_thread_blocked, id=12176, stack(0x0000000029f10000,0x000000002a010000)]
  0x0000000022392800 JavaThread "jar transforms Thread 81" [_thread_blocked, id=15024, stack(0x0000000029e10000,0x0000000029f10000)]
  0x0000000022391800 JavaThread "jar transforms Thread 80" [_thread_blocked, id=8052, stack(0x0000000029d10000,0x0000000029e10000)]
  0x0000000022390000 JavaThread "jar transforms Thread 79" [_thread_blocked, id=5652, stack(0x0000000029c10000,0x0000000029d10000)]
  0x0000000022391000 JavaThread "jar transforms Thread 78" [_thread_blocked, id=6512, stack(0x0000000029b10000,0x0000000029c10000)]
  0x000000002238e000 JavaThread "jar transforms Thread 77" [_thread_blocked, id=8772, stack(0x0000000029a10000,0x0000000029b10000)]
  0x000000002238e800 JavaThread "jar transforms Thread 76" [_thread_blocked, id=3552, stack(0x0000000029910000,0x0000000029a10000)]
  0x000000002238f800 JavaThread "jar transforms Thread 75" [_thread_blocked, id=13280, stack(0x0000000029810000,0x0000000029910000)]
  0x0000000022559800 JavaThread "jar transforms Thread 74" [_thread_blocked, id=12576, stack(0x0000000029710000,0x0000000029810000)]
  0x000000002255b000 JavaThread "jar transforms Thread 73" [_thread_blocked, id=8160, stack(0x0000000029610000,0x0000000029710000)]
  0x0000000022557000 JavaThread "jar transforms Thread 72" [_thread_blocked, id=9772, stack(0x0000000029510000,0x0000000029610000)]
  0x0000000022555800 JavaThread "jar transforms Thread 71" [_thread_blocked, id=12532, stack(0x0000000029410000,0x0000000029510000)]
  0x000000002255c800 JavaThread "jar transforms Thread 70" [_thread_blocked, id=15012, stack(0x0000000029310000,0x0000000029410000)]
  0x0000000022556800 JavaThread "jar transforms Thread 69" [_thread_blocked, id=7868, stack(0x0000000029210000,0x0000000029310000)]
  0x0000000022558000 JavaThread "jar transforms Thread 68" [_thread_blocked, id=8924, stack(0x0000000029110000,0x0000000029210000)]
  0x0000000022558800 JavaThread "jar transforms Thread 67" [_thread_blocked, id=12660, stack(0x0000000029010000,0x0000000029110000)]
  0x000000002255b800 JavaThread "jar transforms Thread 66" [_thread_blocked, id=9120, stack(0x0000000028f10000,0x0000000029010000)]
  0x000000002255a000 JavaThread "jar transforms Thread 65" [_thread_blocked, id=6608, stack(0x0000000028e10000,0x0000000028f10000)]
  0x000000002254e000 JavaThread "jar transforms Thread 64" [_thread_blocked, id=15184, stack(0x0000000028d10000,0x0000000028e10000)]
  0x0000000022555000 JavaThread "jar transforms Thread 63" [_thread_blocked, id=9448, stack(0x0000000028c10000,0x0000000028d10000)]
  0x000000002254d800 JavaThread "jar transforms Thread 62" [_thread_blocked, id=2860, stack(0x0000000028b10000,0x0000000028c10000)]
  0x0000000022553800 JavaThread "jar transforms Thread 61" [_thread_blocked, id=13972, stack(0x0000000028a10000,0x0000000028b10000)]
  0x000000002254f800 JavaThread "jar transforms Thread 60" [_thread_blocked, id=11972, stack(0x0000000028910000,0x0000000028a10000)]
  0x000000002254f000 JavaThread "jar transforms Thread 59" [_thread_blocked, id=9488, stack(0x0000000028810000,0x0000000028910000)]
  0x0000000022552800 JavaThread "jar transforms Thread 58" [_thread_blocked, id=7028, stack(0x0000000028710000,0x0000000028810000)]
  0x0000000022552000 JavaThread "jar transforms Thread 57" [_thread_blocked, id=13992, stack(0x0000000028610000,0x0000000028710000)]
  0x0000000022550800 JavaThread "jar transforms Thread 56" [_thread_blocked, id=6452, stack(0x0000000028510000,0x0000000028610000)]
  0x0000000022551000 JavaThread "jar transforms Thread 55" [_thread_blocked, id=5284, stack(0x0000000028410000,0x0000000028510000)]
  0x0000000022554000 JavaThread "jar transforms Thread 54" [_thread_blocked, id=4156, stack(0x0000000028310000,0x0000000028410000)]
  0x0000000020313800 JavaThread "jar transforms Thread 53" [_thread_blocked, id=5196, stack(0x0000000028210000,0x0000000028310000)]
  0x0000000020312800 JavaThread "jar transforms Thread 52" [_thread_blocked, id=2188, stack(0x0000000028110000,0x0000000028210000)]
  0x0000000020312000 JavaThread "jar transforms Thread 51" [_thread_blocked, id=7952, stack(0x0000000028010000,0x0000000028110000)]
  0x0000000020314000 JavaThread "jar transforms Thread 50" [_thread_blocked, id=14856, stack(0x0000000027f10000,0x0000000028010000)]
  0x000000002030a800 JavaThread "jar transforms Thread 49" [_thread_blocked, id=3336, stack(0x0000000027e10000,0x0000000027f10000)]
  0x0000000020311000 JavaThread "jar transforms Thread 48" [_thread_blocked, id=6104, stack(0x0000000027d10000,0x0000000027e10000)]
  0x0000000020309800 JavaThread "jar transforms Thread 47" [_thread_blocked, id=13788, stack(0x0000000027c10000,0x0000000027d10000)]
  0x000000002030d800 JavaThread "jar transforms Thread 46" [_thread_blocked, id=10520, stack(0x0000000027b10000,0x0000000027c10000)]
  0x000000002030e000 JavaThread "jar transforms Thread 45" [_thread_blocked, id=5276, stack(0x0000000027a10000,0x0000000027b10000)]
  0x0000000020310800 JavaThread "jar transforms Thread 44" [_thread_blocked, id=13632, stack(0x0000000027910000,0x0000000027a10000)]
  0x000000002030f800 JavaThread "jar transforms Thread 43" [_thread_blocked, id=4716, stack(0x0000000027810000,0x0000000027910000)]
  0x000000002030f000 JavaThread "jar transforms Thread 42" [_thread_blocked, id=7428, stack(0x0000000027710000,0x0000000027810000)]
  0x000000002030c800 JavaThread "jar transforms Thread 41" [_thread_blocked, id=8764, stack(0x0000000027610000,0x0000000027710000)]
  0x0000000020305000 JavaThread "jar transforms Thread 40" [_thread_blocked, id=3596, stack(0x0000000027510000,0x0000000027610000)]
  0x0000000020308000 JavaThread "jar transforms Thread 39" [_thread_blocked, id=4908, stack(0x0000000027410000,0x0000000027510000)]
  0x0000000020307800 JavaThread "jar transforms Thread 38" [_thread_blocked, id=4996, stack(0x0000000027310000,0x0000000027410000)]
  0x0000000020306800 JavaThread "jar transforms Thread 37" [_thread_blocked, id=7308, stack(0x0000000027210000,0x0000000027310000)]
  0x0000000020309000 JavaThread "jar transforms Thread 36" [_thread_blocked, id=4724, stack(0x0000000027110000,0x0000000027210000)]
  0x000000002030b000 JavaThread "jar transforms Thread 35" [_thread_blocked, id=11820, stack(0x0000000027010000,0x0000000027110000)]
  0x000000002030c000 JavaThread "jar transforms Thread 34" [_thread_blocked, id=1344, stack(0x0000000026f10000,0x0000000027010000)]
  0x0000000020306000 JavaThread "jar transforms Thread 33" [_thread_blocked, id=2796, stack(0x0000000026e10000,0x0000000026f10000)]
  0x000000001cec0800 JavaThread "jar transforms Thread 32" [_thread_blocked, id=5072, stack(0x0000000026d10000,0x0000000026e10000)]
  0x000000001cec0000 JavaThread "jar transforms Thread 31" [_thread_blocked, id=10396, stack(0x0000000026c10000,0x0000000026d10000)]
  0x000000001cec2000 JavaThread "jar transforms Thread 30" [_thread_blocked, id=14584, stack(0x0000000026b10000,0x0000000026c10000)]
  0x000000001cec1800 JavaThread "jar transforms Thread 29" [_thread_blocked, id=8180, stack(0x0000000026a10000,0x0000000026b10000)]
  0x000000001cebf000 JavaThread "jar transforms Thread 28" [_thread_blocked, id=14528, stack(0x0000000026910000,0x0000000026a10000)]
  0x000000001cebe800 JavaThread "jar transforms Thread 27" [_thread_blocked, id=1608, stack(0x0000000026810000,0x0000000026910000)]
  0x000000001ceb7000 JavaThread "jar transforms Thread 26" [_thread_blocked, id=32, stack(0x0000000026710000,0x0000000026810000)]
  0x000000001cebd800 JavaThread "jar transforms Thread 25" [_thread_blocked, id=14756, stack(0x0000000026610000,0x0000000026710000)]
  0x000000001cebd000 JavaThread "jar transforms Thread 24" [_thread_blocked, id=528, stack(0x0000000026510000,0x0000000026610000)]
  0x000000001ceb6000 JavaThread "jar transforms Thread 23" [_thread_blocked, id=14440, stack(0x0000000026410000,0x0000000026510000)]
  0x000000001cebc000 JavaThread "jar transforms Thread 22" [_thread_blocked, id=3848, stack(0x0000000026310000,0x0000000026410000)]
  0x000000001cebb800 JavaThread "jar transforms Thread 21" [_thread_blocked, id=9516, stack(0x0000000026210000,0x0000000026310000)]
  0x000000001ceb5800 JavaThread "jar transforms Thread 20" [_thread_blocked, id=4944, stack(0x0000000026110000,0x0000000026210000)]
  0x000000001ceb4000 JavaThread "jar transforms Thread 19" [_thread_blocked, id=4248, stack(0x0000000026010000,0x0000000026110000)]
  0x000000001ceb4800 JavaThread "jar transforms Thread 18" [_thread_blocked, id=13928, stack(0x0000000025f10000,0x0000000026010000)]
  0x000000001ceb8800 JavaThread "jar transforms Thread 17" [_thread_blocked, id=12672, stack(0x0000000025e10000,0x0000000025f10000)]
  0x000000001ceba800 JavaThread "jar transforms Thread 16" [_thread_blocked, id=13888, stack(0x0000000025d10000,0x0000000025e10000)]
  0x000000001ceb3000 JavaThread "jar transforms Thread 15" [_thread_blocked, id=672, stack(0x0000000025c10000,0x0000000025d10000)]
  0x000000001ceba000 JavaThread "jar transforms Thread 14" [_thread_blocked, id=12280, stack(0x0000000025b10000,0x0000000025c10000)]
  0x000000001ceb9000 JavaThread "jar transforms Thread 13" [_thread_blocked, id=11832, stack(0x0000000025a10000,0x0000000025b10000)]
  0x000000001ceb7800 JavaThread "jar transforms Thread 12" [_thread_blocked, id=13244, stack(0x0000000025910000,0x0000000025a10000)]
  0x000000001ceed800 JavaThread "jar transforms Thread 11" [_thread_blocked, id=12400, stack(0x0000000025810000,0x0000000025910000)]
  0x000000001cee6000 JavaThread "jar transforms Thread 10" [_thread_blocked, id=4796, stack(0x0000000025710000,0x0000000025810000)]
  0x000000001ceed000 JavaThread "jar transforms Thread 9" [_thread_blocked, id=13828, stack(0x0000000025610000,0x0000000025710000)]
  0x000000001ceec000 JavaThread "jar transforms Thread 8" [_thread_blocked, id=10660, stack(0x0000000025510000,0x0000000025610000)]
  0x000000001ceea800 JavaThread "jar transforms Thread 7" [_thread_blocked, id=15032, stack(0x0000000025410000,0x0000000025510000)]
  0x000000001ceeb000 JavaThread "jar transforms Thread 6" [_thread_blocked, id=10772, stack(0x0000000025310000,0x0000000025410000)]
  0x000000001cee8000 JavaThread "jar transforms Thread 5" [_thread_blocked, id=5032, stack(0x0000000025210000,0x0000000025310000)]
  0x000000001cee9000 JavaThread "jar transforms Thread 4" [_thread_blocked, id=14432, stack(0x0000000025110000,0x0000000025210000)]
  0x000000001cee5000 JavaThread "jar transforms Thread 3" [_thread_blocked, id=3924, stack(0x0000000025010000,0x0000000025110000)]
  0x000000001cee9800 JavaThread "jar transforms Thread 2" [_thread_blocked, id=8520, stack(0x0000000024f10000,0x0000000025010000)]
  0x000000001cee7800 JavaThread "Build operations Thread 8" [_thread_blocked, id=13360, stack(0x0000000024d10000,0x0000000024e10000)]
  0x000000001cee0800 JavaThread "Build operations Thread 7" [_thread_blocked, id=11936, stack(0x0000000024c10000,0x0000000024d10000)]
  0x000000001cee0000 JavaThread "Build operations Thread 6" [_thread_blocked, id=9580, stack(0x0000000024b10000,0x0000000024c10000)]
  0x000000001cee1800 JavaThread "Build operations Thread 5" [_thread_blocked, id=1600, stack(0x0000000024a10000,0x0000000024b10000)]
  0x000000001cee6800 JavaThread "Build operations Thread 4" [_thread_blocked, id=4828, stack(0x0000000024910000,0x0000000024a10000)]
  0x000000001cede800 JavaThread "Build operations Thread 3" [_thread_blocked, id=2500, stack(0x0000000024810000,0x0000000024910000)]
  0x000000001cee4800 JavaThread "Build operations Thread 2" [_thread_blocked, id=11392, stack(0x0000000024710000,0x0000000024810000)]
  0x000000001cedf000 JavaThread "Build operations" [_thread_blocked, id=11180, stack(0x0000000024610000,0x0000000024710000)]
  0x000000001ca2b800 JavaThread "Cache worker for file content cache (C:\Users\Dilanka Nirmal\.gradle\caches\6.5\fileContent)" [_thread_blocked, id=12220, stack(0x0000000022f40000,0x0000000023040000)]
  0x000000001ca2e000 JavaThread "jar transforms" [_thread_blocked, id=14644, stack(0x0000000022e40000,0x0000000022f40000)]
  0x000000001ca2b000 JavaThread "Cache worker for execution history cache (C:\Users\Dilanka Nirmal\.gradle\caches\6.5\executionHistory)" [_thread_blocked, id=15236, stack(0x0000000022740000,0x0000000022840000)]
  0x000000001ca2a000 JavaThread "Cache worker for cache directory md-rule (C:\Users\Dilanka Nirmal\.gradle\caches\6.5\md-rule)" [_thread_blocked, id=10704, stack(0x0000000022640000,0x0000000022740000)]
  0x000000001ca29800 JavaThread "Cache worker for cache directory md-supplier (C:\Users\Dilanka Nirmal\.gradle\caches\6.5\md-supplier)" [_thread_blocked, id=7108, stack(0x0000000021490000,0x0000000021590000)]
  0x000000001ca2d000 JavaThread "Cache worker for checksums cache (C:\Users\Dilanka Nirmal\AndroidStudioProjects\QualityReads\.gradle\checksums)" [_thread_blocked, id=8308, stack(0x0000000020ed0000,0x0000000020fd0000)]
  0x000000001ca2f800 JavaThread "Cache worker for file hash cache (C:\Users\Dilanka Nirmal\AndroidStudioProjects\QualityReads\.gradle\6.5\fileHashes)" [_thread_blocked, id=1528, stack(0x000000001ebf0000,0x000000001ecf0000)]
  0x000000001ca2e800 JavaThread "Cache worker for file hash cache (C:\Users\Dilanka Nirmal\.gradle\caches\6.5\fileHashes)" [_thread_blocked, id=9828, stack(0x000000001eaf0000,0x000000001ebf0000)]
  0x000000001ca30000 JavaThread "File lock request listener" [_thread_in_native, id=10636, stack(0x000000001e9f0000,0x000000001eaf0000)]
  0x000000001c5c4800 JavaThread "Cache worker for journal cache (C:\Users\Dilanka Nirmal\.gradle\caches\journal-1)" [_thread_blocked, id=11716, stack(0x000000001e8f0000,0x000000001e9f0000)]
  0x000000001abd6800 JavaThread "Thread-9" [_thread_blocked, id=1256, stack(0x000000001e5f0000,0x000000001e6f0000)]
  0x000000001c64f800 JavaThread "Stdin handler" [_thread_blocked, id=8592, stack(0x000000001e4f0000,0x000000001e5f0000)]
  0x000000001b3d0000 JavaThread "Asynchronous log dispatcher for DefaultDaemonConnection: socket connection from /127.0.0.1:61577 to /127.0.0.1:61578" [_thread_blocked, id=10756, stack(0x000000001e3f0000,0x000000001e4f0000)]
  0x000000001c346800 JavaThread "Daemon worker" [_thread_in_native, id=4672, stack(0x000000001e2f0000,0x000000001e3f0000)]
  0x000000001c344000 JavaThread "Cancel handler" [_thread_blocked, id=14064, stack(0x000000001e1f0000,0x000000001e2f0000)]
  0x000000001c05e000 JavaThread "Handler for socket connection from /127.0.0.1:61577 to /127.0.0.1:61578" [_thread_in_native, id=6168, stack(0x000000001e0f0000,0x000000001e1f0000)]
  0x000000001c6df800 JavaThread "Daemon" [_thread_blocked, id=5504, stack(0x000000001ddf0000,0x000000001def0000)]
  0x000000001c16a800 JavaThread "Daemon periodic checks" [_thread_blocked, id=5848, stack(0x000000001dcf0000,0x000000001ddf0000)]
  0x000000001c2d4800 JavaThread "Incoming local TCP Connector on port 61577" [_thread_in_native, id=1504, stack(0x000000001dab0000,0x000000001dbb0000)]
  0x000000001c2ee000 JavaThread "Daemon health stats" [_thread_blocked, id=3020, stack(0x000000001d470000,0x000000001d570000)]
  0x0000000019c8e800 JavaThread "Service Thread" daemon [_thread_blocked, id=8532, stack(0x000000001a8d0000,0x000000001a9d0000)]
  0x0000000019c10800 JavaThread "C1 CompilerThread3" daemon [_thread_blocked, id=13048, stack(0x000000001a7d0000,0x000000001a8d0000)]
=>0x0000000019c09000 JavaThread "C2 CompilerThread2" daemon [_thread_in_native, id=7784, stack(0x000000001a6d0000,0x000000001a7d0000)]
  0x0000000017dfb800 JavaThread "C2 CompilerThread1" daemon [_thread_in_native, id=9044, stack(0x000000001a5d0000,0x000000001a6d0000)]
  0x0000000019c06800 JavaThread "C2 CompilerThread0" daemon [_thread_in_native, id=9768, stack(0x000000001a4d0000,0x000000001a5d0000)]
  0x0000000019c05000 JavaThread "Attach Listener" daemon [_thread_blocked, id=11840, stack(0x000000001a3d0000,0x000000001a4d0000)]
  0x0000000019c04000 JavaThread "Signal Dispatcher" daemon [_thread_blocked, id=6724, stack(0x000000001a2d0000,0x000000001a3d0000)]
  0x0000000002d7e000 JavaThread "Finalizer" daemon [_thread_blocked, id=13880, stack(0x000000001a0d0000,0x000000001a1d0000)]
  0x0000000017dec000 JavaThread "Reference Handler" daemon [_thread_blocked, id=11096, stack(0x0000000019fd0000,0x000000001a0d0000)]
  0x0000000002c7e800 JavaThread "main" [_thread_blocked, id=11856, stack(0x0000000002aa0000,0x0000000002ba0000)]

Other Threads:
  0x0000000017de8000 VMThread [stack: 0x0000000019ad0000,0x0000000019bd0000] [id=7936]
  0x0000000019c8f800 WatcherThread [stack: 0x000000001a9d0000,0x000000001aad0000] [id=10048]

VM state:not at safepoint (normal execution)

VM Mutex/Monitor currently owned by a thread: None

heap address: 0x0000000080000000, size: 2048 MB, Compressed Oops mode: 32-bit
Narrow klass base: 0x0000000000000000, Narrow klass shift: 3
Compressed class space size: 1073741824 Address: 0x0000000100000000

Heap:
 PSYoungGen      total 122368K, used 83692K [0x00000000d5580000, 0x00000000de680000, 0x0000000100000000)
  eden space 111104K, 75% used [0x00000000d5580000,0x00000000da73b1f8,0x00000000dc200000)
  from space 11264K, 0% used [0x00000000dd080000,0x00000000dd080000,0x00000000ddb80000)
  to   space 8704K, 0% used [0x00000000dde00000,0x00000000dde00000,0x00000000de680000)
 ParOldGen       total 51712K, used 17395K [0x0000000080000000, 0x0000000083280000, 0x00000000d5580000)
  object space 51712K, 33% used [0x0000000080000000,0x00000000810fcdf0,0x0000000083280000)
 Metaspace       used 36419K, capacity 37996K, committed 38184K, reserved 1081344K
  class space    used 5007K, capacity 5349K, committed 5424K, reserved 1048576K

Card table byte_map: [0x0000000012140000,0x0000000012550000] byte_map_base: 0x0000000011d40000

Marking Bits: (ParMarkBitMap*) 0x000000006ed7f030
 Begin Bits: [0x0000000013000000, 0x0000000015000000)
 End Bits:   [0x0000000015000000, 0x0000000017000000)

Polling page: 0x0000000001240000

CodeCache: size=245760Kb used=12612Kb max_used=12612Kb free=233147Kb
 bounds [0x0000000002d80000, 0x00000000039e0000, 0x0000000011d80000]
 total_blobs=4312 nmethods=3611 adapters=613
 compilation: enabled

Compilation events (10 events):
Event: 3.160 Thread 0x0000000019c10800 nmethod 3608 0x00000000039cb090 code [0x00000000039cb240, 0x00000000039cb8e8]
Event: 3.160 Thread 0x0000000017dfb800 nmethod 3603 0x00000000039d2090 code [0x00000000039d2200, 0x00000000039d2478]
Event: 3.161 Thread 0x0000000019c10800 3609       3       java.lang.reflect.AccessibleObject::setAccessible (37 bytes)
Event: 3.161 Thread 0x0000000019c10800 nmethod 3609 0x00000000039d19d0 code [0x00000000039d1b60, 0x00000000039d1ef8]
Event: 3.161 Thread 0x0000000019c10800 3610       3       org.codehaus.groovy.reflection.CachedClass$3::initValue (232 bytes)
Event: 3.162 Thread 0x0000000017dfb800 3611       4       java.lang.CharacterDataLatin1::digit (91 bytes)
Event: 3.163 Thread 0x0000000019c10800 nmethod 3610 0x00000000039d2750 code [0x00000000039d2b40, 0x00000000039d50b8]
Event: 3.163 Thread 0x0000000019c10800 3612       1       groovy.lang.MetaClassImpl$MethodIndexAction::skipClass (2 bytes)
Event: 3.163 Thread 0x0000000019c10800 nmethod 3612 0x00000000039c98d0 code [0x00000000039c9a20, 0x00000000039c9b30]
Event: 3.163 Thread 0x0000000017dfb800 nmethod 3611 0x00000000039d1610 code [0x00000000039d1760, 0x00000000039d1878]

GC Heap History (10 events):
Event: 1.780 GC heap before
{Heap before GC invocations=7 (full 0):
 PSYoungGen      total 74240K, used 17569K [0x00000000d5580000, 0x00000000daa80000, 0x0000000100000000)
  eden space 64512K, 13% used [0x00000000d5580000,0x00000000d5dd10a8,0x00000000d9480000)
  from space 9728K, 93% used [0x00000000d9f00000,0x00000000da7d7450,0x00000000da880000)
  to   space 10752K, 0% used [0x00000000d9480000,0x00000000d9480000,0x00000000d9f00000)
 ParOldGen       total 86016K, used 5617K [0x0000000080000000, 0x0000000085400000, 0x00000000d5580000)
  object space 86016K, 6% used [0x0000000080000000,0x000000008057c7a8,0x0000000085400000)
 Metaspace       used 20559K, capacity 21224K, committed 21296K, reserved 1067008K
  class space    used 2875K, capacity 3076K, committed 3120K, reserved 1048576K
Event: 1.784 GC heap after
Heap after GC invocations=7 (full 0):
 PSYoungGen      total 75264K, used 4449K [0x00000000d5580000, 0x00000000de880000, 0x0000000100000000)
  eden space 64512K, 0% used [0x00000000d5580000,0x00000000d5580000,0x00000000d9480000)
  from space 10752K, 41% used [0x00000000d9480000,0x00000000d98d8470,0x00000000d9f00000)
  to   space 10752K, 0% used [0x00000000dde00000,0x00000000dde00000,0x00000000de880000)
 ParOldGen       total 86016K, used 7962K [0x0000000080000000, 0x0000000085400000, 0x00000000d5580000)
  object space 86016K, 9% used [0x0000000080000000,0x00000000807c6818,0x0000000085400000)
 Metaspace       used 20559K, capacity 21224K, committed 21296K, reserved 1067008K
  class space    used 2875K, capacity 3076K, committed 3120K, reserved 1048576K
}
Event: 1.784 GC heap before
{Heap before GC invocations=8 (full 1):
 PSYoungGen      total 75264K, used 4449K [0x00000000d5580000, 0x00000000de880000, 0x0000000100000000)
  eden space 64512K, 0% used [0x00000000d5580000,0x00000000d5580000,0x00000000d9480000)
  from space 10752K, 41% used [0x00000000d9480000,0x00000000d98d8470,0x00000000d9f00000)
  to   space 10752K, 0% used [0x00000000dde00000,0x00000000dde00000,0x00000000de880000)
 ParOldGen       total 86016K, used 7962K [0x0000000080000000, 0x0000000085400000, 0x00000000d5580000)
  object space 86016K, 9% used [0x0000000080000000,0x00000000807c6818,0x0000000085400000)
 Metaspace       used 20559K, capacity 21224K, committed 21296K, reserved 1067008K
  class space    used 2875K, capacity 3076K, committed 3120K, reserved 1048576K
Event: 1.808 GC heap after
Heap after GC invocations=8 (full 1):
 PSYoungGen      total 75264K, used 0K [0x00000000d5580000, 0x00000000de880000, 0x0000000100000000)
  eden space 64512K, 0% used [0x00000000d5580000,0x00000000d5580000,0x00000000d9480000)
  from space 10752K, 0% used [0x00000000d9480000,0x00000000d9480000,0x00000000d9f00000)
  to   space 10752K, 0% used [0x00000000dde00000,0x00000000dde00000,0x00000000de880000)
 ParOldGen       total 51712K, used 6996K [0x0000000080000000, 0x0000000083280000, 0x00000000d5580000)
  object space 51712K, 13% used [0x0000000080000000,0x00000000806d53b8,0x0000000083280000)
 Metaspace       used 20559K, capacity 21224K, committed 21296K, reserved 1067008K
  class space    used 2875K, capacity 3076K, committed 3120K, reserved 1048576K
}
Event: 2.276 GC heap before
{Heap before GC invocations=9 (full 1):
 PSYoungGen      total 75264K, used 64512K [0x00000000d5580000, 0x00000000de880000, 0x0000000100000000)
  eden space 64512K, 100% used [0x00000000d5580000,0x00000000d9480000,0x00000000d9480000)
  from space 10752K, 0% used [0x00000000d9480000,0x00000000d9480000,0x00000000d9f00000)
  to   space 10752K, 0% used [0x00000000dde00000,0x00000000dde00000,0x00000000de880000)
 ParOldGen       total 51712K, used 6996K [0x0000000080000000, 0x0000000083280000, 0x00000000d5580000)
  object space 51712K, 13% used [0x0000000080000000,0x00000000806d53b8,0x0000000083280000)
 Metaspace       used 28720K, capacity 29606K, committed 29872K, reserved 1075200K
  class space    used 3976K, capacity 4221K, committed 4272K, reserved 1048576K
Event: 2.281 GC heap after
Heap after GC invocations=9 (full 1):
 PSYoungGen      total 119808K, used 8527K [0x00000000d5580000, 0x00000000de680000, 0x0000000100000000)
  eden space 111104K, 0% used [0x00000000d5580000,0x00000000d5580000,0x00000000dc200000)
  from space 8704K, 97% used [0x00000000dde00000,0x00000000de653cb8,0x00000000de680000)
  to   space 11264K, 0% used [0x00000000dd080000,0x00000000dd080000,0x00000000ddb80000)
 ParOldGen       total 51712K, used 7004K [0x0000000080000000, 0x0000000083280000, 0x00000000d5580000)
  object space 51712K, 13% used [0x0000000080000000,0x00000000806d73b8,0x0000000083280000)
 Metaspace       used 28720K, capacity 29606K, committed 29872K, reserved 1075200K
  class space    used 3976K, capacity 4221K, committed 4272K, reserved 1048576K
}
Event: 2.785 GC heap before
{Heap before GC invocations=10 (full 1):
 PSYoungGen      total 119808K, used 102970K [0x00000000d5580000, 0x00000000de680000, 0x0000000100000000)
  eden space 111104K, 85% used [0x00000000d5580000,0x00000000db1bae90,0x00000000dc200000)
  from space 8704K, 97% used [0x00000000dde00000,0x00000000de653cb8,0x00000000de680000)
  to   space 11264K, 0% used [0x00000000dd080000,0x00000000dd080000,0x00000000ddb80000)
 ParOldGen       total 51712K, used 7004K [0x0000000080000000, 0x0000000083280000, 0x00000000d5580000)
  object space 51712K, 13% used [0x0000000080000000,0x00000000806d73b8,0x0000000083280000)
 Metaspace       used 34332K, capacity 35420K, committed 35496K, reserved 1079296K
  class space    used 4725K, capacity 5003K, committed 5040K, reserved 1048576K
Event: 2.793 GC heap after
Heap after GC invocations=10 (full 1):
 PSYoungGen      total 122368K, used 11174K [0x00000000d5580000, 0x00000000de680000, 0x0000000100000000)
  eden space 111104K, 0% used [0x00000000d5580000,0x00000000d5580000,0x00000000dc200000)
  from space 11264K, 99% used [0x00000000dd080000,0x00000000ddb69920,0x00000000ddb80000)
  to   space 8704K, 0% used [0x00000000dde00000,0x00000000dde00000,0x00000000de680000)
 ParOldGen       total 51712K, used 7012K [0x0000000080000000, 0x0000000083280000, 0x00000000d5580000)
  object space 51712K, 13% used [0x0000000080000000,0x00000000806d93b8,0x0000000083280000)
 Metaspace       used 34332K, capacity 35420K, committed 35496K, reserved 1079296K
  class space    used 4725K, capacity 5003K, committed 5040K, reserved 1048576K
}
Event: 2.793 GC heap before
{Heap before GC invocations=11 (full 2):
 PSYoungGen      total 122368K, used 11174K [0x00000000d5580000, 0x00000000de680000, 0x0000000100000000)
  eden space 111104K, 0% used [0x00000000d5580000,0x00000000d5580000,0x00000000dc200000)
  from space 11264K, 99% used [0x00000000dd080000,0x00000000ddb69920,0x00000000ddb80000)
  to   space 8704K, 0% used [0x00000000dde00000,0x00000000dde00000,0x00000000de680000)
 ParOldGen       total 51712K, used 7012K [0x0000000080000000, 0x0000000083280000, 0x00000000d5580000)
  object space 51712K, 13% used [0x0000000080000000,0x00000000806d93b8,0x0000000083280000)
 Metaspace       used 34332K, capacity 35420K, committed 35496K, reserved 1079296K
  class space    used 4725K, capacity 5003K, committed 5040K, reserved 1048576K
Event: 2.844 GC heap after
Heap after GC invocations=11 (full 2):
 PSYoungGen      total 122368K, used 0K [0x00000000d5580000, 0x00000000de680000, 0x0000000100000000)
  eden space 111104K, 0% used [0x00000000d5580000,0x00000000d5580000,0x00000000dc200000)
  from space 11264K, 0% used [0x00000000dd080000,0x00000000dd080000,0x00000000ddb80000)
  to   space 8704K, 0% used [0x00000000dde00000,0x00000000dde00000,0x00000000de680000)
 ParOldGen       total 51712K, used 17395K [0x0000000080000000, 0x0000000083280000, 0x00000000d5580000)
  object space 51712K, 33% used [0x0000000080000000,0x00000000810fcdf0,0x0000000083280000)
 Metaspace       used 34332K, capacity 35420K, committed 35496K, reserved 1079296K
  class space    used 4725K, capacity 5003K, committed 5040K, reserved 1048576K
}

Deoptimization events (10 events):
Event: 3.021 Thread 0x000000001c346800 Uncommon trap: reason=unstable_if action=reinterpret pc=0x0000000003162fb4 method=java.lang.String.lastIndexOf([CII[CIII)I @ 118
Event: 3.043 Thread 0x000000001cede800 Uncommon trap: reason=class_check action=maybe_recompile pc=0x00000000032ecedc method=java.util.concurrent.ConcurrentHashMap.putVal(Ljava/lang/Object;Ljava/lang/Object;Z)Ljava/lang/Object; @ 192
Event: 3.043 Thread 0x000000001cee0000 Uncommon trap: reason=class_check action=maybe_recompile pc=0x00000000032ecedc method=java.util.concurrent.ConcurrentHashMap.putVal(Ljava/lang/Object;Ljava/lang/Object;Z)Ljava/lang/Object; @ 192
Event: 3.043 Thread 0x000000001cedf000 Uncommon trap: reason=class_check action=maybe_recompile pc=0x00000000032ecedc method=java.util.concurrent.ConcurrentHashMap.putVal(Ljava/lang/Object;Ljava/lang/Object;Z)Ljava/lang/Object; @ 192
Event: 3.043 Thread 0x000000001cede800 Uncommon trap: reason=class_check action=maybe_recompile pc=0x00000000032ecedc method=java.util.concurrent.ConcurrentHashMap.putVal(Ljava/lang/Object;Ljava/lang/Object;Z)Ljava/lang/Object; @ 192
Event: 3.046 Thread 0x000000001c346800 Uncommon trap: reason=unstable_if action=reinterpret pc=0x00000000038be53c method=com.esotericsoftware.kryo.io.Input.readUtf8Length(I)I @ 9
Event: 3.049 Thread 0x000000001cee0800 Uncommon trap: reason=unstable_if action=reinterpret pc=0x000000000325b75c method=java.util.concurrent.ConcurrentHashMap.addCount(JI)V @ 34
Event: 3.050 Thread 0x000000001cee6800 Uncommon trap: reason=unstable_if action=reinterpret pc=0x000000000325b75c method=java.util.concurrent.ConcurrentHashMap.addCount(JI)V @ 34
Event: 3.072 Thread 0x000000001c346800 Uncommon trap: reason=unstable_if action=reinterpret pc=0x00000000039161f4 method=java.util.concurrent.ConcurrentHashMap.addCount(JI)V @ 7
Event: 3.127 Thread 0x000000001cee8000 Uncommon trap: reason=unstable_if action=reinterpret pc=0x000000000390c1dc method=java.util.concurrent.SynchronousQueue$TransferStack.shouldSpin(Ljava/util/concurrent/SynchronousQueue$TransferStack$SNode;)Z @ 7

Classes redefined (0 events):
No events

Internal exceptions (10 events):
Event: 2.701 Thread 0x000000001c346800 Exception <a 'java/lang/ClassNotFoundException': org/gradle/api/internal/artifacts/dsl/dependencies/DefaultDependencyHandlerCustomizer> (0x00000000d9e10b00) thrown at [C:\src\AOSP-openjdk-git\hotspot\src\share\vm\classfile\systemDictionary.cpp, line 210]
Event: 2.703 Thread 0x000000001c346800 Exception <a 'java/lang/ClassNotFoundException': org/gradle/api/internal/artifacts/dsl/dependencies/DefaultDependencyHandler_DecoratedCustomizer> (0x00000000d9e9b810) thrown at [C:\src\AOSP-openjdk-git\hotspot\src\share\vm\classfile\systemDictionary.cpp, 
Event: 2.739 Thread 0x000000001c346800 Exception <a 'java/lang/NoSuchMethodError': java.lang.Object.lambda$static$0(Lorg/gradle/api/internal/artifacts/configurations/MutationValidator$MutationType;)V> (0x00000000da50cb60) thrown at [C:\src\AOSP-openjdk-git\hotspot\src\share\vm\interpreter\link
Event: 2.848 Thread 0x000000001c346800 Exception <a 'java/lang/NoSuchMethodError': java.lang.Object.lambda$static$0(Lorg/gradle/internal/component/model/DependencyMetadata;)Lorg/gradle/api/internal/artifacts/ivyservice/dependencysubstitution/DependencySubstitutionApplicator$SubstitutionResult;
Event: 2.867 Thread 0x000000001c346800 Exception <a 'java/lang/IncompatibleClassChangeError': Found class java.lang.Object, but interface was expected> (0x00000000d5be2190) thrown at [C:\src\AOSP-openjdk-git\hotspot\src\share\vm\interpreter\linkResolver.cpp, line 653]
Event: 2.868 Thread 0x000000001c346800 Exception <a 'java/lang/NoSuchMethodError': java.lang.Object.lambda$thenComparing$36697e65$1(Ljava/util/Comparator;Ljava/lang/Object;Ljava/lang/Object;)I> (0x00000000d5bedac0) thrown at [C:\src\AOSP-openjdk-git\hotspot\src\share\vm\interpreter\linkResolve
Event: 2.918 Thread 0x000000001c346800 Exception <a 'java/lang/NoSuchMethodError': java.lang.Object.lambda$static$0()Z> (0x00000000d66adeb8) thrown at [C:\src\AOSP-openjdk-git\hotspot\src\share\vm\interpreter\linkResolver.cpp, line 620]
Event: 3.036 Thread 0x000000001c346800 Exception <a 'java/lang/NoSuchMethodError': java.lang.Object.lambda$static$0(Lorg/gradle/api/internal/artifacts/ivyservice/resolveengine/artifact/ArtifactVisitor;)V> (0x00000000d74818e8) thrown at [C:\src\AOSP-openjdk-git\hotspot\src\share\vm\interpreter\
Event: 3.157 Thread 0x000000001c346800 Exception <a 'java/lang/ClassNotFoundException': build_8742xli7huusbqbb0w8d6gzpxBeanInfo> (0x00000000da4522e8) thrown at [C:\src\AOSP-openjdk-git\hotspot\src\share\vm\classfile\systemDictionary.cpp, line 210]
Event: 3.157 Thread 0x000000001c346800 Exception <a 'java/lang/ClassNotFoundException': build_8742xli7huusbqbb0w8d6gzpxCustomizer> (0x00000000da45dec8) thrown at [C:\src\AOSP-openjdk-git\hotspot\src\share\vm\classfile\systemDictionary.cpp, line 210]

Events (10 events):
Event: 3.159 loading class groovy/runtime/metaclass/build_8742xli7huusbqbb0w8d6gzpx$_run_closure1MetaClass
Event: 3.159 loading class groovy/runtime/metaclass/build_8742xli7huusbqbb0w8d6gzpx$_run_closure1MetaClass done
Event: 3.160 loading class groovy/runtime/metaclass/org/gradle/api/internal/project/DefaultProject_DecoratedMetaClass
Event: 3.160 loading class groovy/runtime/metaclass/org/gradle/api/internal/project/DefaultProject_DecoratedMetaClass done
Event: 3.163 loading class org/gradle/api/internal/project/DefaultProject_DecoratedBeanInfo
Event: 3.163 loading class org/gradle/api/internal/project/DefaultProject_DecoratedBeanInfo done
Event: 3.163 loading class org/gradle/api/internal/project/DefaultProject_DecoratedBeanInfo
Event: 3.163 loading class org/gradle/api/internal/project/DefaultProject_DecoratedBeanInfo done
Event: 3.163 loading class org/gradle/api/internal/project/DefaultProject_DecoratedBeanInfo
Event: 3.163 loading class org/gradle/api/internal/project/DefaultProject_DecoratedBeanInfo done


Dynamic libraries:
0x00007ff65c9a0000 - 0x00007ff65c9d1000 	C:\Program Files\Android\Android Studio\jre\bin\java.exe
0x00007ff992f10000 - 0x00007ff993105000 	C:\WINDOWS\SYSTEM32\ntdll.dll
0x00007ff992730000 - 0x00007ff9927ed000 	C:\WINDOWS\System32\KERNEL32.DLL
0x00007ff990c50000 - 0x00007ff990f18000 	C:\WINDOWS\System32\KERNELBASE.dll
0x00007ff991be0000 - 0x00007ff991c8c000 	C:\WINDOWS\System32\ADVAPI32.dll
0x00007ff9925c0000 - 0x00007ff99265e000 	C:\WINDOWS\System32\msvcrt.dll
0x00007ff992490000 - 0x00007ff99252b000 	C:\WINDOWS\System32\sechost.dll
0x00007ff991860000 - 0x00007ff99198b000 	C:\WINDOWS\System32\RPCRT4.dll
0x00007ff992c20000 - 0x00007ff992dc0000 	C:\WINDOWS\System32\USER32.dll
0x00007ff990990000 - 0x00007ff9909b2000 	C:\WINDOWS\System32\win32u.dll
0x00007ff9916e0000 - 0x00007ff99170a000 	C:\WINDOWS\System32\GDI32.dll
0x00007ff990b40000 - 0x00007ff990c4b000 	C:\WINDOWS\System32\gdi32full.dll
0x00007ff990aa0000 - 0x00007ff990b3d000 	C:\WINDOWS\System32\msvcp_win.dll
0x00007ff990650000 - 0x00007ff990750000 	C:\WINDOWS\System32\ucrtbase.dll
0x00007ff9821b0000 - 0x00007ff98244a000 	C:\WINDOWS\WinSxS\amd64_microsoft.windows.common-controls_6595b64144ccf1df_6.0.19041.844_none_ca00b6081b84eb1d\COMCTL32.dll
0x00007ff991710000 - 0x00007ff991740000 	C:\WINDOWS\System32\IMM32.DLL
0x000000006d9c0000 - 0x000000006da92000 	C:\Program Files\Android\Android Studio\jre\jre\bin\msvcr100.dll
0x000000006e5b0000 - 0x000000006edfb000 	C:\Program Files\Android\Android Studio\jre\jre\bin\server\jvm.dll
0x00007ff9925b0000 - 0x00007ff9925b8000 	C:\WINDOWS\System32\PSAPI.DLL
0x00007ff982610000 - 0x00007ff982637000 	C:\WINDOWS\SYSTEM32\WINMM.dll
0x00007ff978840000 - 0x00007ff978849000 	C:\WINDOWS\SYSTEM32\WSOCK32.dll
0x00007ff98af10000 - 0x00007ff98af1a000 	C:\WINDOWS\SYSTEM32\VERSION.dll
0x00007ff992850000 - 0x00007ff9928bb000 	C:\WINDOWS\System32\WS2_32.dll
0x00007ff96d960000 - 0x00007ff96d96f000 	C:\Program Files\Android\Android Studio\jre\jre\bin\verify.dll
0x00007ff95b320000 - 0x00007ff95b349000 	C:\Program Files\Android\Android Studio\jre\jre\bin\java.dll
0x00007ff9656d0000 - 0x00007ff9656e6000 	C:\Program Files\Android\Android Studio\jre\jre\bin\zip.dll
0x00007ff991c90000 - 0x00007ff9923d2000 	C:\WINDOWS\System32\SHELL32.dll
0x00007ff98e790000 - 0x00007ff98ef21000 	C:\WINDOWS\SYSTEM32\windows.storage.dll
0x00007ff9928c0000 - 0x00007ff992c15000 	C:\WINDOWS\System32\combase.dll
0x00007ff9900c0000 - 0x00007ff9900ec000 	C:\WINDOWS\SYSTEM32\Wldp.dll
0x00007ff992dc0000 - 0x00007ff992e6e000 	C:\WINDOWS\System32\SHCORE.dll
0x00007ff991680000 - 0x00007ff9916d5000 	C:\WINDOWS\System32\shlwapi.dll
0x00007ff990590000 - 0x00007ff9905af000 	C:\WINDOWS\SYSTEM32\profapi.dll
0x00007ff963820000 - 0x00007ff96383a000 	C:\Program Files\Android\Android Studio\jre\jre\bin\net.dll
0x00007ff98fe30000 - 0x00007ff98fe9a000 	C:\WINDOWS\system32\mswsock.dll
0x00007ff95a760000 - 0x00007ff95a773000 	C:\Program Files\Android\Android Studio\jre\jre\bin\nio.dll
0x00007ff979c00000 - 0x00007ff979c27000 	C:\Users\Dilanka Nirmal\.gradle\native\f6784746aeab05261644944871eae4fe03e0ef1612fff0a4a95f87b438bc6780\windows-amd64\native-platform.dll
0x00007ff96d790000 - 0x00007ff96d79d000 	C:\Program Files\Android\Android Studio\jre\jre\bin\management.dll
0x00007ff990000000 - 0x00007ff990018000 	C:\WINDOWS\SYSTEM32\CRYPTSP.dll
0x00007ff98f760000 - 0x00007ff98f794000 	C:\WINDOWS\system32\rsaenh.dll
0x00007ff990800000 - 0x00007ff990827000 	C:\WINDOWS\System32\bcrypt.dll
0x00007ff990550000 - 0x00007ff99057e000 	C:\WINDOWS\SYSTEM32\USERENV.dll
0x00007ff990a20000 - 0x00007ff990aa0000 	C:\WINDOWS\System32\bcryptprimitives.dll
0x00007ff990020000 - 0x00007ff99002c000 	C:\WINDOWS\SYSTEM32\CRYPTBASE.dll
0x00007ff98fad0000 - 0x00007ff98fb0b000 	C:\WINDOWS\SYSTEM32\IPHLPAPI.DLL
0x00007ff991990000 - 0x00007ff991998000 	C:\WINDOWS\System32\NSI.dll
0x00007ff98a270000 - 0x00007ff98a287000 	C:\WINDOWS\SYSTEM32\dhcpcsvc6.DLL
0x00007ff98a320000 - 0x00007ff98a33d000 	C:\WINDOWS\SYSTEM32\dhcpcsvc.DLL
0x00007ff98fb20000 - 0x00007ff98fbec000 	C:\WINDOWS\SYSTEM32\DNSAPI.dll
0x00007ff98a680000 - 0x00007ff98a68b000 	C:\WINDOWS\SYSTEM32\WINNSI.DLL

VM Arguments:
jvm_args: -Xmx2048m -Dfile.encoding=UTF-8 -Duser.country=US -Duser.language=en -Duser.variant 
java_command: org.gradle.launcher.daemon.bootstrap.GradleDaemon 6.5
java_class_path (initial): C:\Users\Dilanka Nirmal\.gradle\wrapper\dists\gradle-6.5-bin\6nifqtx7604sqp1q6g8wikw7p\gradle-6.5\lib\gradle-launcher-6.5.jar
Launcher Type: SUN_STANDARD

Environment Variables:
PATH=C:\Program Files (x86)\Common Files\Oracle\Java\javapath;C:\Windows\system32;C:\Windows;C:\Windows\System32\Wbem;C:\Windows\System32\WindowsPowerShell\v1.0\;C:\Windows\System32\OpenSSH\;C:\Program Files (x86)\NVIDIA Corporation\PhysX\Common;C:\Program Files\NVIDIA Corporation\NVIDIA NvDLISR;C:\Program Files\Java\jdk1.8.0_251\bin;C:\Program Files\nodejs\;C:\Program Files\Git\cmd;C:\WINDOWS\system32;C:\WINDOWS;C:\WINDOWS\System32\Wbem;C:\WINDOWS\System32\WindowsPowerShell\v1.0\;C:\WINDOWS\System32\OpenSSH\;C:\Users\Dilanka Nirmal\AppData\Local\Microsoft\WindowsApps;;C:\Users\Dilanka Nirmal\AppData\Local\Programs\Microsoft VS Code\bin;C:\Users\Dilanka Nirmal\AppData\Roaming\npm
USERNAME=Dilanka Nirmal
OS=Windows_NT
PROCESSOR_IDENTIFIER=Intel64 Family 6 Model 158 Stepping 13, GenuineIntel



---------------  S Y S T E M  ---------------

OS: Windows 10.0 , 64 bit Build 19041 (10.0.19041.928)

CPU:total 8 (initial active 8) (4 cores per cpu, 2 threads per core) family 6 model 158 stepping 13, cmov, cx8, fxsr, mmx, sse, sse2, sse3, ssse3, sse4.1, sse4.2, popcnt, avx, avx2, aes, clmul, erms, 3dnowpref, lzcnt, ht, tsc, tscinvbit, bmi1, bmi2, adx

Memory: 4k page, physical 8228964k(2239124k free), swap 33394788k(5440k free)

vm_info: OpenJDK 64-Bit Server VM (25.242-b01) for windows-amd64 JRE (1.8.0_242-release-1644-b01), built by "builder" with MS VC++ 10.0 (VS2010)

time: Tue Apr 27 11:15:03 2021
timezone: Sri Lanka Standard Time
elapsed time: 3 seconds (0d 0h 0m 3s)

