#
# There is insufficient memory for the Java Runtime Environment to continue.
# Native memory allocation (malloc) failed to allocate 1075552 bytes for Chunk::new
# Possible reasons:
#   The system is out of physical RAM or swap space
#   The process is running with CompressedOops enabled, and the Java Heap may be blocking the growth of the native heap
# Possible solutions:
#   Reduce memory load on the system
#   Increase physical memory or swap space
#   Check if swap backing store is full
#   Decrease Java heap size (-Xmx/-Xms)
#   Decrease number of Java threads
#   Decrease Java thread stack sizes (-Xss)
#   Set larger code cache with -XX:ReservedCodeCacheSize=
#   JVM is running with Unscaled Compressed Oops mode in which the Java heap is
#     placed in the first 4GB address space. The Java Heap base address is the
#     maximum limit for the native heap growth. Please use -XX:HeapBaseMinAddress
#     to set the Java Heap base and to place the Java Heap above 4GB virtual address.
# This output file may be truncated or incomplete.
#
#  Out of Memory Error (allocation.cpp:389), pid=13988, tid=0x0000000000003694
#
# JRE version: OpenJDK Runtime Environment (8.0_242-b01) (build 1.8.0_242-release-1644-b01)
# Java VM: OpenJDK 64-Bit Server VM (25.242-b01 mixed mode windows-amd64 compressed oops)
# Failed to write core dump. Minidumps are not enabled by default on client versions of Windows
#

---------------  T H R E A D  ---------------

Current thread (0x000000001808b800):  JavaThread "C2 CompilerThread1" daemon [_thread_in_native, id=13972, stack(0x000000001a850000,0x000000001a950000)]

Stack: [0x000000001a850000,0x000000001a950000]
[error occurred during error reporting (printing stack bounds), id 0xc0000005]

Native frames: (J=compiled Java code, j=interpreted, Vv=VM code, C=native code)


Current CompileTask:
C2:1716850 17709   !   4       java.nio.file.Files::walkFileTree (355 bytes)


---------------  P R O C E S S  ---------------

Java Threads: ( => current thread )
  0x0000000022250000 JavaThread "Cache worker for execution history cache (C:\Users\Dilanka Nirmal\AndroidStudioProjects\QualityReads\.gradle\6.5\executionHistory)" [_thread_blocked, id=12028, stack(0x000000002df30000,0x000000002e030000)]
  0x000000001d4c0800 JavaThread "Execution worker for ':' Thread 7" [_thread_blocked, id=7292, stack(0x000000002de30000,0x000000002df30000)]
  0x000000001d4c6800 JavaThread "Execution worker for ':' Thread 6" [_thread_blocked, id=1252, stack(0x000000002dd30000,0x000000002de30000)]
  0x000000001d4c2000 JavaThread "Execution worker for ':' Thread 5" [_thread_blocked, id=14964, stack(0x000000002dc30000,0x000000002dd30000)]
  0x000000001d4c5000 JavaThread "Execution worker for ':' Thread 4" [_thread_blocked, id=10560, stack(0x000000002c8e0000,0x000000002c9e0000)]
  0x000000001d4c2800 JavaThread "Execution worker for ':' Thread 3" [_thread_blocked, id=11192, stack(0x000000002c3e0000,0x000000002c4e0000)]
  0x000000001d4c4000 JavaThread "Execution worker for ':' Thread 2" [_thread_blocked, id=2348, stack(0x000000002b130000,0x000000002b230000)]
  0x000000001d4c1000 JavaThread "Execution worker for ':'" [_thread_in_Java, id=8268, stack(0x000000002b030000,0x000000002b130000)]
  0x000000001d4c5800 JavaThread "Cache worker for file content cache (C:\Users\Dilanka Nirmal\AndroidStudioProjects\QualityReads\.gradle\6.5\fileContent)" [_thread_blocked, id=1048, stack(0x000000002ad30000,0x000000002ae30000)]
  0x000000001d4c7000 JavaThread "pool-7-thread-1" [_thread_blocked, id=14428, stack(0x000000002ac30000,0x000000002ad30000)]
  0x000000001d4bf800 JavaThread "Cache worker for Build Output Cleanup Cache (C:\Users\Dilanka Nirmal\AndroidStudioProjects\QualityReads\.gradle\buildOutputCleanup)" [_thread_blocked, id=7100, stack(0x000000002ab30000,0x000000002ac30000)]
  0x000000001d4c3800 JavaThread "jar transforms Thread 282" [_thread_blocked, id=7092, stack(0x000000002aa30000,0x000000002ab30000)]
  0x000000001d4b9000 JavaThread "jar transforms Thread 281" [_thread_blocked, id=11528, stack(0x000000002a930000,0x000000002aa30000)]
  0x000000001d4b8000 JavaThread "jar transforms Thread 280" [_thread_blocked, id=10756, stack(0x000000002a830000,0x000000002a930000)]
  0x000000001d4be000 JavaThread "jar transforms Thread 279" [_thread_blocked, id=14792, stack(0x000000002a730000,0x000000002a830000)]
  0x000000001d4bd800 JavaThread "jar transforms Thread 278" [_thread_blocked, id=5904, stack(0x000000002a630000,0x000000002a730000)]
  0x000000001d4bc800 JavaThread "jar transforms Thread 277" [_thread_blocked, id=6908, stack(0x000000002a530000,0x000000002a630000)]
  0x000000001d4b9800 JavaThread "jar transforms Thread 276" [_thread_blocked, id=6340, stack(0x000000002a430000,0x000000002a530000)]
  0x000000001d4ba800 JavaThread "jar transforms Thread 275" [_thread_blocked, id=7184, stack(0x000000002a330000,0x000000002a430000)]
  0x000000001d4bc000 JavaThread "jar transforms Thread 274" [_thread_blocked, id=2788, stack(0x000000002a230000,0x000000002a330000)]
  0x000000001d4bb000 JavaThread "jar transforms Thread 273" [_thread_blocked, id=12868, stack(0x000000002a130000,0x000000002a230000)]
  0x000000001d4bf000 JavaThread "jar transforms Thread 272" [_thread_blocked, id=13252, stack(0x000000002a030000,0x000000002a130000)]
  0x0000000021a32000 JavaThread "jar transforms Thread 271" [_thread_blocked, id=8516, stack(0x0000000029f30000,0x000000002a030000)]
  0x0000000021a31000 JavaThread "jar transforms Thread 270" [_thread_blocked, id=2756, stack(0x0000000029e30000,0x0000000029f30000)]
  0x0000000021a30800 JavaThread "jar transforms Thread 269" [_thread_blocked, id=13876, stack(0x0000000029d30000,0x0000000029e30000)]
  0x0000000021a33800 JavaThread "jar transforms Thread 268" [_thread_blocked, id=4376, stack(0x0000000029c30000,0x0000000029d30000)]
  0x0000000021a35800 JavaThread "jar transforms Thread 267" [_thread_blocked, id=14304, stack(0x0000000029b30000,0x0000000029c30000)]
  0x0000000021a35000 JavaThread "jar transforms Thread 266" [_thread_blocked, id=13392, stack(0x0000000029a30000,0x0000000029b30000)]
  0x0000000021a37000 JavaThread "jar transforms Thread 265" [_thread_blocked, id=708, stack(0x0000000029930000,0x0000000029a30000)]
  0x0000000021a32800 JavaThread "jar transforms Thread 264" [_thread_blocked, id=2564, stack(0x0000000029830000,0x0000000029930000)]
  0x0000000021a36800 JavaThread "jar transforms Thread 263" [_thread_blocked, id=7264, stack(0x0000000029730000,0x0000000029830000)]
  0x0000000021a34000 JavaThread "jar transforms Thread 262" [_thread_blocked, id=15220, stack(0x0000000029630000,0x0000000029730000)]
  0x000000001cc73800 JavaThread "jar transforms Thread 261" [_thread_blocked, id=4320, stack(0x0000000029530000,0x0000000029630000)]
  0x000000001cc71000 JavaThread "jar transforms Thread 260" [_thread_blocked, id=10956, stack(0x0000000029430000,0x0000000029530000)]
  0x000000001cc76800 JavaThread "jar transforms Thread 259" [_thread_blocked, id=12860, stack(0x0000000029330000,0x0000000029430000)]
  0x000000001cc72800 JavaThread "jar transforms Thread 258" [_thread_blocked, id=2932, stack(0x0000000029230000,0x0000000029330000)]
  0x000000001cc75000 JavaThread "jar transforms Thread 257" [_thread_blocked, id=3832, stack(0x0000000029130000,0x0000000029230000)]
  0x0000000021feb800 JavaThread "jar transforms Thread 256" [_thread_blocked, id=11180, stack(0x0000000029030000,0x0000000029130000)]
  0x0000000021feb000 JavaThread "jar transforms Thread 255" [_thread_blocked, id=4684, stack(0x0000000028f30000,0x0000000029030000)]
  0x0000000021fe9800 JavaThread "jar transforms Thread 254" [_thread_blocked, id=10568, stack(0x0000000028e30000,0x0000000028f30000)]
  0x0000000021fea000 JavaThread "jar transforms Thread 253" [_thread_blocked, id=14512, stack(0x0000000028d30000,0x0000000028e30000)]
  0x0000000021fee000 JavaThread "jar transforms Thread 252" [_thread_blocked, id=8160, stack(0x0000000028c30000,0x0000000028d30000)]
  0x0000000021fe8800 JavaThread "jar transforms Thread 251" [_thread_blocked, id=7136, stack(0x0000000028b30000,0x0000000028c30000)]
  0x0000000021fe1000 JavaThread "jar transforms Thread 250" [_thread_blocked, id=6856, stack(0x0000000028a30000,0x0000000028b30000)]
  0x0000000021fe4000 JavaThread "jar transforms Thread 249" [_thread_blocked, id=12824, stack(0x0000000028930000,0x0000000028a30000)]
  0x0000000021fe8000 JavaThread "jar transforms Thread 248" [_thread_blocked, id=7040, stack(0x0000000028830000,0x0000000028930000)]
  0x0000000021fe2800 JavaThread "jar transforms Thread 247" [_thread_blocked, id=8756, stack(0x0000000028730000,0x0000000028830000)]
  0x0000000021fe6800 JavaThread "jar transforms Thread 246" [_thread_blocked, id=11188, stack(0x0000000028630000,0x0000000028730000)]
  0x0000000021fe0800 JavaThread "jar transforms Thread 245" [_thread_blocked, id=14224, stack(0x0000000028530000,0x0000000028630000)]
  0x0000000021fdf000 JavaThread "jar transforms Thread 244" [_thread_blocked, id=9992, stack(0x0000000028430000,0x0000000028530000)]
  0x0000000021fdf800 JavaThread "jar transforms Thread 243" [_thread_blocked, id=11972, stack(0x0000000028330000,0x0000000028430000)]
  0x0000000021fe5800 JavaThread "jar transforms Thread 242" [_thread_blocked, id=6600, stack(0x0000000028230000,0x0000000028330000)]
  0x0000000021fe5000 JavaThread "jar transforms Thread 241" [_thread_blocked, id=12076, stack(0x0000000028130000,0x0000000028230000)]
  0x000000001f4c4000 JavaThread "jar transforms Thread 240" [_thread_blocked, id=4324, stack(0x0000000028030000,0x0000000028130000)]
  0x000000001f4c3800 JavaThread "jar transforms Thread 239" [_thread_blocked, id=11308, stack(0x0000000027f30000,0x0000000028030000)]
  0x000000001f4c2800 JavaThread "jar transforms Thread 238" [_thread_blocked, id=2708, stack(0x0000000027e30000,0x0000000027f30000)]
  0x000000001f4c7000 JavaThread "jar transforms Thread 237" [_thread_blocked, id=9808, stack(0x0000000027d30000,0x0000000027e30000)]
  0x000000001f4c2000 JavaThread "jar transforms Thread 236" [_thread_blocked, id=11232, stack(0x0000000027c30000,0x0000000027d30000)]
  0x000000001f4c6800 JavaThread "jar transforms Thread 235" [_thread_blocked, id=12988, stack(0x0000000027b30000,0x0000000027c30000)]
  0x000000001f4bf000 JavaThread "jar transforms Thread 234" [_thread_blocked, id=6656, stack(0x0000000027a30000,0x0000000027b30000)]
  0x000000001f4c5800 JavaThread "jar transforms Thread 233" [_thread_blocked, id=9956, stack(0x0000000027930000,0x0000000027a30000)]
  0x000000001f4c1000 JavaThread "jar transforms Thread 232" [_thread_blocked, id=13092, stack(0x0000000027830000,0x0000000027930000)]
  0x000000001f4be000 JavaThread "jar transforms Thread 231" [_thread_blocked, id=4960, stack(0x0000000027730000,0x0000000027830000)]
  0x000000001f4c5000 JavaThread "jar transforms Thread 230" [_thread_blocked, id=15288, stack(0x0000000027630000,0x0000000027730000)]
  0x000000001f4bc800 JavaThread "jar transforms Thread 229" [_thread_blocked, id=15092, stack(0x0000000027530000,0x0000000027630000)]
  0x000000001f4c0800 JavaThread "jar transforms Thread 228" [_thread_blocked, id=4044, stack(0x0000000027430000,0x0000000027530000)]
  0x000000001f4b9000 JavaThread "jar transforms Thread 227" [_thread_blocked, id=12584, stack(0x0000000027330000,0x0000000027430000)]
  0x000000001f4bc000 JavaThread "jar transforms Thread 226" [_thread_blocked, id=1032, stack(0x0000000027230000,0x0000000027330000)]
  0x000000001f4bb000 JavaThread "jar transforms Thread 225" [_thread_blocked, id=14576, stack(0x0000000027130000,0x0000000027230000)]
  0x000000001f4bf800 JavaThread "jar transforms Thread 224" [_thread_blocked, id=11832, stack(0x0000000027030000,0x0000000027130000)]
  0x0000000020361800 JavaThread "jar transforms Thread 223" [_thread_blocked, id=9716, stack(0x0000000026f30000,0x0000000027030000)]
  0x0000000020361000 JavaThread "jar transforms Thread 222" [_thread_blocked, id=6316, stack(0x0000000026e30000,0x0000000026f30000)]
  0x0000000020360000 JavaThread "jar transforms Thread 221" [_thread_blocked, id=12320, stack(0x0000000026d30000,0x0000000026e30000)]
  0x0000000020367000 JavaThread "jar transforms Thread 220" [_thread_blocked, id=1304, stack(0x0000000026c30000,0x0000000026d30000)]
  0x000000002035f800 JavaThread "jar transforms Thread 219" [_thread_blocked, id=7132, stack(0x0000000026b30000,0x0000000026c30000)]
  0x0000000020366800 JavaThread "jar transforms Thread 218" [_thread_blocked, id=14904, stack(0x0000000026a30000,0x0000000026b30000)]
  0x0000000020365800 JavaThread "jar transforms Thread 217" [_thread_blocked, id=9468, stack(0x0000000026930000,0x0000000026a30000)]
  0x0000000020365000 JavaThread "jar transforms Thread 216" [_thread_blocked, id=9876, stack(0x0000000026830000,0x0000000026930000)]
  0x0000000020358800 JavaThread "jar transforms Thread 215" [_thread_blocked, id=6608, stack(0x0000000026730000,0x0000000026830000)]
  0x000000002035c800 JavaThread "jar transforms Thread 214" [_thread_blocked, id=4076, stack(0x0000000026630000,0x0000000026730000)]
  0x000000002035d000 JavaThread "jar transforms Thread 213" [_thread_blocked, id=1744, stack(0x0000000026530000,0x0000000026630000)]
  0x000000002035a000 JavaThread "jar transforms Thread 212" [_thread_blocked, id=1444, stack(0x0000000026430000,0x0000000026530000)]
  0x000000002035b800 JavaThread "jar transforms Thread 211" [_thread_blocked, id=6864, stack(0x0000000026330000,0x0000000026430000)]
  0x0000000020358000 JavaThread "jar transforms Thread 210" [_thread_blocked, id=10804, stack(0x0000000026230000,0x0000000026330000)]
  0x000000002035e800 JavaThread "jar transforms Thread 209" [_thread_blocked, id=6416, stack(0x0000000026130000,0x0000000026230000)]
  0x000000002035e000 JavaThread "jar transforms Thread 208" [_thread_blocked, id=1820, stack(0x0000000026030000,0x0000000026130000)]
  0x0000000020359800 JavaThread "jar transforms Thread 207" [_thread_blocked, id=10720, stack(0x0000000025f30000,0x0000000026030000)]
  0x000000002cb67800 JavaThread "jar transforms Thread 206" [_thread_blocked, id=1536, stack(0x0000000025e30000,0x0000000025f30000)]
  0x000000002cb66800 JavaThread "jar transforms Thread 205" [_thread_blocked, id=272, stack(0x0000000025d30000,0x0000000025e30000)]
  0x000000002cb66000 JavaThread "jar transforms Thread 204" [_thread_blocked, id=13560, stack(0x0000000025c30000,0x0000000025d30000)]
  0x000000002cb65000 JavaThread "jar transforms Thread 203" [_thread_blocked, id=13528, stack(0x0000000025b30000,0x0000000025c30000)]
  0x000000002cb64800 JavaThread "jar transforms Thread 202" [_thread_blocked, id=14116, stack(0x0000000025a30000,0x0000000025b30000)]
  0x000000002cb5d000 JavaThread "jar transforms Thread 201" [_thread_blocked, id=432, stack(0x0000000025930000,0x0000000025a30000)]
  0x000000002cb5c000 JavaThread "jar transforms Thread 200" [_thread_blocked, id=10788, stack(0x0000000025830000,0x0000000025930000)]
  0x000000002cb60000 JavaThread "jar transforms Thread 199" [_thread_blocked, id=8972, stack(0x0000000025730000,0x0000000025830000)]
  0x000000002cb5d800 JavaThread "jar transforms Thread 198" [_thread_blocked, id=6924, stack(0x0000000025630000,0x0000000025730000)]
  0x000000002cb63000 JavaThread "jar transforms Thread 197" [_thread_blocked, id=13604, stack(0x0000000025530000,0x0000000025630000)]
  0x000000002cb5b800 JavaThread "jar transforms Thread 196" [_thread_blocked, id=14256, stack(0x0000000025430000,0x0000000025530000)]
  0x000000002cb5f000 JavaThread "jar transforms Thread 195" [_thread_blocked, id=8436, stack(0x00000000251b0000,0x00000000252b0000)]
  0x000000002cb62000 JavaThread "jar transforms Thread 194" [_thread_blocked, id=292, stack(0x00000000250b0000,0x00000000251b0000)]
  0x000000002cb5a800 JavaThread "jar transforms Thread 193" [_thread_blocked, id=11120, stack(0x0000000024fb0000,0x00000000250b0000)]
  0x000000002cb5e800 JavaThread "jar transforms Thread 192" [_thread_blocked, id=4636, stack(0x0000000024eb0000,0x0000000024fb0000)]
  0x000000002cb61800 JavaThread "jar transforms Thread 191" [_thread_blocked, id=13564, stack(0x0000000024db0000,0x0000000024eb0000)]
  0x000000002cb5a000 JavaThread "jar transforms Thread 190" [_thread_blocked, id=7744, stack(0x0000000024cb0000,0x0000000024db0000)]
  0x000000002cb60800 JavaThread "jar transforms Thread 189" [_thread_blocked, id=6308, stack(0x0000000024bb0000,0x0000000024cb0000)]
  0x00000000200c5000 JavaThread "Build operations Thread 8" [_thread_blocked, id=13068, stack(0x0000000024ab0000,0x0000000024bb0000)]
  0x00000000200cb800 JavaThread "Build operations Thread 7" [_thread_blocked, id=8740, stack(0x00000000249b0000,0x0000000024ab0000)]
  0x00000000200c6800 JavaThread "Build operations Thread 6" [_thread_blocked, id=2768, stack(0x00000000248b0000,0x00000000249b0000)]
  0x00000000200cb000 JavaThread "Build operations Thread 5" [_thread_blocked, id=2916, stack(0x00000000247b0000,0x00000000248b0000)]
  0x00000000200ca000 JavaThread "Build operations Thread 4" [_thread_blocked, id=7828, stack(0x0000000022fe0000,0x00000000230e0000)]
  0x00000000200c2800 JavaThread "Build operations Thread 3" [_thread_blocked, id=7332, stack(0x00000000227e0000,0x00000000228e0000)]
  0x00000000200c5800 JavaThread "Build operations Thread 2" [_thread_blocked, id=12184, stack(0x0000000021480000,0x0000000021580000)]
  0x00000000200c9800 JavaThread "Build operations" [_thread_blocked, id=12660, stack(0x0000000021180000,0x0000000021280000)]
  0x00000000200c7000 JavaThread "Cache worker for cache directory md-rule (C:\Users\Dilanka Nirmal\.gradle\caches\6.5\md-rule)" [_thread_blocked, id=9504, stack(0x000000001ee70000,0x000000001ef70000)]
  0x00000000200c4000 JavaThread "Cache worker for cache directory md-supplier (C:\Users\Dilanka Nirmal\.gradle\caches\6.5\md-supplier)" [_thread_blocked, id=11008, stack(0x000000001e870000,0x000000001e970000)]
  0x00000000200c8800 JavaThread "Cache worker for checksums cache (C:\Users\Dilanka Nirmal\AndroidStudioProjects\QualityReads\.gradle\checksums)" [_thread_blocked, id=13372, stack(0x000000001e570000,0x000000001e670000)]
  0x00000000200bc800 JavaThread "Cache worker for file hash cache (C:\Users\Dilanka Nirmal\AndroidStudioProjects\QualityReads\.gradle\6.5\fileHashes)" [_thread_blocked, id=11596, stack(0x000000001e470000,0x000000001e570000)]
  0x00000000200c3800 JavaThread "Thread-277" [_thread_blocked, id=10904, stack(0x000000001e170000,0x000000001e270000)]
  0x00000000200bf000 JavaThread "Stdin handler" [_thread_blocked, id=6148, stack(0x000000001e070000,0x000000001e170000)]
  0x00000000200be000 JavaThread "Asynchronous log dispatcher for DefaultDaemonConnection: socket connection from /127.0.0.1:60800 to /127.0.0.1:61272" [_thread_blocked, id=10188, stack(0x000000001dc30000,0x000000001dd30000)]
  0x00000000200bd800 JavaThread "Daemon worker Thread 3" [_thread_blocked, id=12564, stack(0x000000001db30000,0x000000001dc30000)]
  0x00000000200c2000 JavaThread "Cancel handler" [_thread_blocked, id=9784, stack(0x00000000013e0000,0x00000000014e0000)]
  0x00000000200c0800 JavaThread "Handler for socket connection from /127.0.0.1:60800 to /127.0.0.1:61272" [_thread_in_native, id=14676, stack(0x00000000012e0000,0x00000000013e0000)]
  0x00000000200bf800 JavaThread "Daemon Thread 3" [_thread_blocked, id=10476, stack(0x00000000011e0000,0x00000000012e0000)]
  0x0000000020363000 JavaThread "Cache worker for Java compile cache (C:\Users\Dilanka Nirmal\.gradle\caches\6.5\javaCompile)" [_thread_blocked, id=8848, stack(0x000000002f7f0000,0x000000002f8f0000)]
  0x0000000021fe3800 JavaThread "Memory manager" [_thread_blocked, id=6792, stack(0x000000002b890000,0x000000002b990000)]
  0x000000001cc70800 JavaThread "Cache worker for file content cache (C:\Users\Dilanka Nirmal\.gradle\caches\6.5\fileContent)" [_thread_blocked, id=1968, stack(0x00000000230e0000,0x00000000231e0000)]
  0x000000001cc75800 JavaThread "Cache worker for execution history cache (C:\Users\Dilanka Nirmal\.gradle\caches\6.5\executionHistory)" [_thread_blocked, id=12944, stack(0x00000000228e0000,0x00000000229e0000)]
  0x000000001cc72000 JavaThread "Cache worker for file hash cache (C:\Users\Dilanka Nirmal\.gradle\caches\6.5\fileHashes)" [_thread_blocked, id=5692, stack(0x000000001ed70000,0x000000001ee70000)]
  0x000000001cc74000 JavaThread "File lock request listener" [_thread_in_native, id=15216, stack(0x000000001ec70000,0x000000001ed70000)]
  0x000000001ca56800 JavaThread "Cache worker for journal cache (C:\Users\Dilanka Nirmal\.gradle\caches\journal-1)" [_thread_blocked, id=14528, stack(0x000000001eb70000,0x000000001ec70000)]
  0x000000001c9bc800 JavaThread "Daemon periodic checks" [_thread_blocked, id=3856, stack(0x000000001df70000,0x000000001e070000)]
  0x0000000019faa000 JavaThread "Incoming local TCP Connector on port 60800" [_thread_in_native, id=1920, stack(0x000000001dd30000,0x000000001de30000)]
  0x000000001c924800 JavaThread "Daemon health stats" [_thread_blocked, id=13028, stack(0x000000001d6f0000,0x000000001d7f0000)]
  0x0000000019f23800 JavaThread "Service Thread" daemon [_thread_blocked, id=3004, stack(0x000000001ab50000,0x000000001ac50000)]
  0x0000000019e92800 JavaThread "C1 CompilerThread3" daemon [_thread_blocked, id=9204, stack(0x000000001aa50000,0x000000001ab50000)]
  0x0000000019e89000 JavaThread "C2 CompilerThread2" daemon [_thread_in_native, id=4108, stack(0x000000001a950000,0x000000001aa50000)]
=>0x000000001808b800 JavaThread "C2 CompilerThread1" daemon [_thread_in_native, id=13972, stack(0x000000001a850000,0x000000001a950000)]
  0x0000000019e86800 JavaThread "C2 CompilerThread0" daemon [_thread_in_native, id=8700, stack(0x000000001a750000,0x000000001a850000)]
  0x0000000019e85000 JavaThread "Attach Listener" daemon [_thread_blocked, id=2092, stack(0x000000001a650000,0x000000001a750000)]
  0x0000000019e84000 JavaThread "Signal Dispatcher" daemon [_thread_blocked, id=10824, stack(0x000000001a550000,0x000000001a650000)]
  0x000000000300e000 JavaThread "Finalizer" daemon [_thread_blocked, id=8080, stack(0x000000001a350000,0x000000001a450000)]
  0x000000001807c000 JavaThread "Reference Handler" daemon [_thread_blocked, id=8844, stack(0x000000001a250000,0x000000001a350000)]
  0x0000000002dde800 JavaThread "main" [_thread_blocked, id=6140, stack(0x0000000002e10000,0x0000000002f10000)]

Other Threads:
  0x0000000018078000 VMThread [stack: 0x0000000019d50000,0x0000000019e50000] [id=14564]
  0x0000000019f24800 WatcherThread [stack: 0x000000001ac50000,0x000000001ad50000] [id=11052]

VM state:not at safepoint (normal execution)

VM Mutex/Monitor currently owned by a thread:  ([mutex/lock_event])
[0x0000000002f10ad0] Compile_lock - owner thread: 0x0000000000000000

heap address: 0x0000000080000000, size: 2048 MB, Compressed Oops mode: 32-bit
Narrow klass base: 0x0000000000000000, Narrow klass shift: 3
Compressed class space size: 1073741824 Address: 0x0000000100000000

Heap:
 PSYoungGen      total 449536K, used 103038K [0x00000000d5580000, 0x00000000f4600000, 0x0000000100000000)
  eden space 390656K, 25% used [0x00000000d5580000,0x00000000db4e7ab0,0x00000000ed300000)
  from space 58880K, 9% used [0x00000000ed300000,0x00000000ed838030,0x00000000f0c80000)
  to   space 45568K, 0% used [0x00000000f1980000,0x00000000f1980000,0x00000000f4600000)
 ParOldGen       total 231936K, used 132642K [0x0000000080000000, 0x000000008e280000, 0x00000000d5580000)
  object space 231936K, 57% used [0x0000000080000000,0x0000000088188b68,0x000000008e280000)
 Metaspace       used 92656K, capacity 97130K, committed 99480K, reserved 1134592K
  class space    used 12173K, capacity 13025K, committed 13744K, reserved 1048576K

Card table byte_map: [0x00000000123d0000,0x00000000127e0000] byte_map_base: 0x0000000011fd0000

Marking Bits: (ParMarkBitMap*) 0x000000006ed7f030
 Begin Bits: [0x0000000013290000, 0x0000000015290000)
 End Bits:   [0x0000000015290000, 0x0000000017290000)

Polling page: 0x00000000016c0000

CodeCache: size=245760Kb used=46072Kb max_used=46090Kb free=199687Kb
 bounds [0x0000000003010000, 0x0000000005d60000, 0x0000000012010000]
 total_blobs=15039 nmethods=14166 adapters=783
 compilation: enabled

Compilation events (10 events):
Event: 1716.832 Thread 0x0000000019e86800 nmethod 17865 0x0000000005d24450 code [0x0000000005d245a0, 0x0000000005d247d8]
Event: 1716.832 Thread 0x0000000019e86800 17878       4       java.util.Iterator::forEachRemaining (30 bytes)
Event: 1716.832 Thread 0x0000000019e92800 17924       3       com.android.ide.common.blame.SourceFileJsonTypeAdapter::write (76 bytes)
Event: 1716.832 Thread 0x0000000019e92800 nmethod 17924 0x0000000005d231d0 code [0x0000000005d233e0, 0x0000000005d23e28]
Event: 1716.833 Thread 0x0000000019e92800 17925 %     3       java.util.Properties::saveConvert @ 35 (434 bytes)
Event: 1716.834 Thread 0x0000000019e86800 nmethod 17878 0x0000000005d259d0 code [0x0000000005d25b40, 0x0000000005d25d38]
Event: 1716.834 Thread 0x0000000019e86800 17922       4       com.google.gson.stream.JsonWriter::newline (47 bytes)
Event: 1716.841 Thread 0x0000000019e92800 nmethod 17925% 0x0000000005d378d0 code [0x0000000005d38380, 0x0000000005d425f8]
Event: 1716.841 Thread 0x0000000019e92800 17926       3       com.sun.org.apache.xerces.internal.parsers.XML11Configuration::addRecognizedParamsAndSetDefaults (173 bytes)
Event: 1716.841 Thread 0x0000000019e92800 nmethod 17926 0x0000000005d35c10 code [0x0000000005d35ea0, 0x0000000005d37008]

GC Heap History (10 events):
Event: 18.798 GC heap before
{Heap before GC invocations=19 (full 3):
 PSYoungGen      total 281088K, used 281065K [0x00000000d5580000, 0x00000000ec580000, 0x0000000100000000)
  eden space 257024K, 100% used [0x00000000d5580000,0x00000000e5080000,0x00000000e5080000)
  from space 24064K, 99% used [0x00000000e5080000,0x00000000e67fa488,0x00000000e6800000)
  to   space 28160K, 0% used [0x00000000eaa00000,0x00000000eaa00000,0x00000000ec580000)
 ParOldGen       total 116736K, used 49622K [0x0000000080000000, 0x0000000087200000, 0x00000000d5580000)
  object space 116736K, 42% used [0x0000000080000000,0x0000000083075aa0,0x0000000087200000)
 Metaspace       used 77153K, capacity 80798K, committed 81048K, reserved 1120256K
  class space    used 10426K, capacity 11087K, committed 11184K, reserved 1048576K
Event: 19.071 GC heap after
Heap after GC invocations=19 (full 3):
 PSYoungGen      total 335872K, used 28151K [0x00000000d5580000, 0x00000000f0f80000, 0x0000000100000000)
  eden space 307712K, 0% used [0x00000000d5580000,0x00000000d5580000,0x00000000e8200000)
  from space 28160K, 99% used [0x00000000eaa00000,0x00000000ec57dd30,0x00000000ec580000)
  to   space 40960K, 0% used [0x00000000e8200000,0x00000000e8200000,0x00000000eaa00000)
 ParOldGen       total 116736K, used 71770K [0x0000000080000000, 0x0000000087200000, 0x00000000d5580000)
  object space 116736K, 61% used [0x0000000080000000,0x0000000084616bc8,0x0000000087200000)
 Metaspace       used 77153K, capacity 80798K, committed 81048K, reserved 1120256K
  class space    used 10426K, capacity 11087K, committed 11184K, reserved 1048576K
}
Event: 20.880 GC heap before
{Heap before GC invocations=20 (full 3):
 PSYoungGen      total 335872K, used 335863K [0x00000000d5580000, 0x00000000f0f80000, 0x0000000100000000)
  eden space 307712K, 100% used [0x00000000d5580000,0x00000000e8200000,0x00000000e8200000)
  from space 28160K, 99% used [0x00000000eaa00000,0x00000000ec57dd30,0x00000000ec580000)
  to   space 40960K, 0% used [0x00000000e8200000,0x00000000e8200000,0x00000000eaa00000)
 ParOldGen       total 116736K, used 71770K [0x0000000080000000, 0x0000000087200000, 0x00000000d5580000)
  object space 116736K, 61% used [0x0000000080000000,0x0000000084616bc8,0x0000000087200000)
 Metaspace       used 87896K, capacity 93748K, committed 94104K, reserved 1130496K
  class space    used 12190K, capacity 13364K, committed 13488K, reserved 1048576K
Event: 21.200 GC heap after
Heap after GC invocations=20 (full 3):
 PSYoungGen      total 348672K, used 40942K [0x00000000d5580000, 0x00000000f5600000, 0x0000000100000000)
  eden space 307712K, 0% used [0x00000000d5580000,0x00000000d5580000,0x00000000e8200000)
  from space 40960K, 99% used [0x00000000e8200000,0x00000000ea9fbbb0,0x00000000eaa00000)
  to   space 61952K, 0% used [0x00000000f1980000,0x00000000f1980000,0x00000000f5600000)
 ParOldGen       total 116736K, used 109924K [0x0000000080000000, 0x0000000087200000, 0x00000000d5580000)
  object space 116736K, 94% used [0x0000000080000000,0x0000000086b593a8,0x0000000087200000)
 Metaspace       used 87896K, capacity 93748K, committed 94104K, reserved 1130496K
  class space    used 12190K, capacity 13364K, committed 13488K, reserved 1048576K
}
Event: 21.201 GC heap before
{Heap before GC invocations=21 (full 4):
 PSYoungGen      total 348672K, used 40942K [0x00000000d5580000, 0x00000000f5600000, 0x0000000100000000)
  eden space 307712K, 0% used [0x00000000d5580000,0x00000000d5580000,0x00000000e8200000)
  from space 40960K, 99% used [0x00000000e8200000,0x00000000ea9fbbb0,0x00000000eaa00000)
  to   space 61952K, 0% used [0x00000000f1980000,0x00000000f1980000,0x00000000f5600000)
 ParOldGen       total 116736K, used 109924K [0x0000000080000000, 0x0000000087200000, 0x00000000d5580000)
  object space 116736K, 94% used [0x0000000080000000,0x0000000086b593a8,0x0000000087200000)
 Metaspace       used 87896K, capacity 93748K, committed 94104K, reserved 1130496K
  class space    used 12190K, capacity 13364K, committed 13488K, reserved 1048576K
Event: 22.006 GC heap after
Heap after GC invocations=21 (full 4):
 PSYoungGen      total 348672K, used 21441K [0x00000000d5580000, 0x00000000f5600000, 0x0000000100000000)
  eden space 307712K, 0% used [0x00000000d5580000,0x00000000d5580000,0x00000000e8200000)
  from space 40960K, 52% used [0x00000000e8200000,0x00000000e96f0780,0x00000000eaa00000)
  to   space 61952K, 0% used [0x00000000f1980000,0x00000000f1980000,0x00000000f5600000)
 ParOldGen       total 231936K, used 116725K [0x0000000080000000, 0x000000008e280000, 0x00000000d5580000)
  object space 231936K, 50% used [0x0000000080000000,0x00000000871fd798,0x000000008e280000)
 Metaspace       used 86660K, capacity 90920K, committed 94104K, reserved 1130496K
  class space    used 11743K, capacity 12564K, committed 13488K, reserved 1048576K
}
Event: 186.703 GC heap before
{Heap before GC invocations=22 (full 4):
 PSYoungGen      total 348672K, used 329153K [0x00000000d5580000, 0x00000000f5600000, 0x0000000100000000)
  eden space 307712K, 100% used [0x00000000d5580000,0x00000000e8200000,0x00000000e8200000)
  from space 40960K, 52% used [0x00000000e8200000,0x00000000e96f0780,0x00000000eaa00000)
  to   space 61952K, 0% used [0x00000000f1980000,0x00000000f1980000,0x00000000f5600000)
 ParOldGen       total 231936K, used 116725K [0x0000000080000000, 0x000000008e280000, 0x00000000d5580000)
  object space 231936K, 50% used [0x0000000080000000,0x00000000871fd798,0x000000008e280000)
 Metaspace       used 91518K, capacity 95996K, committed 98456K, reserved 1134592K
  class space    used 12146K, capacity 13004K, committed 13744K, reserved 1048576K
Event: 186.759 GC heap after
Heap after GC invocations=22 (full 4):
 PSYoungGen      total 436224K, used 17679K [0x00000000d5580000, 0x00000000f4600000, 0x0000000100000000)
  eden space 390656K, 0% used [0x00000000d5580000,0x00000000d5580000,0x00000000ed300000)
  from space 45568K, 38% used [0x00000000f1980000,0x00000000f2ac3d48,0x00000000f4600000)
  to   space 58880K, 0% used [0x00000000ed300000,0x00000000ed300000,0x00000000f0c80000)
 ParOldGen       total 231936K, used 128520K [0x0000000080000000, 0x000000008e280000, 0x00000000d5580000)
  object space 231936K, 55% used [0x0000000080000000,0x0000000087d82070,0x000000008e280000)
 Metaspace       used 91518K, capacity 95996K, committed 98456K, reserved 1134592K
  class space    used 12146K, capacity 13004K, committed 13744K, reserved 1048576K
}
Event: 1716.149 GC heap before
{Heap before GC invocations=23 (full 4):
 PSYoungGen      total 436224K, used 408335K [0x00000000d5580000, 0x00000000f4600000, 0x0000000100000000)
  eden space 390656K, 100% used [0x00000000d5580000,0x00000000ed300000,0x00000000ed300000)
  from space 45568K, 38% used [0x00000000f1980000,0x00000000f2ac3d48,0x00000000f4600000)
  to   space 58880K, 0% used [0x00000000ed300000,0x00000000ed300000,0x00000000f0c80000)
 ParOldGen       total 231936K, used 128520K [0x0000000080000000, 0x000000008e280000, 0x00000000d5580000)
  object space 231936K, 55% used [0x0000000080000000,0x0000000087d82070,0x000000008e280000)
 Metaspace       used 92471K, capacity 96972K, committed 99480K, reserved 1134592K
  class space    used 12158K, capacity 13020K, committed 13744K, reserved 1048576K
Event: 1716.253 GC heap after
Heap after GC invocations=23 (full 4):
 PSYoungGen      total 449536K, used 5344K [0x00000000d5580000, 0x00000000f4600000, 0x0000000100000000)
  eden space 390656K, 0% used [0x00000000d5580000,0x00000000d5580000,0x00000000ed300000)
  from space 58880K, 9% used [0x00000000ed300000,0x00000000ed838030,0x00000000f0c80000)
  to   space 45568K, 0% used [0x00000000f1980000,0x00000000f1980000,0x00000000f4600000)
 ParOldGen       total 231936K, used 132642K [0x0000000080000000, 0x000000008e280000, 0x00000000d5580000)
  object space 231936K, 57% used [0x0000000080000000,0x0000000088188b68,0x000000008e280000)
 Metaspace       used 92471K, capacity 96972K, committed 99480K, reserved 1134592K
  class space    used 12158K, capacity 13020K, committed 13744K, reserved 1048576K
}

Deoptimization events (10 events):
Event: 1716.652 Thread 0x000000001d4c1000 Uncommon trap: reason=bimorphic action=maybe_recompile pc=0x00000000047f21a0 method=com.android.utils.XmlUtils.append(Lcom/android/utils/XmlUtils$PositionAwareStringBuilder;Lorg/w3c/dom/Node;Ljava/util/Map;Ljava/util/Set;)V @ 319
Event: 1716.652 Thread 0x000000001d4c1000 Uncommon trap: reason=bimorphic action=maybe_recompile pc=0x00000000047f21a0 method=com.android.utils.XmlUtils.append(Lcom/android/utils/XmlUtils$PositionAwareStringBuilder;Lorg/w3c/dom/Node;Ljava/util/Map;Ljava/util/Set;)V @ 319
Event: 1716.653 Thread 0x000000001d4c1000 Uncommon trap: reason=class_check action=maybe_recompile pc=0x00000000047f1938 method=com.android.utils.XmlUtils.append(Lcom/android/utils/XmlUtils$PositionAwareStringBuilder;Lorg/w3c/dom/Node;Ljava/util/Map;Ljava/util/Set;)V @ 260
Event: 1716.653 Thread 0x000000001d4c1000 Uncommon trap: reason=bimorphic action=maybe_recompile pc=0x00000000047f21a0 method=com.android.utils.XmlUtils.append(Lcom/android/utils/XmlUtils$PositionAwareStringBuilder;Lorg/w3c/dom/Node;Ljava/util/Map;Ljava/util/Set;)V @ 319
Event: 1716.680 Thread 0x000000001d4c1000 Uncommon trap: reason=unstable_if action=reinterpret pc=0x00000000047f1bd4 method=com.android.utils.XmlUtils.append(Lcom/android/utils/XmlUtils$PositionAwareStringBuilder;Lorg/w3c/dom/Node;Ljava/util/Map;Ljava/util/Set;)V @ 540
Event: 1716.684 Thread 0x000000001d4c1000 Uncommon trap: reason=class_check action=maybe_recompile pc=0x0000000004c1d128 method=java.io.Writer.append(Ljava/lang/CharSequence;)Ljava/io/Writer; @ 20
Event: 1716.698 Thread 0x000000001d4c1000 Uncommon trap: reason=unstable_if action=reinterpret pc=0x0000000003f22e70 method=com.google.gson.stream.JsonReader.nextQuotedValue(C)Ljava/lang/String; @ 96
Event: 1716.785 Thread 0x000000001d4c1000 Uncommon trap: reason=unstable_if action=reinterpret pc=0x0000000003a88118 method=java.lang.AbstractStringBuilder.append(I)Ljava/lang/AbstractStringBuilder; @ 16
Event: 1716.785 Thread 0x000000001d4c1000 Uncommon trap: reason=unstable_if action=reinterpret pc=0x0000000004d17118 method=java.lang.Integer.getChars(II[C)V @ 7
Event: 1716.785 Thread 0x000000001d4c1000 Uncommon trap: reason=unstable_if action=reinterpret pc=0x0000000003a84dc4 method=java.lang.AbstractStringBuilder.append(I)Ljava/lang/AbstractStringBuilder; @ 16

Classes redefined (0 events):
No events

Internal exceptions (10 events):
Event: 189.149 Thread 0x00000000200c5000 Exception <a 'sun/nio/fs/WindowsException'> (0x00000000e4ff5730) thrown at [C:\src\AOSP-openjdk-git\hotspot\src\share\vm\prims\jni.cpp, line 710]
Event: 189.285 Thread 0x000000002cb5a000 Exception <a 'sun/nio/fs/WindowsException'> (0x00000000e75093a8) thrown at [C:\src\AOSP-openjdk-git\hotspot\src\share\vm\prims\jni.cpp, line 710]
Event: 189.285 Thread 0x000000002cb5a000 Exception <a 'sun/nio/fs/WindowsException'> (0x00000000e750ac28) thrown at [C:\src\AOSP-openjdk-git\hotspot\src\share\vm\prims\jni.cpp, line 710]
Event: 189.286 Thread 0x000000002cb5a000 Exception <a 'sun/nio/fs/WindowsException'> (0x00000000e7512770) thrown at [C:\src\AOSP-openjdk-git\hotspot\src\share\vm\prims\jni.cpp, line 710]
Event: 189.286 Thread 0x000000002cb5a000 Exception <a 'sun/nio/fs/WindowsException'> (0x00000000e7514030) thrown at [C:\src\AOSP-openjdk-git\hotspot\src\share\vm\prims\jni.cpp, line 710]
Event: 189.286 Thread 0x000000002cb5a000 Exception <a 'sun/nio/fs/WindowsException'> (0x00000000e7516ac0) thrown at [C:\src\AOSP-openjdk-git\hotspot\src\share\vm\prims\jni.cpp, line 710]
Event: 189.286 Thread 0x000000002cb5a000 Exception <a 'sun/nio/fs/WindowsException'> (0x00000000e7518390) thrown at [C:\src\AOSP-openjdk-git\hotspot\src\share\vm\prims\jni.cpp, line 710]
Event: 1715.803 Thread 0x00000000200bd800 Exception <a 'sun/nio/fs/WindowsException'> (0x00000000eb9a4ed0) thrown at [C:\src\AOSP-openjdk-git\hotspot\src\share\vm\prims\jni.cpp, line 710]
Event: 1715.949 Thread 0x00000000200bd800 Exception <a 'sun/nio/fs/WindowsException'> (0x00000000ebf04850) thrown at [C:\src\AOSP-openjdk-git\hotspot\src\share\vm\prims\jni.cpp, line 710]
Event: 1716.407 Thread 0x000000001d4c1000 Implicit null exception at 0x00000000039bcd4c to 0x00000000039bd3c5

Events (10 events):
Event: 1716.785 Thread 0x000000001d4c1000 DEOPT PACKING pc=0x0000000003a88118 sp=0x000000002b12ae50
Event: 1716.785 Thread 0x000000001d4c1000 DEOPT UNPACKING pc=0x000000000305557b sp=0x000000002b12ade8 mode 2
Event: 1716.785 Thread 0x000000001d4c1000 Uncommon trap: trap_request=0xffffff65 fr.pc=0x0000000004d17118
Event: 1716.785 Thread 0x000000001d4c1000 DEOPT PACKING pc=0x0000000004d17118 sp=0x000000002b12adc0
Event: 1716.785 Thread 0x000000001d4c1000 DEOPT UNPACKING pc=0x000000000305557b sp=0x000000002b12ad58 mode 2
Event: 1716.785 Thread 0x000000001d4c1000 Uncommon trap: trap_request=0xffffff65 fr.pc=0x0000000003a84dc4
Event: 1716.785 Thread 0x000000001d4c1000 DEOPT PACKING pc=0x0000000003a84dc4 sp=0x000000002b12ae00
Event: 1716.785 Thread 0x000000001d4c1000 DEOPT UNPACKING pc=0x000000000305557b sp=0x000000002b12ade8 mode 2
Event: 1716.817 Thread 0x000000001d4c1000 DEOPT PACKING pc=0x0000000005d1509e sp=0x000000002b12adb0
Event: 1716.818 Thread 0x000000001d4c1000 DEOPT UNPACKING pc=0x00000000030575d0 sp=0x000000002b12ab00 mode 0


Dynamic libraries:
0x00007ff65c9a0000 - 0x00007ff65c9d1000 	C:\Program Files\Android\Android Studio\jre\bin\java.exe
0x00007ff992f10000 - 0x00007ff993105000 	C:\WINDOWS\SYSTEM32\ntdll.dll
0x00007ff992730000 - 0x00007ff9927ed000 	C:\WINDOWS\System32\KERNEL32.DLL
0x00007ff990c50000 - 0x00007ff990f18000 	C:\WINDOWS\System32\KERNELBASE.dll
0x00007ff991be0000 - 0x00007ff991c8c000 	C:\WINDOWS\System32\ADVAPI32.dll
0x00007ff9925c0000 - 0x00007ff99265e000 	C:\WINDOWS\System32\msvcrt.dll
0x00007ff992490000 - 0x00007ff99252b000 	C:\WINDOWS\System32\sechost.dll
0x00007ff991860000 - 0x00007ff99198b000 	C:\WINDOWS\System32\RPCRT4.dll
0x00007ff992c20000 - 0x00007ff992dc0000 	C:\WINDOWS\System32\USER32.dll
0x00007ff990990000 - 0x00007ff9909b2000 	C:\WINDOWS\System32\win32u.dll
0x00007ff9916e0000 - 0x00007ff99170a000 	C:\WINDOWS\System32\GDI32.dll
0x00007ff990b40000 - 0x00007ff990c4b000 	C:\WINDOWS\System32\gdi32full.dll
0x00007ff990aa0000 - 0x00007ff990b3d000 	C:\WINDOWS\System32\msvcp_win.dll
0x00007ff990650000 - 0x00007ff990750000 	C:\WINDOWS\System32\ucrtbase.dll
0x00007ff9821b0000 - 0x00007ff98244a000 	C:\WINDOWS\WinSxS\amd64_microsoft.windows.common-controls_6595b64144ccf1df_6.0.19041.844_none_ca00b6081b84eb1d\COMCTL32.dll
0x00007ff991710000 - 0x00007ff991740000 	C:\WINDOWS\System32\IMM32.DLL
0x000000006d9c0000 - 0x000000006da92000 	C:\Program Files\Android\Android Studio\jre\jre\bin\msvcr100.dll
0x000000006e5b0000 - 0x000000006edfb000 	C:\Program Files\Android\Android Studio\jre\jre\bin\server\jvm.dll
0x00007ff9925b0000 - 0x00007ff9925b8000 	C:\WINDOWS\System32\PSAPI.DLL
0x00007ff982610000 - 0x00007ff982637000 	C:\WINDOWS\SYSTEM32\WINMM.dll
0x00007ff98af10000 - 0x00007ff98af1a000 	C:\WINDOWS\SYSTEM32\VERSION.dll
0x00007ff978840000 - 0x00007ff978849000 	C:\WINDOWS\SYSTEM32\WSOCK32.dll
0x00007ff992850000 - 0x00007ff9928bb000 	C:\WINDOWS\System32\ws2_32.DLL
0x00007ff96d960000 - 0x00007ff96d96f000 	C:\Program Files\Android\Android Studio\jre\jre\bin\verify.dll
0x00007ff95b320000 - 0x00007ff95b349000 	C:\Program Files\Android\Android Studio\jre\jre\bin\java.dll
0x00007ff9656d0000 - 0x00007ff9656e6000 	C:\Program Files\Android\Android Studio\jre\jre\bin\zip.dll
0x00007ff991c90000 - 0x00007ff9923d2000 	C:\WINDOWS\System32\SHELL32.dll
0x00007ff98e790000 - 0x00007ff98ef21000 	C:\WINDOWS\SYSTEM32\windows.storage.dll
0x00007ff9928c0000 - 0x00007ff992c15000 	C:\WINDOWS\System32\combase.dll
0x00007ff9900c0000 - 0x00007ff9900ec000 	C:\WINDOWS\SYSTEM32\Wldp.dll
0x00007ff992dc0000 - 0x00007ff992e6e000 	C:\WINDOWS\System32\SHCORE.dll
0x00007ff991680000 - 0x00007ff9916d5000 	C:\WINDOWS\System32\shlwapi.dll
0x00007ff990590000 - 0x00007ff9905af000 	C:\WINDOWS\SYSTEM32\profapi.dll
0x00007ff963820000 - 0x00007ff96383a000 	C:\Program Files\Android\Android Studio\jre\jre\bin\net.dll
0x00007ff98fe30000 - 0x00007ff98fe9a000 	C:\WINDOWS\system32\mswsock.dll
0x00007ff95a760000 - 0x00007ff95a773000 	C:\Program Files\Android\Android Studio\jre\jre\bin\nio.dll
0x00007ff979c00000 - 0x00007ff979c27000 	C:\Users\Dilanka Nirmal\.gradle\native\f6784746aeab05261644944871eae4fe03e0ef1612fff0a4a95f87b438bc6780\windows-amd64\native-platform.dll
0x00007ff96d790000 - 0x00007ff96d79d000 	C:\Program Files\Android\Android Studio\jre\jre\bin\management.dll
0x00007ff990000000 - 0x00007ff990018000 	C:\WINDOWS\SYSTEM32\CRYPTSP.dll
0x00007ff98f760000 - 0x00007ff98f794000 	C:\WINDOWS\system32\rsaenh.dll
0x00007ff990800000 - 0x00007ff990827000 	C:\WINDOWS\System32\bcrypt.dll
0x00007ff990550000 - 0x00007ff99057e000 	C:\WINDOWS\SYSTEM32\USERENV.dll
0x00007ff990a20000 - 0x00007ff990aa0000 	C:\WINDOWS\System32\bcryptprimitives.dll
0x00007ff990020000 - 0x00007ff99002c000 	C:\WINDOWS\SYSTEM32\CRYPTBASE.dll
0x00007ff98fad0000 - 0x00007ff98fb0b000 	C:\WINDOWS\SYSTEM32\IPHLPAPI.DLL
0x00007ff991990000 - 0x00007ff991998000 	C:\WINDOWS\System32\NSI.dll
0x00007ff98a270000 - 0x00007ff98a287000 	C:\WINDOWS\SYSTEM32\dhcpcsvc6.DLL
0x00007ff98a320000 - 0x00007ff98a33d000 	C:\WINDOWS\SYSTEM32\dhcpcsvc.DLL
0x00007ff98fb20000 - 0x00007ff98fbec000 	C:\WINDOWS\SYSTEM32\DNSAPI.dll
0x00007ff98a680000 - 0x00007ff98a68b000 	C:\WINDOWS\SYSTEM32\WINNSI.DLL

VM Arguments:
jvm_args: -Xmx2048m -Dfile.encoding=UTF-8 -Duser.country=US -Duser.language=en -Duser.variant 
java_command: org.gradle.launcher.daemon.bootstrap.GradleDaemon 6.5
java_class_path (initial): C:\Users\Dilanka Nirmal\.gradle\wrapper\dists\gradle-6.5-bin\6nifqtx7604sqp1q6g8wikw7p\gradle-6.5\lib\gradle-launcher-6.5.jar
Launcher Type: SUN_STANDARD

Environment Variables:
PATH=C:\Program Files (x86)\Common Files\Oracle\Java\javapath;C:\Windows\system32;C:\Windows;C:\Windows\System32\Wbem;C:\Windows\System32\WindowsPowerShell\v1.0\;C:\Windows\System32\OpenSSH\;C:\Program Files (x86)\NVIDIA Corporation\PhysX\Common;C:\Program Files\NVIDIA Corporation\NVIDIA NvDLISR;C:\Program Files\Java\jdk1.8.0_251\bin;C:\Program Files\nodejs\;C:\Program Files\Git\cmd;C:\WINDOWS\system32;C:\WINDOWS;C:\WINDOWS\System32\Wbem;C:\WINDOWS\System32\WindowsPowerShell\v1.0\;C:\WINDOWS\System32\OpenSSH\;C:\Users\Dilanka Nirmal\AppData\Local\Microsoft\WindowsApps;;C:\Users\Dilanka Nirmal\AppData\Local\Programs\Microsoft VS Code\bin;C:\Users\Dilanka Nirmal\AppData\Roaming\npm
USERNAME=Dilanka Nirmal
OS=Windows_NT
PROCESSOR_IDENTIFIER=Intel64 Family 6 Model 158 Stepping 13, GenuineIntel



---------------  S Y S T E M  ---------------

OS: Windows 10.0 , 64 bit Build 19041 (10.0.19041.928)

CPU:total 8 (initial active 8) (4 cores per cpu, 2 threads per core) family 6 model 158 stepping 13, cmov, cx8, fxsr, mmx, sse, sse2, sse3, ssse3, sse4.1, sse4.2, popcnt, avx, avx2, aes, clmul, erms, 3dnowpref, lzcnt, ht, tsc, tscinvbit, bmi1, bmi2, adx

Memory: 4k page, physical 8228964k(3326284k free), swap 33394788k(5984k free)

vm_info: OpenJDK 64-Bit Server VM (25.242-b01) for windows-amd64 JRE (1.8.0_242-release-1644-b01), built by "builder" with MS VC++ 10.0 (VS2010)

time: Tue Apr 27 10:59:49 2021
timezone: Sri Lanka Standard Time
elapsed time: 1716 seconds (0d 0h 28m 36s)

