#
# There is insufficient memory for the Java Runtime Environment to continue.
# Native memory allocation (malloc) failed to allocate 1251936 bytes for Chunk::new
# Possible reasons:
#   The system is out of physical RAM or swap space
#   The process is running with CompressedOops enabled, and the Java Heap may be blocking the growth of the native heap
# Possible solutions:
#   Reduce memory load on the system
#   Increase physical memory or swap space
#   Check if swap backing store is full
#   Decrease Java heap size (-Xmx/-Xms)
#   Decrease number of Java threads
#   Decrease Java thread stack sizes (-Xss)
#   Set larger code cache with -XX:ReservedCodeCacheSize=
#   JVM is running with Unscaled Compressed Oops mode in which the Java heap is
#     placed in the first 4GB address space. The Java Heap base address is the
#     maximum limit for the native heap growth. Please use -XX:HeapBaseMinAddress
#     to set the Java Heap base and to place the Java Heap above 4GB virtual address.
# This output file may be truncated or incomplete.
#
#  Out of Memory Error (allocation.cpp:389), pid=5504, tid=0x0000000000001dd4
#
# JRE version: OpenJDK Runtime Environment (8.0_242-b01) (build 1.8.0_242-release-1644-b01)
# Java VM: OpenJDK 64-Bit Server VM (25.242-b01 mixed mode windows-amd64 compressed oops)
# Failed to write core dump. Minidumps are not enabled by default on client versions of Windows
#

---------------  T H R E A D  ---------------

Current thread (0x000000001a274800):  JavaThread "C2 CompilerThread0" daemon [_thread_in_native, id=7636, stack(0x000000001ab40000,0x000000001ac40000)]

Stack: [0x000000001ab40000,0x000000001ac40000]
[error occurred during error reporting (printing stack bounds), id 0xc0000005]

Native frames: (J=compiled Java code, j=interpreted, Vv=VM code, C=native code)


Current CompileTask:
C2:   1418 1476       4       java.net.URLClassLoader$1::run (5 bytes)


---------------  P R O C E S S  ---------------

Java Threads: ( => current thread )
  0x000000001d1e0000 JavaThread "Cache worker for file hash cache (C:\Users\Dilanka Nirmal\.gradle\caches\6.5\fileHashes)" [_thread_blocked, id=4908, stack(0x000000001f160000,0x000000001f260000)]
  0x000000001d1e5800 JavaThread "File lock request listener" [_thread_in_native, id=13184, stack(0x000000001f060000,0x000000001f160000)]
  0x000000001d068800 JavaThread "Cache worker for journal cache (C:\Users\Dilanka Nirmal\.gradle\caches\journal-1)" [_thread_blocked, id=7784, stack(0x000000001ef60000,0x000000001f060000)]
  0x000000001cbe7800 JavaThread "Thread-9" [_thread_blocked, id=5284, stack(0x000000001ec60000,0x000000001ed60000)]
  0x000000001bf2e800 JavaThread "Stdin handler" [_thread_blocked, id=4600, stack(0x000000001eb60000,0x000000001ec60000)]
  0x000000001bf2d800 JavaThread "Asynchronous log dispatcher for DefaultDaemonConnection: socket connection from /127.0.0.1:61394 to /127.0.0.1:61395" [_thread_blocked, id=4660, stack(0x000000001ea60000,0x000000001eb60000)]
  0x000000001cab0000 JavaThread "Daemon worker" [_thread_in_Java, id=12220, stack(0x000000001e960000,0x000000001ea60000)]
  0x000000001caae800 JavaThread "Cancel handler" [_thread_blocked, id=2252, stack(0x000000001e860000,0x000000001e960000)]
  0x000000001ca2a800 JavaThread "Handler for socket connection from /127.0.0.1:61394 to /127.0.0.1:61395" [_thread_in_native, id=1008, stack(0x000000001e560000,0x000000001e660000)]
  0x000000001cd0b000 JavaThread "Daemon" [_thread_blocked, id=15212, stack(0x000000001e460000,0x000000001e560000)]
  0x000000001b1ae800 JavaThread "Daemon periodic checks" [_thread_blocked, id=13556, stack(0x000000001e360000,0x000000001e460000)]
  0x000000001ca91000 JavaThread "Incoming local TCP Connector on port 61394" [_thread_in_native, id=14460, stack(0x000000001e120000,0x000000001e220000)]
  0x000000001b1a0000 JavaThread "Daemon health stats" [_thread_blocked, id=10204, stack(0x000000001dae0000,0x000000001dbe0000)]
  0x000000001a2e4800 JavaThread "Service Thread" daemon [_thread_blocked, id=1148, stack(0x000000001af40000,0x000000001b040000)]
  0x000000001a29c800 JavaThread "C1 CompilerThread3" daemon [_thread_blocked, id=11936, stack(0x000000001ae40000,0x000000001af40000)]
  0x000000001a280000 JavaThread "C2 CompilerThread2" daemon [_thread_blocked, id=14152, stack(0x000000001ad40000,0x000000001ae40000)]
  0x000000001a27b000 JavaThread "C2 CompilerThread1" daemon [_thread_blocked, id=15260, stack(0x000000001ac40000,0x000000001ad40000)]
=>0x000000001a274800 JavaThread "C2 CompilerThread0" daemon [_thread_in_native, id=7636, stack(0x000000001ab40000,0x000000001ac40000)]
  0x000000001a26f800 JavaThread "Attach Listener" daemon [_thread_blocked, id=8848, stack(0x000000001aa40000,0x000000001ab40000)]
  0x000000001846e800 JavaThread "Signal Dispatcher" daemon [_thread_blocked, id=8976, stack(0x000000001a940000,0x000000001aa40000)]
  0x00000000033e9000 JavaThread "Finalizer" daemon [_thread_blocked, id=3240, stack(0x000000001a740000,0x000000001a840000)]
  0x000000001845c000 JavaThread "Reference Handler" daemon [_thread_blocked, id=3848, stack(0x000000001a640000,0x000000001a740000)]
  0x00000000031ee800 JavaThread "main" [_thread_blocked, id=1372, stack(0x00000000031f0000,0x00000000032f0000)]

Other Threads:
  0x0000000018458000 VMThread [stack: 0x000000001a140000,0x000000001a240000] [id=1600]
  0x000000001a2e5800 WatcherThread [stack: 0x000000001b040000,0x000000001b140000] [id=11244]

VM state:not at safepoint (normal execution)

VM Mutex/Monitor currently owned by a thread: None

heap address: 0x0000000080000000, size: 2048 MB, Compressed Oops mode: 32-bit
Narrow klass base: 0x0000000000000000, Narrow klass shift: 3
Compressed class space size: 1073741824 Address: 0x0000000100000000

Heap:
 PSYoungGen      total 37888K, used 14730K [0x00000000d5580000, 0x00000000d7f80000, 0x0000000100000000)
  eden space 32768K, 29% used [0x00000000d5580000,0x00000000d5ee9268,0x00000000d7580000)
  from space 5120K, 99% used [0x00000000d7a80000,0x00000000d7f79740,0x00000000d7f80000)
  to   space 5120K, 0% used [0x00000000d7580000,0x00000000d7580000,0x00000000d7a80000)
 ParOldGen       total 86016K, used 2922K [0x0000000080000000, 0x0000000085400000, 0x00000000d5580000)
  object space 86016K, 3% used [0x0000000080000000,0x00000000802da980,0x0000000085400000)
 Metaspace       used 16013K, capacity 16596K, committed 16640K, reserved 1062912K
  class space    used 2111K, capacity 2270K, committed 2304K, reserved 1048576K

Card table byte_map: [0x00000000127b0000,0x0000000012bc0000] byte_map_base: 0x00000000123b0000

Marking Bits: (ParMarkBitMap*) 0x000000006ed7f030
 Begin Bits: [0x0000000013670000, 0x0000000015670000)
 End Bits:   [0x0000000015670000, 0x0000000017670000)

Polling page: 0x0000000003050000

CodeCache: size=245760Kb used=5357Kb max_used=5372Kb free=240402Kb
 bounds [0x00000000033f0000, 0x0000000003940000, 0x00000000123f0000]
 total_blobs=1902 nmethods=1506 adapters=309
 compilation: enabled

Compilation events (10 events):
Event: 1.408 Thread 0x000000001a29c800 1500       3       jdk.internal.org.objectweb.asm.MethodWriter::<init> (268 bytes)
Event: 1.409 Thread 0x000000001a29c800 nmethod 1500 0x0000000003925d10 code [0x0000000003925f40, 0x0000000003926c28]
Event: 1.409 Thread 0x000000001a29c800 1499       3       jdk.internal.org.objectweb.asm.ClassWriter::visitMethod (24 bytes)
Event: 1.409 Thread 0x000000001a29c800 nmethod 1499 0x0000000003925890 code [0x0000000003925a00, 0x0000000003925c48]
Event: 1.409 Thread 0x000000001a29c800 1501       3       java.lang.invoke.MethodType::basicType (8 bytes)
Event: 1.409 Thread 0x000000001a29c800 nmethod 1501 0x0000000003928590 code [0x00000000039286e0, 0x00000000039288d0]
Event: 1.410 Thread 0x000000001a29c800 1502       1       java.lang.Integer::intValue (5 bytes)
Event: 1.410 Thread 0x000000001a29c800 nmethod 1502 0x0000000003928990 code [0x0000000003928ae0, 0x0000000003928bf0]
Event: 1.411 Thread 0x000000001a29c800 1504       3       jdk.internal.org.objectweb.asm.MethodWriter::visitTypeInsn (110 bytes)
Event: 1.411 Thread 0x000000001a29c800 nmethod 1504 0x0000000003928c50 code [0x0000000003928de0, 0x0000000003929208]

GC Heap History (8 events):
Event: 0.479 GC heap before
{Heap before GC invocations=1 (full 0):
 PSYoungGen      total 37888K, used 32768K [0x00000000d5580000, 0x00000000d7f80000, 0x0000000100000000)
  eden space 32768K, 100% used [0x00000000d5580000,0x00000000d7580000,0x00000000d7580000)
  from space 5120K, 0% used [0x00000000d7a80000,0x00000000d7a80000,0x00000000d7f80000)
  to   space 5120K, 0% used [0x00000000d7580000,0x00000000d7580000,0x00000000d7a80000)
 ParOldGen       total 86016K, used 0K [0x0000000080000000, 0x0000000085400000, 0x00000000d5580000)
  object space 86016K, 0% used [0x0000000080000000,0x0000000080000000,0x0000000085400000)
 Metaspace       used 7219K, capacity 7454K, committed 7680K, reserved 1056768K
  class space    used 890K, capacity 973K, committed 1024K, reserved 1048576K
Event: 0.483 GC heap after
Heap after GC invocations=1 (full 0):
 PSYoungGen      total 37888K, used 4447K [0x00000000d5580000, 0x00000000d7f80000, 0x0000000100000000)
  eden space 32768K, 0% used [0x00000000d5580000,0x00000000d5580000,0x00000000d7580000)
  from space 5120K, 86% used [0x00000000d7580000,0x00000000d79d7dd8,0x00000000d7a80000)
  to   space 5120K, 0% used [0x00000000d7a80000,0x00000000d7a80000,0x00000000d7f80000)
 ParOldGen       total 86016K, used 16K [0x0000000080000000, 0x0000000085400000, 0x00000000d5580000)
  object space 86016K, 0% used [0x0000000080000000,0x0000000080004000,0x0000000085400000)
 Metaspace       used 7219K, capacity 7454K, committed 7680K, reserved 1056768K
  class space    used 890K, capacity 973K, committed 1024K, reserved 1048576K
}
Event: 0.699 GC heap before
{Heap before GC invocations=2 (full 0):
 PSYoungGen      total 37888K, used 37215K [0x00000000d5580000, 0x00000000d7f80000, 0x0000000100000000)
  eden space 32768K, 100% used [0x00000000d5580000,0x00000000d7580000,0x00000000d7580000)
  from space 5120K, 86% used [0x00000000d7580000,0x00000000d79d7dd8,0x00000000d7a80000)
  to   space 5120K, 0% used [0x00000000d7a80000,0x00000000d7a80000,0x00000000d7f80000)
 ParOldGen       total 86016K, used 16K [0x0000000080000000, 0x0000000085400000, 0x00000000d5580000)
  object space 86016K, 0% used [0x0000000080000000,0x0000000080004000,0x0000000085400000)
 Metaspace       used 7392K, capacity 7646K, committed 7936K, reserved 1056768K
  class space    used 898K, capacity 973K, committed 1024K, reserved 1048576K
Event: 0.701 GC heap after
Heap after GC invocations=2 (full 0):
 PSYoungGen      total 37888K, used 3121K [0x00000000d5580000, 0x00000000d7f80000, 0x0000000100000000)
  eden space 32768K, 0% used [0x00000000d5580000,0x00000000d5580000,0x00000000d7580000)
  from space 5120K, 60% used [0x00000000d7a80000,0x00000000d7d8c5d8,0x00000000d7f80000)
  to   space 5120K, 0% used [0x00000000d7580000,0x00000000d7580000,0x00000000d7a80000)
 ParOldGen       total 86016K, used 24K [0x0000000080000000, 0x0000000085400000, 0x00000000d5580000)
  object space 86016K, 0% used [0x0000000080000000,0x0000000080006000,0x0000000085400000)
 Metaspace       used 7392K, capacity 7646K, committed 7936K, reserved 1056768K
  class space    used 898K, capacity 973K, committed 1024K, reserved 1048576K
}
Event: 1.153 GC heap before
{Heap before GC invocations=3 (full 0):
 PSYoungGen      total 37888K, used 35889K [0x00000000d5580000, 0x00000000d7f80000, 0x0000000100000000)
  eden space 32768K, 100% used [0x00000000d5580000,0x00000000d7580000,0x00000000d7580000)
  from space 5120K, 60% used [0x00000000d7a80000,0x00000000d7d8c5d8,0x00000000d7f80000)
  to   space 5120K, 0% used [0x00000000d7580000,0x00000000d7580000,0x00000000d7a80000)
 ParOldGen       total 86016K, used 24K [0x0000000080000000, 0x0000000085400000, 0x00000000d5580000)
  object space 86016K, 0% used [0x0000000080000000,0x0000000080006000,0x0000000085400000)
 Metaspace       used 11113K, capacity 11428K, committed 11648K, reserved 1058816K
  class space    used 1469K, capacity 1574K, committed 1664K, reserved 1048576K
Event: 1.156 GC heap after
Heap after GC invocations=3 (full 0):
 PSYoungGen      total 37888K, used 5104K [0x00000000d5580000, 0x00000000d7f80000, 0x0000000100000000)
  eden space 32768K, 0% used [0x00000000d5580000,0x00000000d5580000,0x00000000d7580000)
  from space 5120K, 99% used [0x00000000d7580000,0x00000000d7a7c030,0x00000000d7a80000)
  to   space 5120K, 0% used [0x00000000d7a80000,0x00000000d7a80000,0x00000000d7f80000)
 ParOldGen       total 86016K, used 663K [0x0000000080000000, 0x0000000085400000, 0x00000000d5580000)
  object space 86016K, 0% used [0x0000000080000000,0x00000000800a5f90,0x0000000085400000)
 Metaspace       used 11113K, capacity 11428K, committed 11648K, reserved 1058816K
  class space    used 1469K, capacity 1574K, committed 1664K, reserved 1048576K
}
Event: 1.341 GC heap before
{Heap before GC invocations=4 (full 0):
 PSYoungGen      total 37888K, used 37872K [0x00000000d5580000, 0x00000000d7f80000, 0x0000000100000000)
  eden space 32768K, 100% used [0x00000000d5580000,0x00000000d7580000,0x00000000d7580000)
  from space 5120K, 99% used [0x00000000d7580000,0x00000000d7a7c030,0x00000000d7a80000)
  to   space 5120K, 0% used [0x00000000d7a80000,0x00000000d7a80000,0x00000000d7f80000)
 ParOldGen       total 86016K, used 663K [0x0000000080000000, 0x0000000085400000, 0x00000000d5580000)
  object space 86016K, 0% used [0x0000000080000000,0x00000000800a5f90,0x0000000085400000)
 Metaspace       used 14286K, capacity 14704K, committed 14976K, reserved 1062912K
  class space    used 1963K, capacity 2088K, committed 2176K, reserved 1048576K
Event: 1.346 GC heap after
Heap after GC invocations=4 (full 0):
 PSYoungGen      total 37888K, used 5093K [0x00000000d5580000, 0x00000000d7f80000, 0x0000000100000000)
  eden space 32768K, 0% used [0x00000000d5580000,0x00000000d5580000,0x00000000d7580000)
  from space 5120K, 99% used [0x00000000d7a80000,0x00000000d7f79740,0x00000000d7f80000)
  to   space 5120K, 0% used [0x00000000d7580000,0x00000000d7580000,0x00000000d7a80000)
 ParOldGen       total 86016K, used 2922K [0x0000000080000000, 0x0000000085400000, 0x00000000d5580000)
  object space 86016K, 3% used [0x0000000080000000,0x00000000802da980,0x0000000085400000)
 Metaspace       used 14286K, capacity 14704K, committed 14976K, reserved 1062912K
  class space    used 1963K, capacity 2088K, committed 2176K, reserved 1048576K
}

Deoptimization events (10 events):
Event: 1.208 Thread 0x000000001cab0000 Uncommon trap: reason=class_check action=maybe_recompile pc=0x00000000036ccd5c method=java.util.HashMap.putVal(ILjava/lang/Object;Ljava/lang/Object;ZZ)Ljava/lang/Object; @ 203
Event: 1.208 Thread 0x000000001cab0000 Uncommon trap: reason=class_check action=maybe_recompile pc=0x00000000036ccd5c method=java.util.HashMap.putVal(ILjava/lang/Object;Ljava/lang/Object;ZZ)Ljava/lang/Object; @ 203
Event: 1.208 Thread 0x000000001cab0000 Uncommon trap: reason=bimorphic action=maybe_recompile pc=0x00000000036ccbd4 method=java.util.HashMap.putVal(ILjava/lang/Object;Ljava/lang/Object;ZZ)Ljava/lang/Object; @ 253
Event: 1.208 Thread 0x000000001cab0000 Uncommon trap: reason=bimorphic action=maybe_recompile pc=0x00000000036ccbd4 method=java.util.HashMap.putVal(ILjava/lang/Object;Ljava/lang/Object;ZZ)Ljava/lang/Object; @ 253
Event: 1.316 Thread 0x000000001cab0000 Uncommon trap: reason=class_check action=maybe_recompile pc=0x0000000003724398 method=java.util.regex.Matcher.match(II)Z @ 86
Event: 1.325 Thread 0x000000001cab0000 Uncommon trap: reason=class_check action=maybe_recompile pc=0x0000000003724398 method=java.util.regex.Matcher.match(II)Z @ 86
Event: 1.325 Thread 0x000000001cab0000 Uncommon trap: reason=class_check action=maybe_recompile pc=0x0000000003724398 method=java.util.regex.Matcher.match(II)Z @ 86
Event: 1.325 Thread 0x000000001cab0000 Uncommon trap: reason=class_check action=maybe_recompile pc=0x00000000035a670c method=java.util.regex.Matcher.match(II)Z @ 86
Event: 1.385 Thread 0x000000001cab0000 Uncommon trap: reason=unstable_if action=reinterpret pc=0x0000000003726a0c method=java.io.File.getName()Ljava/lang/String; @ 16
Event: 1.385 Thread 0x000000001cab0000 Uncommon trap: reason=unstable_if action=reinterpret pc=0x000000000371f5d4 method=java.lang.String.substring(I)Ljava/lang/String; @ 35

Classes redefined (0 events):
No events

Internal exceptions (10 events):
Event: 1.162 Thread 0x00000000031ee800 Exception <a 'java/io/IOException'> (0x00000000d55f3b48) thrown at [C:\src\AOSP-openjdk-git\hotspot\src\share\vm\prims\jni.cpp, line 710]
Event: 1.183 Thread 0x000000001ca2a800 Exception <a 'java/lang/NoSuchMethodError': <clinit>> (0x00000000d5846cf8) thrown at [C:\src\AOSP-openjdk-git\hotspot\src\share\vm\prims\jni.cpp, line 1615]
Event: 1.184 Thread 0x000000001ca2a800 Exception <a 'java/lang/NoSuchMethodError': <clinit>> (0x00000000d5850400) thrown at [C:\src\AOSP-openjdk-git\hotspot\src\share\vm\prims\jni.cpp, line 1615]
Event: 1.185 Thread 0x000000001ca2a800 Exception <a 'java/lang/NoSuchMethodError': <clinit>> (0x00000000d5887580) thrown at [C:\src\AOSP-openjdk-git\hotspot\src\share\vm\prims\jni.cpp, line 1615]
Event: 1.189 Thread 0x000000001ca2a800 Exception <a 'java/lang/NoSuchMethodError': <clinit>> (0x00000000d58f4c68) thrown at [C:\src\AOSP-openjdk-git\hotspot\src\share\vm\prims\jni.cpp, line 1615]
Event: 1.192 Thread 0x000000001ca2a800 Exception <a 'java/lang/NoSuchMethodError': <clinit>> (0x00000000d592f238) thrown at [C:\src\AOSP-openjdk-git\hotspot\src\share\vm\prims\jni.cpp, line 1615]
Event: 1.195 Thread 0x000000001ca2a800 Exception <a 'java/lang/NoSuchMethodError': <clinit>> (0x00000000d5964ff0) thrown at [C:\src\AOSP-openjdk-git\hotspot\src\share\vm\prims\jni.cpp, line 1615]
Event: 1.195 Thread 0x000000001ca2a800 Exception <a 'java/lang/NoSuchMethodError': <clinit>> (0x00000000d5971520) thrown at [C:\src\AOSP-openjdk-git\hotspot\src\share\vm\prims\jni.cpp, line 1615]
Event: 1.408 Thread 0x000000001cab0000 Exception <a 'java/lang/NoSuchMethodError': java.lang.Object.lambda$and$0(Ljava/util/function/Predicate;Ljava/lang/Object;)Z> (0x00000000d5d15a28) thrown at [C:\src\AOSP-openjdk-git\hotspot\src\share\vm\interpreter\linkResolver.cpp, line 620]
Event: 1.411 Thread 0x000000001cab0000 Exception <a 'java/lang/IncompatibleClassChangeError': Found class java.lang.Object, but interface was expected> (0x00000000d5d25d20) thrown at [C:\src\AOSP-openjdk-git\hotspot\src\share\vm\interpreter\linkResolver.cpp, line 653]

Events (10 events):
Event: 1.411 loading class java/util/stream/ReduceOps$ReduceOp done
Event: 1.411 loading class java/util/stream/ReduceOps$1 done
Event: 1.411 loading class java/util/stream/StreamShape
Event: 1.411 loading class java/util/stream/StreamShape done
Event: 1.411 loading class java/util/stream/ReduceOps$1ReducingSink
Event: 1.411 loading class java/util/stream/ReduceOps$AccumulatingSink
Event: 1.411 loading class java/util/stream/TerminalSink
Event: 1.411 loading class java/util/stream/Sink
Event: 1.411 loading class java/util/stream/Sink done
Event: 1.411 loading class java/util/stream/TerminalSink done


Dynamic libraries:
0x00007ff65c9a0000 - 0x00007ff65c9d1000 	C:\Program Files\Android\Android Studio\jre\bin\java.exe
0x00007ff992f10000 - 0x00007ff993105000 	C:\WINDOWS\SYSTEM32\ntdll.dll
0x00007ff992730000 - 0x00007ff9927ed000 	C:\WINDOWS\System32\KERNEL32.DLL
0x00007ff990c50000 - 0x00007ff990f18000 	C:\WINDOWS\System32\KERNELBASE.dll
0x00007ff991be0000 - 0x00007ff991c8c000 	C:\WINDOWS\System32\ADVAPI32.dll
0x00007ff9925c0000 - 0x00007ff99265e000 	C:\WINDOWS\System32\msvcrt.dll
0x00007ff992490000 - 0x00007ff99252b000 	C:\WINDOWS\System32\sechost.dll
0x00007ff991860000 - 0x00007ff99198b000 	C:\WINDOWS\System32\RPCRT4.dll
0x00007ff992c20000 - 0x00007ff992dc0000 	C:\WINDOWS\System32\USER32.dll
0x00007ff990990000 - 0x00007ff9909b2000 	C:\WINDOWS\System32\win32u.dll
0x00007ff9916e0000 - 0x00007ff99170a000 	C:\WINDOWS\System32\GDI32.dll
0x00007ff990b40000 - 0x00007ff990c4b000 	C:\WINDOWS\System32\gdi32full.dll
0x00007ff990aa0000 - 0x00007ff990b3d000 	C:\WINDOWS\System32\msvcp_win.dll
0x00007ff990650000 - 0x00007ff990750000 	C:\WINDOWS\System32\ucrtbase.dll
0x00007ff9821b0000 - 0x00007ff98244a000 	C:\WINDOWS\WinSxS\amd64_microsoft.windows.common-controls_6595b64144ccf1df_6.0.19041.844_none_ca00b6081b84eb1d\COMCTL32.dll
0x00007ff991710000 - 0x00007ff991740000 	C:\WINDOWS\System32\IMM32.DLL
0x000000006d9c0000 - 0x000000006da92000 	C:\Program Files\Android\Android Studio\jre\jre\bin\msvcr100.dll
0x000000006e5b0000 - 0x000000006edfb000 	C:\Program Files\Android\Android Studio\jre\jre\bin\server\jvm.dll
0x00007ff9925b0000 - 0x00007ff9925b8000 	C:\WINDOWS\System32\PSAPI.DLL
0x00007ff982610000 - 0x00007ff982637000 	C:\WINDOWS\SYSTEM32\WINMM.dll
0x00007ff978840000 - 0x00007ff978849000 	C:\WINDOWS\SYSTEM32\WSOCK32.dll
0x00007ff98af10000 - 0x00007ff98af1a000 	C:\WINDOWS\SYSTEM32\VERSION.dll
0x00007ff992850000 - 0x00007ff9928bb000 	C:\WINDOWS\System32\WS2_32.dll
0x00007ff96d960000 - 0x00007ff96d96f000 	C:\Program Files\Android\Android Studio\jre\jre\bin\verify.dll
0x00007ff95b320000 - 0x00007ff95b349000 	C:\Program Files\Android\Android Studio\jre\jre\bin\java.dll
0x00007ff9656d0000 - 0x00007ff9656e6000 	C:\Program Files\Android\Android Studio\jre\jre\bin\zip.dll
0x00007ff991c90000 - 0x00007ff9923d2000 	C:\WINDOWS\System32\SHELL32.dll
0x00007ff98e790000 - 0x00007ff98ef21000 	C:\WINDOWS\SYSTEM32\windows.storage.dll
0x00007ff9928c0000 - 0x00007ff992c15000 	C:\WINDOWS\System32\combase.dll
0x00007ff9900c0000 - 0x00007ff9900ec000 	C:\WINDOWS\SYSTEM32\Wldp.dll
0x00007ff992dc0000 - 0x00007ff992e6e000 	C:\WINDOWS\System32\SHCORE.dll
0x00007ff991680000 - 0x00007ff9916d5000 	C:\WINDOWS\System32\shlwapi.dll
0x00007ff990590000 - 0x00007ff9905af000 	C:\WINDOWS\SYSTEM32\profapi.dll
0x00007ff963820000 - 0x00007ff96383a000 	C:\Program Files\Android\Android Studio\jre\jre\bin\net.dll
0x00007ff98fe30000 - 0x00007ff98fe9a000 	C:\WINDOWS\system32\mswsock.dll
0x00007ff95a760000 - 0x00007ff95a773000 	C:\Program Files\Android\Android Studio\jre\jre\bin\nio.dll
0x00007ff979c00000 - 0x00007ff979c27000 	C:\Users\Dilanka Nirmal\.gradle\native\f6784746aeab05261644944871eae4fe03e0ef1612fff0a4a95f87b438bc6780\windows-amd64\native-platform.dll
0x00007ff96d790000 - 0x00007ff96d79d000 	C:\Program Files\Android\Android Studio\jre\jre\bin\management.dll
0x00007ff990000000 - 0x00007ff990018000 	C:\WINDOWS\SYSTEM32\CRYPTSP.dll
0x00007ff98f760000 - 0x00007ff98f794000 	C:\WINDOWS\system32\rsaenh.dll
0x00007ff990800000 - 0x00007ff990827000 	C:\WINDOWS\System32\bcrypt.dll
0x00007ff990550000 - 0x00007ff99057e000 	C:\WINDOWS\SYSTEM32\USERENV.dll
0x00007ff990a20000 - 0x00007ff990aa0000 	C:\WINDOWS\System32\bcryptprimitives.dll
0x00007ff990020000 - 0x00007ff99002c000 	C:\WINDOWS\SYSTEM32\CRYPTBASE.dll
0x00007ff98fad0000 - 0x00007ff98fb0b000 	C:\WINDOWS\SYSTEM32\IPHLPAPI.DLL
0x00007ff991990000 - 0x00007ff991998000 	C:\WINDOWS\System32\NSI.dll
0x00007ff98a270000 - 0x00007ff98a287000 	C:\WINDOWS\SYSTEM32\dhcpcsvc6.DLL
0x00007ff98a320000 - 0x00007ff98a33d000 	C:\WINDOWS\SYSTEM32\dhcpcsvc.DLL
0x00007ff98fb20000 - 0x00007ff98fbec000 	C:\WINDOWS\SYSTEM32\DNSAPI.dll
0x00007ff98a680000 - 0x00007ff98a68b000 	C:\WINDOWS\SYSTEM32\WINNSI.DLL

VM Arguments:
jvm_args: -Xmx2048m -Dfile.encoding=UTF-8 -Duser.country=US -Duser.language=en -Duser.variant 
java_command: org.gradle.launcher.daemon.bootstrap.GradleDaemon 6.5
java_class_path (initial): C:\Users\Dilanka Nirmal\.gradle\wrapper\dists\gradle-6.5-bin\6nifqtx7604sqp1q6g8wikw7p\gradle-6.5\lib\gradle-launcher-6.5.jar
Launcher Type: SUN_STANDARD

Environment Variables:
PATH=C:\Program Files (x86)\Common Files\Oracle\Java\javapath;C:\Windows\system32;C:\Windows;C:\Windows\System32\Wbem;C:\Windows\System32\WindowsPowerShell\v1.0\;C:\Windows\System32\OpenSSH\;C:\Program Files (x86)\NVIDIA Corporation\PhysX\Common;C:\Program Files\NVIDIA Corporation\NVIDIA NvDLISR;C:\Program Files\Java\jdk1.8.0_251\bin;C:\Program Files\nodejs\;C:\Program Files\Git\cmd;C:\WINDOWS\system32;C:\WINDOWS;C:\WINDOWS\System32\Wbem;C:\WINDOWS\System32\WindowsPowerShell\v1.0\;C:\WINDOWS\System32\OpenSSH\;C:\Users\Dilanka Nirmal\AppData\Local\Microsoft\WindowsApps;;C:\Users\Dilanka Nirmal\AppData\Local\Programs\Microsoft VS Code\bin;C:\Users\Dilanka Nirmal\AppData\Roaming\npm
USERNAME=Dilanka Nirmal
OS=Windows_NT
PROCESSOR_IDENTIFIER=Intel64 Family 6 Model 158 Stepping 13, GenuineIntel



---------------  S Y S T E M  ---------------

OS: Windows 10.0 , 64 bit Build 19041 (10.0.19041.928)

CPU:total 8 (initial active 8) (4 cores per cpu, 2 threads per core) family 6 model 158 stepping 13, cmov, cx8, fxsr, mmx, sse, sse2, sse3, ssse3, sse4.1, sse4.2, popcnt, avx, avx2, aes, clmul, erms, 3dnowpref, lzcnt, ht, tsc, tscinvbit, bmi1, bmi2, adx

Memory: 4k page, physical 8228964k(2907892k free), swap 33394788k(6348k free)

vm_info: OpenJDK 64-Bit Server VM (25.242-b01) for windows-amd64 JRE (1.8.0_242-release-1644-b01), built by "builder" with MS VC++ 10.0 (VS2010)

time: Tue Apr 27 11:04:12 2021
timezone: Sri Lanka Standard Time
elapsed time: 1 seconds (0d 0h 0m 1s)

