#
# There is insufficient memory for the Java Runtime Environment to continue.
# Native memory allocation (malloc) failed to allocate 1558944 bytes for Chunk::new
# Possible reasons:
#   The system is out of physical RAM or swap space
#   The process is running with CompressedOops enabled, and the Java Heap may be blocking the growth of the native heap
# Possible solutions:
#   Reduce memory load on the system
#   Increase physical memory or swap space
#   Check if swap backing store is full
#   Decrease Java heap size (-Xmx/-Xms)
#   Decrease number of Java threads
#   Decrease Java thread stack sizes (-Xss)
#   Set larger code cache with -XX:ReservedCodeCacheSize=
#   JVM is running with Unscaled Compressed Oops mode in which the Java heap is
#     placed in the first 4GB address space. The Java Heap base address is the
#     maximum limit for the native heap growth. Please use -XX:HeapBaseMinAddress
#     to set the Java Heap base and to place the Java Heap above 4GB virtual address.
# This output file may be truncated or incomplete.
#
#  Out of Memory Error (allocation.cpp:389), pid=5284, tid=0x0000000000002b04
#
# JRE version: OpenJDK Runtime Environment (8.0_242-b01) (build 1.8.0_242-release-1644-b01)
# Java VM: OpenJDK 64-Bit Server VM (25.242-b01 mixed mode windows-amd64 compressed oops)
# Failed to write core dump. Minidumps are not enabled by default on client versions of Windows
#

---------------  T H R E A D  ---------------

Current thread (0x00000000178ad800):  JavaThread "C2 CompilerThread1" daemon [_thread_in_native, id=11012, stack(0x000000001a060000,0x000000001a160000)]

Stack: [0x000000001a060000,0x000000001a160000]
[error occurred during error reporting (printing stack bounds), id 0xc0000005]

Native frames: (J=compiled Java code, j=interpreted, Vv=VM code, C=native code)


Current CompileTask:
C2:   3269 2596       4       groovy.lang.MetaClassImpl$1MOPIter::methodNameAction (325 bytes)


---------------  P R O C E S S  ---------------

Java Threads: ( => current thread )
  0x000000001ea09000 JavaThread "jar transforms Thread 72" [_thread_blocked, id=1608, stack(0x0000000029150000,0x0000000029250000)]
  0x000000001ea07800 JavaThread "jar transforms Thread 71" [_thread_blocked, id=15000, stack(0x0000000029050000,0x0000000029150000)]
  0x000000001ea0a800 JavaThread "jar transforms Thread 70" [_thread_blocked, id=11788, stack(0x0000000028f50000,0x0000000029050000)]
  0x000000001ea0e800 JavaThread "jar transforms Thread 69" [_thread_blocked, id=12868, stack(0x0000000028e50000,0x0000000028f50000)]
  0x000000001ea0d000 JavaThread "jar transforms Thread 68" [_thread_blocked, id=14408, stack(0x0000000028d50000,0x0000000028e50000)]
  0x000000001ea0d800 JavaThread "jar transforms Thread 67" [_thread_blocked, id=6464, stack(0x0000000028c50000,0x0000000028d50000)]
  0x000000001ea08800 JavaThread "jar transforms Thread 66" [_thread_blocked, id=4308, stack(0x0000000028b50000,0x0000000028c50000)]
  0x000000001ea00000 JavaThread "jar transforms Thread 65" [_thread_blocked, id=10868, stack(0x0000000028a50000,0x0000000028b50000)]
  0x000000001ea07000 JavaThread "jar transforms Thread 64" [_thread_blocked, id=3632, stack(0x0000000028950000,0x0000000028a50000)]
  0x000000001e9ff800 JavaThread "jar transforms Thread 63" [_thread_blocked, id=13756, stack(0x0000000028850000,0x0000000028950000)]
  0x000000001ea06000 JavaThread "jar transforms Thread 62" [_thread_blocked, id=10396, stack(0x0000000028750000,0x0000000028850000)]
  0x000000001ea02800 JavaThread "jar transforms Thread 61" [_thread_blocked, id=14580, stack(0x0000000028650000,0x0000000028750000)]
  0x000000001ea01800 JavaThread "jar transforms Thread 60" [_thread_blocked, id=3884, stack(0x0000000028550000,0x0000000028650000)]
  0x000000001ea05800 JavaThread "jar transforms Thread 59" [_thread_blocked, id=15324, stack(0x0000000028450000,0x0000000028550000)]
  0x000000001ea01000 JavaThread "jar transforms Thread 58" [_thread_blocked, id=6596, stack(0x0000000028350000,0x0000000028450000)]
  0x000000001ea04800 JavaThread "jar transforms Thread 57" [_thread_blocked, id=11868, stack(0x0000000028250000,0x0000000028350000)]
  0x000000001ea03000 JavaThread "jar transforms Thread 56" [_thread_blocked, id=11480, stack(0x0000000028150000,0x0000000028250000)]
  0x000000001ea04000 JavaThread "jar transforms Thread 55" [_thread_blocked, id=9748, stack(0x0000000028050000,0x0000000028150000)]
  0x000000001e9fd800 JavaThread "jar transforms Thread 54" [_thread_blocked, id=1076, stack(0x0000000024900000,0x0000000024a00000)]
  0x000000001e9fd000 JavaThread "jar transforms Thread 53" [_thread_blocked, id=4380, stack(0x0000000027f50000,0x0000000028050000)]
  0x000000001e9f7800 JavaThread "jar transforms Thread 52" [_thread_blocked, id=12328, stack(0x0000000027e50000,0x0000000027f50000)]
  0x000000001e9f8800 JavaThread "jar transforms Thread 51" [_thread_blocked, id=1992, stack(0x0000000027d50000,0x0000000027e50000)]
  0x000000001e9fc000 JavaThread "jar transforms Thread 50" [_thread_blocked, id=13256, stack(0x0000000027c50000,0x0000000027d50000)]
  0x000000001e9fb800 JavaThread "jar transforms Thread 49" [_thread_blocked, id=4852, stack(0x0000000027b50000,0x0000000027c50000)]
  0x000000001e9f9000 JavaThread "jar transforms Thread 48" [_thread_blocked, id=1544, stack(0x0000000027a50000,0x0000000027b50000)]
  0x000000001e9fa800 JavaThread "jar transforms Thread 47" [_thread_blocked, id=10524, stack(0x0000000027950000,0x0000000027a50000)]
  0x000000001e9fe800 JavaThread "jar transforms Thread 46" [_thread_blocked, id=11764, stack(0x0000000027850000,0x0000000027950000)]
  0x000000001e9fa000 JavaThread "jar transforms Thread 45" [_thread_blocked, id=14212, stack(0x0000000027750000,0x0000000027850000)]
  0x000000001e9f7000 JavaThread "jar transforms Thread 44" [_thread_blocked, id=9364, stack(0x0000000027650000,0x0000000027750000)]
  0x000000001e9f5800 JavaThread "jar transforms Thread 43" [_thread_blocked, id=8636, stack(0x0000000027550000,0x0000000027650000)]
  0x000000001e9ef800 JavaThread "jar transforms Thread 42" [_thread_blocked, id=8744, stack(0x0000000027450000,0x0000000027550000)]
  0x000000001e9f2800 JavaThread "jar transforms Thread 41" [_thread_blocked, id=2276, stack(0x0000000027350000,0x0000000027450000)]
  0x000000001e9f1800 JavaThread "jar transforms Thread 40" [_thread_blocked, id=1336, stack(0x0000000027250000,0x0000000027350000)]
  0x000000001e9f6000 JavaThread "jar transforms Thread 39" [_thread_blocked, id=2496, stack(0x0000000027150000,0x0000000027250000)]
  0x000000001e9f4800 JavaThread "jar transforms Thread 38" [_thread_blocked, id=12272, stack(0x0000000027050000,0x0000000027150000)]
  0x000000001e9f1000 JavaThread "jar transforms Thread 37" [_thread_blocked, id=12408, stack(0x0000000026f50000,0x0000000027050000)]
  0x000000001e9f3000 JavaThread "jar transforms Thread 36" [_thread_blocked, id=8428, stack(0x0000000026e50000,0x0000000026f50000)]
  0x000000001e9f4000 JavaThread "jar transforms Thread 35" [_thread_blocked, id=6180, stack(0x0000000026d50000,0x0000000026e50000)]
  0x000000001e9f0000 JavaThread "jar transforms Thread 34" [_thread_blocked, id=3036, stack(0x0000000026c50000,0x0000000026d50000)]
  0x0000000021adc800 JavaThread "jar transforms Thread 33" [_thread_blocked, id=13452, stack(0x0000000026b50000,0x0000000026c50000)]
  0x0000000021ad9800 JavaThread "jar transforms Thread 32" [_thread_blocked, id=6888, stack(0x0000000026a50000,0x0000000026b50000)]
  0x0000000021ad9000 JavaThread "jar transforms Thread 31" [_thread_blocked, id=14240, stack(0x0000000026950000,0x0000000026a50000)]
  0x0000000021adb000 JavaThread "jar transforms Thread 30" [_thread_blocked, id=2084, stack(0x0000000026850000,0x0000000026950000)]
  0x0000000021ad8000 JavaThread "jar transforms Thread 29" [_thread_blocked, id=9264, stack(0x0000000026750000,0x0000000026850000)]
  0x0000000021ad6000 JavaThread "jar transforms Thread 28" [_thread_blocked, id=4236, stack(0x0000000026650000,0x0000000026750000)]
  0x0000000021ad5000 JavaThread "jar transforms Thread 27" [_thread_blocked, id=15176, stack(0x0000000026550000,0x0000000026650000)]
  0x0000000021adc000 JavaThread "jar transforms Thread 26" [_thread_blocked, id=1860, stack(0x0000000026450000,0x0000000026550000)]
  0x0000000021ada800 JavaThread "jar transforms Thread 25" [_thread_blocked, id=13816, stack(0x0000000026350000,0x0000000026450000)]
  0x0000000021ad6800 JavaThread "jar transforms Thread 24" [_thread_blocked, id=13764, stack(0x0000000026250000,0x0000000026350000)]
  0x0000000021ad7800 JavaThread "jar transforms Thread 23" [_thread_blocked, id=10556, stack(0x0000000026150000,0x0000000026250000)]
  0x0000000021acd800 JavaThread "jar transforms Thread 22" [_thread_blocked, id=14316, stack(0x0000000026050000,0x0000000026150000)]
  0x0000000021acf000 JavaThread "jar transforms Thread 21" [_thread_blocked, id=9072, stack(0x0000000025f50000,0x0000000026050000)]
  0x0000000021ad0800 JavaThread "jar transforms Thread 20" [_thread_blocked, id=14856, stack(0x0000000025e50000,0x0000000025f50000)]
  0x0000000021ad4800 JavaThread "jar transforms Thread 19" [_thread_blocked, id=808, stack(0x0000000025d50000,0x0000000025e50000)]
  0x0000000021ace800 JavaThread "jar transforms Thread 18" [_thread_blocked, id=1028, stack(0x0000000025c50000,0x0000000025d50000)]
  0x0000000021ad3800 JavaThread "jar transforms Thread 17" [_thread_blocked, id=14900, stack(0x0000000025b50000,0x0000000025c50000)]
  0x0000000021ad0000 JavaThread "jar transforms Thread 16" [_thread_blocked, id=2724, stack(0x0000000025a50000,0x0000000025b50000)]
  0x0000000021ad3000 JavaThread "jar transforms Thread 15" [_thread_blocked, id=9688, stack(0x0000000025950000,0x0000000025a50000)]
  0x0000000021ad2000 JavaThread "jar transforms Thread 14" [_thread_blocked, id=3960, stack(0x0000000025850000,0x0000000025950000)]
  0x0000000021ad1800 JavaThread "jar transforms Thread 13" [_thread_blocked, id=7632, stack(0x0000000025750000,0x0000000025850000)]
  0x000000001ed96800 JavaThread "jar transforms Thread 12" [_thread_blocked, id=13240, stack(0x0000000025650000,0x0000000025750000)]
  0x000000001ed98800 JavaThread "jar transforms Thread 11" [_thread_blocked, id=596, stack(0x0000000025550000,0x0000000025650000)]
  0x000000001ed93800 JavaThread "jar transforms Thread 10" [_thread_blocked, id=9164, stack(0x0000000025450000,0x0000000025550000)]
  0x000000001ed98000 JavaThread "jar transforms Thread 9" [_thread_blocked, id=12484, stack(0x0000000025350000,0x0000000025450000)]
  0x000000001ed97000 JavaThread "jar transforms Thread 8" [_thread_blocked, id=4724, stack(0x0000000025250000,0x0000000025350000)]
  0x000000001ed95000 JavaThread "jar transforms Thread 7" [_thread_blocked, id=4904, stack(0x0000000025150000,0x0000000025250000)]
  0x000000001ed94000 JavaThread "jar transforms Thread 6" [_thread_blocked, id=7784, stack(0x0000000025050000,0x0000000025150000)]
  0x000000001ed9a000 JavaThread "jar transforms Thread 5" [_thread_blocked, id=7488, stack(0x0000000024f50000,0x0000000025050000)]
  0x000000001ed95800 JavaThread "jar transforms Thread 4" [_thread_blocked, id=3204, stack(0x0000000024e50000,0x0000000024f50000)]
  0x000000001ed99800 JavaThread "jar transforms Thread 3" [_thread_blocked, id=7956, stack(0x0000000024d50000,0x0000000024e50000)]
  0x000000001ed8c000 JavaThread "jar transforms Thread 2" [_thread_blocked, id=5432, stack(0x0000000024c50000,0x0000000024d50000)]
  0x000000001ed92800 JavaThread "Build operations Thread 8" [_thread_blocked, id=8900, stack(0x0000000024700000,0x0000000024800000)]
  0x000000001ed92000 JavaThread "Build operations Thread 7" [_thread_blocked, id=14748, stack(0x0000000024600000,0x0000000024700000)]
  0x000000001ed8a800 JavaThread "Build operations Thread 6" [_thread_blocked, id=9556, stack(0x0000000024500000,0x0000000024600000)]
  0x000000001ed91000 JavaThread "Build operations Thread 5" [_thread_blocked, id=12592, stack(0x0000000024400000,0x0000000024500000)]
  0x000000001ed90800 JavaThread "Build operations Thread 4" [_thread_blocked, id=1312, stack(0x0000000024300000,0x0000000024400000)]
  0x000000001ed8f800 JavaThread "Build operations Thread 3" [_thread_blocked, id=9552, stack(0x0000000024200000,0x0000000024300000)]
  0x000000001ed8e000 JavaThread "Build operations Thread 2" [_thread_blocked, id=14276, stack(0x0000000024100000,0x0000000024200000)]
  0x000000001ed8d800 JavaThread "Build operations" [_thread_blocked, id=13304, stack(0x0000000024000000,0x0000000024100000)]
  0x000000001c5d7800 JavaThread "Cache worker for file content cache (C:\Users\Dilanka Nirmal\.gradle\caches\6.5\fileContent)" [_thread_blocked, id=10208, stack(0x0000000022930000,0x0000000022a30000)]
  0x000000001c5d6000 JavaThread "jar transforms" [_thread_blocked, id=13512, stack(0x00000000220a0000,0x00000000221a0000)]
  0x000000001c5d5800 JavaThread "Cache worker for execution history cache (C:\Users\Dilanka Nirmal\.gradle\caches\6.5\executionHistory)" [_thread_blocked, id=14220, stack(0x0000000021fa0000,0x00000000220a0000)]
  0x000000001c5d7000 JavaThread "Cache worker for cache directory md-rule (C:\Users\Dilanka Nirmal\.gradle\caches\6.5\md-rule)" [_thread_blocked, id=10776, stack(0x0000000021ea0000,0x0000000021fa0000)]
  0x000000001c5d4000 JavaThread "Cache worker for cache directory md-supplier (C:\Users\Dilanka Nirmal\.gradle\caches\6.5\md-supplier)" [_thread_blocked, id=7952, stack(0x0000000020b50000,0x0000000020c50000)]
  0x000000001c5d4800 JavaThread "Cache worker for checksums cache (C:\Users\Dilanka Nirmal\AndroidStudioProjects\QualityReads\.gradle\checksums)" [_thread_blocked, id=11936, stack(0x0000000020850000,0x0000000020950000)]
  0x000000001c5d3000 JavaThread "Cache worker for file hash cache (C:\Users\Dilanka Nirmal\AndroidStudioProjects\QualityReads\.gradle\6.5\fileHashes)" [_thread_blocked, id=1504, stack(0x0000000022230000,0x0000000022330000)]
  0x000000001c5d2800 JavaThread "Cache worker for file hash cache (C:\Users\Dilanka Nirmal\.gradle\caches\6.5\fileHashes)" [_thread_blocked, id=12080, stack(0x000000001e5b0000,0x000000001e6b0000)]
  0x000000001c5d1800 JavaThread "File lock request listener" [_thread_in_native, id=12028, stack(0x000000001e4b0000,0x000000001e5b0000)]
  0x000000001c7b4800 JavaThread "Cache worker for journal cache (C:\Users\Dilanka Nirmal\.gradle\caches\journal-1)" [_thread_blocked, id=13992, stack(0x000000001e3b0000,0x000000001e4b0000)]
  0x000000001c34f800 JavaThread "Thread-9" [_thread_blocked, id=13224, stack(0x000000001e0b0000,0x000000001e1b0000)]
  0x000000001bfde000 JavaThread "Stdin handler" [_thread_blocked, id=9784, stack(0x000000001dfb0000,0x000000001e0b0000)]
  0x000000001c03a800 JavaThread "Asynchronous log dispatcher for DefaultDaemonConnection: socket connection from /127.0.0.1:61767 to /127.0.0.1:61768" [_thread_blocked, id=11248, stack(0x000000001deb0000,0x000000001dfb0000)]
  0x000000001bfd0000 JavaThread "Daemon worker" [_thread_in_native, id=4720, stack(0x000000001ddb0000,0x000000001deb0000)]
  0x000000001c017000 JavaThread "Cancel handler" [_thread_blocked, id=9704, stack(0x000000001dcb0000,0x000000001ddb0000)]
  0x000000001a904000 JavaThread "Handler for socket connection from /127.0.0.1:61767 to /127.0.0.1:61768" [_thread_in_native, id=4932, stack(0x000000001d9b0000,0x000000001dab0000)]
  0x000000001a903800 JavaThread "Daemon" [_thread_blocked, id=8032, stack(0x000000001d8b0000,0x000000001d9b0000)]
  0x000000001a8ff800 JavaThread "Daemon periodic checks" [_thread_blocked, id=4688, stack(0x000000001d7b0000,0x000000001d8b0000)]
  0x000000001c36f000 JavaThread "Incoming local TCP Connector on port 61767" [_thread_in_native, id=4344, stack(0x000000001d570000,0x000000001d670000)]
  0x000000001bf69800 JavaThread "Daemon health stats" [_thread_blocked, id=5000, stack(0x000000001bd30000,0x000000001be30000)]
  0x00000000196df000 JavaThread "Service Thread" daemon [_thread_blocked, id=1012, stack(0x000000001a360000,0x000000001a460000)]
  0x00000000196a8000 JavaThread "C1 CompilerThread3" daemon [_thread_blocked, id=6884, stack(0x000000001a260000,0x000000001a360000)]
  0x00000000178ae800 JavaThread "C2 CompilerThread2" daemon [_thread_in_native, id=6148, stack(0x000000001a160000,0x000000001a260000)]
=>0x00000000178ad800 JavaThread "C2 CompilerThread1" daemon [_thread_in_native, id=11012, stack(0x000000001a060000,0x000000001a160000)]
  0x0000000019696800 JavaThread "C2 CompilerThread0" daemon [_thread_in_native, id=12924, stack(0x0000000019f60000,0x000000001a060000)]
  0x0000000019695000 JavaThread "Attach Listener" daemon [_thread_blocked, id=10252, stack(0x0000000019e60000,0x0000000019f60000)]
  0x0000000019694000 JavaThread "Signal Dispatcher" daemon [_thread_blocked, id=12480, stack(0x0000000019d60000,0x0000000019e60000)]
  0x000000000282e000 JavaThread "Finalizer" daemon [_thread_blocked, id=6260, stack(0x0000000019b60000,0x0000000019c60000)]
  0x000000001789c000 JavaThread "Reference Handler" daemon [_thread_blocked, id=12840, stack(0x0000000019a60000,0x0000000019b60000)]
  0x0000000000d3e800 JavaThread "main" [_thread_blocked, id=10684, stack(0x0000000002550000,0x0000000002650000)]

Other Threads:
  0x0000000017898000 VMThread [stack: 0x0000000019560000,0x0000000019660000] [id=7896]
  0x00000000196df800 WatcherThread [stack: 0x000000001a460000,0x000000001a560000] [id=13532]

VM state:not at safepoint (normal execution)

VM Mutex/Monitor currently owned by a thread: None

OutOfMemory and StackOverflow Exception counts:
OutOfMemoryError java_heap_errors=1

heap address: 0x0000000080000000, size: 2048 MB, Compressed Oops mode: 32-bit
Narrow klass base: 0x0000000000000000, Narrow klass shift: 3
Compressed class space size: 1073741824 Address: 0x0000000100000000

Heap:
 PSYoungGen      total 119808K, used 67516K [0x00000000d5580000, 0x00000000de680000, 0x0000000100000000)
  eden space 108544K, 62% used [0x00000000d5580000,0x00000000d976f0f8,0x00000000dbf80000)
  from space 11264K, 0% used [0x00000000dd080000,0x00000000dd080000,0x00000000ddb80000)
  to   space 8704K, 0% used [0x00000000dde00000,0x00000000dde00000,0x00000000de680000)
 ParOldGen       total 52736K, used 17392K [0x0000000080000000, 0x0000000083380000, 0x00000000d5580000)
  object space 52736K, 32% used [0x0000000080000000,0x00000000810fc1d8,0x0000000083380000)
 Metaspace       used 36297K, capacity 37760K, committed 37928K, reserved 1081344K
  class space    used 4997K, capacity 5331K, committed 5424K, reserved 1048576K

Card table byte_map: [0x0000000011bf0000,0x0000000012000000] byte_map_base: 0x00000000117f0000

Marking Bits: (ParMarkBitMap*) 0x000000006ed7f030
 Begin Bits: [0x0000000012ab0000, 0x0000000014ab0000)
 End Bits:   [0x0000000014ab0000, 0x0000000016ab0000)

Polling page: 0x0000000000d10000

CodeCache: size=245760Kb used=12291Kb max_used=12302Kb free=233468Kb
 bounds [0x0000000002830000, 0x0000000003440000, 0x0000000011830000]
 total_blobs=4242 nmethods=3540 adapters=614
 compilation: enabled

Compilation events (10 events):
Event: 3.261 Thread 0x00000000196a8000 nmethod 3498 0x00000000034198d0 code [0x0000000003419a40, 0x0000000003419c90]
Event: 3.261 Thread 0x00000000196a8000 3499       3       org.gradle.internal.io.StreamByteBuffer$StreamByteBufferOutputStream::<init> (10 bytes)
Event: 3.261 Thread 0x00000000196a8000 nmethod 3499 0x0000000003419d50 code [0x0000000003419ec0, 0x000000000341a0f0]
Event: 3.261 Thread 0x00000000196a8000 3500       3       org.gradle.internal.io.StreamByteBuffer$StreamByteBufferInputStream::<init> (10 bytes)
Event: 3.261 Thread 0x00000000196a8000 nmethod 3500 0x000000000341a1d0 code [0x000000000341a340, 0x000000000341a570]
Event: 3.261 Thread 0x00000000196a8000 3501       3       org.gradle.internal.io.StreamByteBuffer::allocateSpace (73 bytes)
Event: 3.262 Thread 0x00000000196a8000 nmethod 3501 0x000000000341a650 code [0x000000000341a820, 0x000000000341af28]
Event: 3.262 Thread 0x00000000196a8000 3502       3       org.gradle.internal.io.StreamByteBuffer$StreamByteBufferChunk::spaceLeft (10 bytes)
Event: 3.262 Thread 0x00000000196a8000 nmethod 3502 0x000000000341b290 code [0x000000000341b3e0, 0x000000000341b530]
Event: 3.262 Thread 0x00000000196a8000 3503       3       org.gradle.internal.io.StreamByteBuffer::<init> (75 bytes)

GC Heap History (10 events):
Event: 1.954 GC heap before
{Heap before GC invocations=7 (full 0):
 PSYoungGen      total 74240K, used 17631K [0x00000000d5580000, 0x00000000daa80000, 0x0000000100000000)
  eden space 64512K, 13% used [0x00000000d5580000,0x00000000d5dd7348,0x00000000d9480000)
  from space 9728K, 93% used [0x00000000d9f00000,0x00000000da7e0b30,0x00000000da880000)
  to   space 10752K, 0% used [0x00000000d9480000,0x00000000d9480000,0x00000000d9f00000)
 ParOldGen       total 86016K, used 5650K [0x0000000080000000, 0x0000000085400000, 0x00000000d5580000)
  object space 86016K, 6% used [0x0000000080000000,0x0000000080584a08,0x0000000085400000)
 Metaspace       used 20581K, capacity 21224K, committed 21296K, reserved 1067008K
  class space    used 2879K, capacity 3076K, committed 3120K, reserved 1048576K
Event: 1.962 GC heap after
Heap after GC invocations=7 (full 0):
 PSYoungGen      total 75264K, used 4548K [0x00000000d5580000, 0x00000000de880000, 0x0000000100000000)
  eden space 64512K, 0% used [0x00000000d5580000,0x00000000d5580000,0x00000000d9480000)
  from space 10752K, 42% used [0x00000000d9480000,0x00000000d98f1050,0x00000000d9f00000)
  to   space 10752K, 0% used [0x00000000dde00000,0x00000000dde00000,0x00000000de880000)
 ParOldGen       total 86016K, used 8002K [0x0000000080000000, 0x0000000085400000, 0x00000000d5580000)
  object space 86016K, 9% used [0x0000000080000000,0x00000000807d0a58,0x0000000085400000)
 Metaspace       used 20581K, capacity 21224K, committed 21296K, reserved 1067008K
  class space    used 2879K, capacity 3076K, committed 3120K, reserved 1048576K
}
Event: 1.962 GC heap before
{Heap before GC invocations=8 (full 1):
 PSYoungGen      total 75264K, used 4548K [0x00000000d5580000, 0x00000000de880000, 0x0000000100000000)
  eden space 64512K, 0% used [0x00000000d5580000,0x00000000d5580000,0x00000000d9480000)
  from space 10752K, 42% used [0x00000000d9480000,0x00000000d98f1050,0x00000000d9f00000)
  to   space 10752K, 0% used [0x00000000dde00000,0x00000000dde00000,0x00000000de880000)
 ParOldGen       total 86016K, used 8002K [0x0000000080000000, 0x0000000085400000, 0x00000000d5580000)
  object space 86016K, 9% used [0x0000000080000000,0x00000000807d0a58,0x0000000085400000)
 Metaspace       used 20581K, capacity 21224K, committed 21296K, reserved 1067008K
  class space    used 2879K, capacity 3076K, committed 3120K, reserved 1048576K
Event: 1.997 GC heap after
Heap after GC invocations=8 (full 1):
 PSYoungGen      total 75264K, used 0K [0x00000000d5580000, 0x00000000de880000, 0x0000000100000000)
  eden space 64512K, 0% used [0x00000000d5580000,0x00000000d5580000,0x00000000d9480000)
  from space 10752K, 0% used [0x00000000d9480000,0x00000000d9480000,0x00000000d9f00000)
  to   space 10752K, 0% used [0x00000000dde00000,0x00000000dde00000,0x00000000de880000)
 ParOldGen       total 52736K, used 7009K [0x0000000080000000, 0x0000000083380000, 0x00000000d5580000)
  object space 52736K, 13% used [0x0000000080000000,0x00000000806d84d8,0x0000000083380000)
 Metaspace       used 20581K, capacity 21224K, committed 21296K, reserved 1067008K
  class space    used 2879K, capacity 3076K, committed 3120K, reserved 1048576K
}
Event: 2.388 GC heap before
{Heap before GC invocations=9 (full 1):
 PSYoungGen      total 75264K, used 64512K [0x00000000d5580000, 0x00000000de880000, 0x0000000100000000)
  eden space 64512K, 100% used [0x00000000d5580000,0x00000000d9480000,0x00000000d9480000)
  from space 10752K, 0% used [0x00000000d9480000,0x00000000d9480000,0x00000000d9f00000)
  to   space 10752K, 0% used [0x00000000dde00000,0x00000000dde00000,0x00000000de880000)
 ParOldGen       total 52736K, used 7009K [0x0000000080000000, 0x0000000083380000, 0x00000000d5580000)
  object space 52736K, 13% used [0x0000000080000000,0x00000000806d84d8,0x0000000083380000)
 Metaspace       used 28745K, capacity 29626K, committed 29872K, reserved 1075200K
  class space    used 3985K, capacity 4225K, committed 4272K, reserved 1048576K
Event: 2.394 GC heap after
Heap after GC invocations=9 (full 1):
 PSYoungGen      total 117248K, used 8481K [0x00000000d5580000, 0x00000000de680000, 0x0000000100000000)
  eden space 108544K, 0% used [0x00000000d5580000,0x00000000d5580000,0x00000000dbf80000)
  from space 8704K, 97% used [0x00000000dde00000,0x00000000de648488,0x00000000de680000)
  to   space 11264K, 0% used [0x00000000dd080000,0x00000000dd080000,0x00000000ddb80000)
 ParOldGen       total 52736K, used 7017K [0x0000000080000000, 0x0000000083380000, 0x00000000d5580000)
  object space 52736K, 13% used [0x0000000080000000,0x00000000806da4d8,0x0000000083380000)
 Metaspace       used 28745K, capacity 29626K, committed 29872K, reserved 1075200K
  class space    used 3985K, capacity 4225K, committed 4272K, reserved 1048576K
}
Event: 2.905 GC heap before
{Heap before GC invocations=10 (full 1):
 PSYoungGen      total 117248K, used 103871K [0x00000000d5580000, 0x00000000de680000, 0x0000000100000000)
  eden space 108544K, 87% used [0x00000000d5580000,0x00000000db2a78d0,0x00000000dbf80000)
  from space 8704K, 97% used [0x00000000dde00000,0x00000000de648488,0x00000000de680000)
  to   space 11264K, 0% used [0x00000000dd080000,0x00000000dd080000,0x00000000ddb80000)
 ParOldGen       total 52736K, used 7017K [0x0000000080000000, 0x0000000083380000, 0x00000000d5580000)
  object space 52736K, 13% used [0x0000000080000000,0x00000000806da4d8,0x0000000083380000)
 Metaspace       used 34336K, capacity 35420K, committed 35496K, reserved 1079296K
  class space    used 4731K, capacity 5003K, committed 5040K, reserved 1048576K
Event: 2.913 GC heap after
Heap after GC invocations=10 (full 1):
 PSYoungGen      total 119808K, used 11245K [0x00000000d5580000, 0x00000000de680000, 0x0000000100000000)
  eden space 108544K, 0% used [0x00000000d5580000,0x00000000d5580000,0x00000000dbf80000)
  from space 11264K, 99% used [0x00000000dd080000,0x00000000ddb7b4d8,0x00000000ddb80000)
  to   space 8704K, 0% used [0x00000000dde00000,0x00000000dde00000,0x00000000de680000)
 ParOldGen       total 52736K, used 7025K [0x0000000080000000, 0x0000000083380000, 0x00000000d5580000)
  object space 52736K, 13% used [0x0000000080000000,0x00000000806dc4d8,0x0000000083380000)
 Metaspace       used 34336K, capacity 35420K, committed 35496K, reserved 1079296K
  class space    used 4731K, capacity 5003K, committed 5040K, reserved 1048576K
}
Event: 2.913 GC heap before
{Heap before GC invocations=11 (full 2):
 PSYoungGen      total 119808K, used 11245K [0x00000000d5580000, 0x00000000de680000, 0x0000000100000000)
  eden space 108544K, 0% used [0x00000000d5580000,0x00000000d5580000,0x00000000dbf80000)
  from space 11264K, 99% used [0x00000000dd080000,0x00000000ddb7b4d8,0x00000000ddb80000)
  to   space 8704K, 0% used [0x00000000dde00000,0x00000000dde00000,0x00000000de680000)
 ParOldGen       total 52736K, used 7025K [0x0000000080000000, 0x0000000083380000, 0x00000000d5580000)
  object space 52736K, 13% used [0x0000000080000000,0x00000000806dc4d8,0x0000000083380000)
 Metaspace       used 34336K, capacity 35420K, committed 35496K, reserved 1079296K
  class space    used 4731K, capacity 5003K, committed 5040K, reserved 1048576K
Event: 2.977 GC heap after
Heap after GC invocations=11 (full 2):
 PSYoungGen      total 119808K, used 0K [0x00000000d5580000, 0x00000000de680000, 0x0000000100000000)
  eden space 108544K, 0% used [0x00000000d5580000,0x00000000d5580000,0x00000000dbf80000)
  from space 11264K, 0% used [0x00000000dd080000,0x00000000dd080000,0x00000000ddb80000)
  to   space 8704K, 0% used [0x00000000dde00000,0x00000000dde00000,0x00000000de680000)
 ParOldGen       total 52736K, used 17392K [0x0000000080000000, 0x0000000083380000, 0x00000000d5580000)
  object space 52736K, 32% used [0x0000000080000000,0x00000000810fc1d8,0x0000000083380000)
 Metaspace       used 34336K, capacity 35420K, committed 35496K, reserved 1079296K
  class space    used 4731K, capacity 5003K, committed 5040K, reserved 1048576K
}

Deoptimization events (10 events):
Event: 2.609 Thread 0x000000001bfd0000 Uncommon trap: reason=unstable_if action=reinterpret pc=0x0000000003030804 method=org.gradle.internal.reflect.PropertyAccessorType.isGetGetterName(Ljava/lang/String;)Z @ 14
Event: 2.624 Thread 0x000000001bfd0000 Uncommon trap: reason=unstable_if action=reinterpret pc=0x0000000002f48600 method=org.objectweb.asm.ByteVector.putShort(I)Lorg/objectweb/asm/ByteVector; @ 13
Event: 2.666 Thread 0x000000001bfd0000 Uncommon trap: reason=unstable_if action=reinterpret pc=0x0000000002ea1ca8 method=java.net.URLClassLoader.defineClass(Ljava/lang/String;Lsun/misc/Resource;)Ljava/lang/Class; @ 21
Event: 2.707 Thread 0x000000001bfd0000 Uncommon trap: reason=unstable_if action=reinterpret pc=0x00000000031fa100 method=org.codehaus.groovy.runtime.metaclass.MetaMethodIndex.addMethodToList(Ljava/lang/Object;Lgroovy/lang/MetaMethod;)Ljava/lang/Object; @ 226
Event: 2.750 Thread 0x000000001bfd0000 Uncommon trap: reason=range_check action=make_not_entrant pc=0x000000000321b480 method=java.lang.String.charAt(I)C @ 27
Event: 2.825 Thread 0x000000001bfd0000 Uncommon trap: reason=unstable_if action=reinterpret pc=0x0000000002aed790 method=java.net.URI.match(CJJ)Z @ 45
Event: 2.827 Thread 0x000000001bfd0000 Uncommon trap: reason=unstable_if action=reinterpret pc=0x00000000029f41e0 method=java.net.URI.match(CJJ)Z @ 45
Event: 3.175 Thread 0x000000001bfd0000 Uncommon trap: reason=unstable_if action=reinterpret pc=0x0000000002c126b4 method=java.lang.String.lastIndexOf([CII[CIII)I @ 118
Event: 3.200 Thread 0x000000001ed8e000 Uncommon trap: reason=class_check action=maybe_recompile pc=0x0000000002dab69c method=java.util.concurrent.ConcurrentHashMap.putVal(Ljava/lang/Object;Ljava/lang/Object;Z)Ljava/lang/Object; @ 192
Event: 3.200 Thread 0x000000001ed8f800 Uncommon trap: reason=class_check action=maybe_recompile pc=0x0000000002dab69c method=java.util.concurrent.ConcurrentHashMap.putVal(Ljava/lang/Object;Ljava/lang/Object;Z)Ljava/lang/Object; @ 192

Classes redefined (0 events):
No events

Internal exceptions (10 events):
Event: 2.805 Thread 0x000000001bfd0000 Exception <a 'java/lang/ClassNotFoundException': org/gradle/api/internal/artifacts/dsl/dependencies/DefaultDependencyHandler_DecoratedBeanInfo> (0x00000000d9d92ea8) thrown at [C:\src\AOSP-openjdk-git\hotspot\src\share\vm\classfile\systemDictionary.cpp, li
Event: 2.806 Thread 0x000000001bfd0000 Exception <a 'java/lang/ClassNotFoundException': org/gradle/api/internal/artifacts/dsl/dependencies/DefaultDependencyHandlerBeanInfo> (0x00000000d9deb7e8) thrown at [C:\src\AOSP-openjdk-git\hotspot\src\share\vm\classfile\systemDictionary.cpp, line 210]
Event: 2.807 Thread 0x000000001bfd0000 Exception <a 'java/lang/ClassNotFoundException': org/gradle/api/internal/artifacts/dsl/dependencies/DefaultDependencyHandlerCustomizer> (0x00000000d9e45428) thrown at [C:\src\AOSP-openjdk-git\hotspot\src\share\vm\classfile\systemDictionary.cpp, line 210]
Event: 2.809 Thread 0x000000001bfd0000 Exception <a 'java/lang/ClassNotFoundException': org/gradle/api/internal/artifacts/dsl/dependencies/DefaultDependencyHandler_DecoratedCustomizer> (0x00000000d9ed0148) thrown at [C:\src\AOSP-openjdk-git\hotspot\src\share\vm\classfile\systemDictionary.cpp, 
Event: 2.853 Thread 0x000000001bfd0000 Exception <a 'java/lang/NoSuchMethodError': java.lang.Object.lambda$static$0(Lorg/gradle/api/internal/artifacts/configurations/MutationValidator$MutationType;)V> (0x00000000da541508) thrown at [C:\src\AOSP-openjdk-git\hotspot\src\share\vm\interpreter\link
Event: 2.982 Thread 0x000000001bfd0000 Exception <a 'java/lang/NoSuchMethodError': java.lang.Object.lambda$static$0(Lorg/gradle/internal/component/model/DependencyMetadata;)Lorg/gradle/api/internal/artifacts/ivyservice/dependencysubstitution/DependencySubstitutionApplicator$SubstitutionResult;
Event: 3.008 Thread 0x000000001bfd0000 Exception <a 'java/lang/IncompatibleClassChangeError': Found class java.lang.Object, but interface was expected> (0x00000000d5b82d58) thrown at [C:\src\AOSP-openjdk-git\hotspot\src\share\vm\interpreter\linkResolver.cpp, line 653]
Event: 3.008 Thread 0x000000001bfd0000 Exception <a 'java/lang/NoSuchMethodError': java.lang.Object.lambda$thenComparing$36697e65$1(Ljava/util/Comparator;Ljava/lang/Object;Ljava/lang/Object;)I> (0x00000000d5b8e688) thrown at [C:\src\AOSP-openjdk-git\hotspot\src\share\vm\interpreter\linkResolve
Event: 3.066 Thread 0x000000001bfd0000 Exception <a 'java/lang/NoSuchMethodError': java.lang.Object.lambda$static$0()Z> (0x00000000d6641038) thrown at [C:\src\AOSP-openjdk-git\hotspot\src\share\vm\interpreter\linkResolver.cpp, line 620]
Event: 3.191 Thread 0x000000001bfd0000 Exception <a 'java/lang/NoSuchMethodError': java.lang.Object.lambda$static$0(Lorg/gradle/api/internal/artifacts/ivyservice/resolveengine/artifact/ArtifactVisitor;)V> (0x00000000d7421370) thrown at [C:\src\AOSP-openjdk-git\hotspot\src\share\vm\interpreter\

Events (10 events):
Event: 3.258 Thread 0x000000001e9fa000 Thread added: 0x000000001e9fa000
Event: 3.259 Thread 0x000000001e9fe800 Thread added: 0x000000001e9fe800
Event: 3.259 Thread 0x000000001e9fa800 Thread added: 0x000000001e9fa800
Event: 3.260 Thread 0x000000001e9f9000 Thread added: 0x000000001e9f9000
Event: 3.260 Thread 0x000000001e9fb800 Thread added: 0x000000001e9fb800
Event: 3.260 Thread 0x000000001e9fc000 Thread added: 0x000000001e9fc000
Event: 3.261 Thread 0x000000001e9f8800 Thread added: 0x000000001e9f8800
Event: 3.261 Thread 0x000000001e9f7800 Thread added: 0x000000001e9f7800
Event: 3.261 Thread 0x000000001e9fd000 Thread added: 0x000000001e9fd000
Event: 3.262 Thread 0x000000001e9fd800 Thread added: 0x000000001e9fd800


Dynamic libraries:
0x00007ff65c9a0000 - 0x00007ff65c9d1000 	C:\Program Files\Android\Android Studio\jre\bin\java.exe
0x00007ff992f10000 - 0x00007ff993105000 	C:\WINDOWS\SYSTEM32\ntdll.dll
0x00007ff992730000 - 0x00007ff9927ed000 	C:\WINDOWS\System32\KERNEL32.DLL
0x00007ff990c50000 - 0x00007ff990f18000 	C:\WINDOWS\System32\KERNELBASE.dll
0x00007ff991be0000 - 0x00007ff991c8c000 	C:\WINDOWS\System32\ADVAPI32.dll
0x00007ff9925c0000 - 0x00007ff99265e000 	C:\WINDOWS\System32\msvcrt.dll
0x00007ff992490000 - 0x00007ff99252b000 	C:\WINDOWS\System32\sechost.dll
0x00007ff991860000 - 0x00007ff99198b000 	C:\WINDOWS\System32\RPCRT4.dll
0x00007ff992c20000 - 0x00007ff992dc0000 	C:\WINDOWS\System32\USER32.dll
0x00007ff990990000 - 0x00007ff9909b2000 	C:\WINDOWS\System32\win32u.dll
0x00007ff9916e0000 - 0x00007ff99170a000 	C:\WINDOWS\System32\GDI32.dll
0x00007ff990b40000 - 0x00007ff990c4b000 	C:\WINDOWS\System32\gdi32full.dll
0x00007ff990aa0000 - 0x00007ff990b3d000 	C:\WINDOWS\System32\msvcp_win.dll
0x00007ff990650000 - 0x00007ff990750000 	C:\WINDOWS\System32\ucrtbase.dll
0x00007ff9821b0000 - 0x00007ff98244a000 	C:\WINDOWS\WinSxS\amd64_microsoft.windows.common-controls_6595b64144ccf1df_6.0.19041.844_none_ca00b6081b84eb1d\COMCTL32.dll
0x00007ff991710000 - 0x00007ff991740000 	C:\WINDOWS\System32\IMM32.DLL
0x000000006da70000 - 0x000000006db42000 	C:\Program Files\Android\Android Studio\jre\jre\bin\msvcr100.dll
0x000000006e5b0000 - 0x000000006edfb000 	C:\Program Files\Android\Android Studio\jre\jre\bin\server\jvm.dll
0x00007ff9925b0000 - 0x00007ff9925b8000 	C:\WINDOWS\System32\PSAPI.DLL
0x00007ff982610000 - 0x00007ff982637000 	C:\WINDOWS\SYSTEM32\WINMM.dll
0x00007ff978840000 - 0x00007ff978849000 	C:\WINDOWS\SYSTEM32\WSOCK32.dll
0x00007ff98af10000 - 0x00007ff98af1a000 	C:\WINDOWS\SYSTEM32\VERSION.dll
0x00007ff992850000 - 0x00007ff9928bb000 	C:\WINDOWS\System32\WS2_32.dll
0x00007ff96d960000 - 0x00007ff96d96f000 	C:\Program Files\Android\Android Studio\jre\jre\bin\verify.dll
0x00007ff95b320000 - 0x00007ff95b349000 	C:\Program Files\Android\Android Studio\jre\jre\bin\java.dll
0x00007ff9656d0000 - 0x00007ff9656e6000 	C:\Program Files\Android\Android Studio\jre\jre\bin\zip.dll
0x00007ff991c90000 - 0x00007ff9923d2000 	C:\WINDOWS\System32\SHELL32.dll
0x00007ff98e790000 - 0x00007ff98ef21000 	C:\WINDOWS\SYSTEM32\windows.storage.dll
0x00007ff9928c0000 - 0x00007ff992c15000 	C:\WINDOWS\System32\combase.dll
0x00007ff9900c0000 - 0x00007ff9900ec000 	C:\WINDOWS\SYSTEM32\Wldp.dll
0x00007ff992dc0000 - 0x00007ff992e6e000 	C:\WINDOWS\System32\SHCORE.dll
0x00007ff991680000 - 0x00007ff9916d5000 	C:\WINDOWS\System32\shlwapi.dll
0x00007ff990590000 - 0x00007ff9905af000 	C:\WINDOWS\SYSTEM32\profapi.dll
0x00007ff963820000 - 0x00007ff96383a000 	C:\Program Files\Android\Android Studio\jre\jre\bin\net.dll
0x00007ff98fe30000 - 0x00007ff98fe9a000 	C:\WINDOWS\system32\mswsock.dll
0x00007ff95a760000 - 0x00007ff95a773000 	C:\Program Files\Android\Android Studio\jre\jre\bin\nio.dll
0x00007ff979c00000 - 0x00007ff979c27000 	C:\Users\Dilanka Nirmal\.gradle\native\f6784746aeab05261644944871eae4fe03e0ef1612fff0a4a95f87b438bc6780\windows-amd64\native-platform.dll
0x00007ff96d790000 - 0x00007ff96d79d000 	C:\Program Files\Android\Android Studio\jre\jre\bin\management.dll
0x00007ff990000000 - 0x00007ff990018000 	C:\WINDOWS\SYSTEM32\CRYPTSP.dll
0x00007ff98f760000 - 0x00007ff98f794000 	C:\WINDOWS\system32\rsaenh.dll
0x00007ff990800000 - 0x00007ff990827000 	C:\WINDOWS\System32\bcrypt.dll
0x00007ff990550000 - 0x00007ff99057e000 	C:\WINDOWS\SYSTEM32\USERENV.dll
0x00007ff990a20000 - 0x00007ff990aa0000 	C:\WINDOWS\System32\bcryptprimitives.dll
0x00007ff990020000 - 0x00007ff99002c000 	C:\WINDOWS\SYSTEM32\CRYPTBASE.dll
0x00007ff98fad0000 - 0x00007ff98fb0b000 	C:\WINDOWS\SYSTEM32\IPHLPAPI.DLL
0x00007ff991990000 - 0x00007ff991998000 	C:\WINDOWS\System32\NSI.dll
0x00007ff98a270000 - 0x00007ff98a287000 	C:\WINDOWS\SYSTEM32\dhcpcsvc6.DLL
0x00007ff98a320000 - 0x00007ff98a33d000 	C:\WINDOWS\SYSTEM32\dhcpcsvc.DLL
0x00007ff98fb20000 - 0x00007ff98fbec000 	C:\WINDOWS\SYSTEM32\DNSAPI.dll
0x00007ff98a680000 - 0x00007ff98a68b000 	C:\WINDOWS\SYSTEM32\WINNSI.DLL

VM Arguments:
jvm_args: -Xmx2048m -Dfile.encoding=UTF-8 -Duser.country=US -Duser.language=en -Duser.variant 
java_command: org.gradle.launcher.daemon.bootstrap.GradleDaemon 6.5
java_class_path (initial): C:\Users\Dilanka Nirmal\.gradle\wrapper\dists\gradle-6.5-bin\6nifqtx7604sqp1q6g8wikw7p\gradle-6.5\lib\gradle-launcher-6.5.jar
Launcher Type: SUN_STANDARD

Environment Variables:
PATH=C:\Program Files (x86)\Common Files\Oracle\Java\javapath;C:\Windows\system32;C:\Windows;C:\Windows\System32\Wbem;C:\Windows\System32\WindowsPowerShell\v1.0\;C:\Windows\System32\OpenSSH\;C:\Program Files (x86)\NVIDIA Corporation\PhysX\Common;C:\Program Files\NVIDIA Corporation\NVIDIA NvDLISR;C:\Program Files\Java\jdk1.8.0_251\bin;C:\Program Files\nodejs\;C:\Program Files\Git\cmd;C:\WINDOWS\system32;C:\WINDOWS;C:\WINDOWS\System32\Wbem;C:\WINDOWS\System32\WindowsPowerShell\v1.0\;C:\WINDOWS\System32\OpenSSH\;C:\Users\Dilanka Nirmal\AppData\Local\Microsoft\WindowsApps;;C:\Users\Dilanka Nirmal\AppData\Local\Programs\Microsoft VS Code\bin;C:\Users\Dilanka Nirmal\AppData\Roaming\npm
USERNAME=Dilanka Nirmal
OS=Windows_NT
PROCESSOR_IDENTIFIER=Intel64 Family 6 Model 158 Stepping 13, GenuineIntel



---------------  S Y S T E M  ---------------

OS: Windows 10.0 , 64 bit Build 19041 (10.0.19041.928)

CPU:total 8 (initial active 8) (4 cores per cpu, 2 threads per core) family 6 model 158 stepping 13, cmov, cx8, fxsr, mmx, sse, sse2, sse3, ssse3, sse4.1, sse4.2, popcnt, avx, avx2, aes, clmul, erms, 3dnowpref, lzcnt, ht, tsc, tscinvbit, bmi1, bmi2, adx

Memory: 4k page, physical 8228964k(2818552k free), swap 33394788k(3472k free)

vm_info: OpenJDK 64-Bit Server VM (25.242-b01) for windows-amd64 JRE (1.8.0_242-release-1644-b01), built by "builder" with MS VC++ 10.0 (VS2010)

time: Tue Apr 27 11:22:39 2021
timezone: Sri Lanka Standard Time
elapsed time: 3 seconds (0d 0h 0m 3s)

