#
# There is insufficient memory for the Java Runtime Environment to continue.
# Native memory allocation (malloc) failed to allocate 174048 bytes for Chunk::new
# Possible reasons:
#   The system is out of physical RAM or swap space
#   The process is running with CompressedOops enabled, and the Java Heap may be blocking the growth of the native heap
# Possible solutions:
#   Reduce memory load on the system
#   Increase physical memory or swap space
#   Check if swap backing store is full
#   Decrease Java heap size (-Xmx/-Xms)
#   Decrease number of Java threads
#   Decrease Java thread stack sizes (-Xss)
#   Set larger code cache with -XX:ReservedCodeCacheSize=
#   JVM is running with Unscaled Compressed Oops mode in which the Java heap is
#     placed in the first 4GB address space. The Java Heap base address is the
#     maximum limit for the native heap growth. Please use -XX:HeapBaseMinAddress
#     to set the Java Heap base and to place the Java Heap above 4GB virtual address.
# This output file may be truncated or incomplete.
#
#  Out of Memory Error (allocation.cpp:389), pid=11784, tid=0x0000000000001968
#
# JRE version: OpenJDK Runtime Environment (8.0_242-b01) (build 1.8.0_242-release-1644-b01)
# Java VM: OpenJDK 64-Bit Server VM (25.242-b01 mixed mode windows-amd64 compressed oops)
# Failed to write core dump. Minidumps are not enabled by default on client versions of Windows
#

---------------  T H R E A D  ---------------

Current thread (0x00000000175ec000):  JavaThread "C2 CompilerThread1" daemon [_thread_in_native, id=6504, stack(0x0000000019da0000,0x0000000019ea0000)]

Stack: [0x0000000019da0000,0x0000000019ea0000]
[error occurred during error reporting (printing stack bounds), id 0xc0000005]

Native frames: (J=compiled Java code, j=interpreted, Vv=VM code, C=native code)


Current CompileTask:
C2:   1735 1478       4       java.net.URLClassLoader$1::run (5 bytes)


---------------  P R O C E S S  ---------------

Java Threads: ( => current thread )
  0x000000001bdea000 JavaThread "Cache worker for file hash cache (C:\Users\Dilanka Nirmal\AndroidStudioProjects\QualityReads\.gradle\6.5\fileHashes)" [_thread_blocked, id=9212, stack(0x000000001f590000,0x000000001f690000)]
  0x000000001bdef000 JavaThread "Cache worker for file hash cache (C:\Users\Dilanka Nirmal\.gradle\caches\6.5\fileHashes)" [_thread_blocked, id=7132, stack(0x000000001e2c0000,0x000000001e3c0000)]
  0x000000001bdee800 JavaThread "File lock request listener" [_thread_in_native, id=7044, stack(0x000000001e1c0000,0x000000001e2c0000)]
  0x000000001be10800 JavaThread "Cache worker for journal cache (C:\Users\Dilanka Nirmal\.gradle\caches\journal-1)" [_thread_blocked, id=1372, stack(0x000000001e0c0000,0x000000001e1c0000)]
  0x000000001bc64800 JavaThread "Thread-9" [_thread_blocked, id=8120, stack(0x000000001ddc0000,0x000000001dec0000)]
  0x000000001bc62000 JavaThread "Stdin handler" [_thread_blocked, id=9048, stack(0x000000001dcc0000,0x000000001ddc0000)]
  0x000000001bc59000 JavaThread "Asynchronous log dispatcher for DefaultDaemonConnection: socket connection from /127.0.0.1:61501 to /127.0.0.1:61502" [_thread_blocked, id=13960, stack(0x000000001dbc0000,0x000000001dcc0000)]
  0x000000001b6b7000 JavaThread "Daemon worker" [_thread_blocked, id=15000, stack(0x000000001dac0000,0x000000001dbc0000)]
  0x000000001b6b1000 JavaThread "Cancel handler" [_thread_blocked, id=4376, stack(0x000000001d9c0000,0x000000001dac0000)]
  0x000000001ba04800 JavaThread "Handler for socket connection from /127.0.0.1:61501 to /127.0.0.1:61502" [_thread_in_native, id=7292, stack(0x000000001d6c0000,0x000000001d7c0000)]
  0x000000001a387000 JavaThread "Daemon" [_thread_blocked, id=6592, stack(0x000000001d5c0000,0x000000001d6c0000)]
  0x000000001b971000 JavaThread "Daemon periodic checks" [_thread_blocked, id=11676, stack(0x000000001d4c0000,0x000000001d5c0000)]
  0x000000001a371000 JavaThread "Incoming local TCP Connector on port 61501" [_thread_in_native, id=1480, stack(0x000000001d280000,0x000000001d380000)]
  0x000000001a36d000 JavaThread "Daemon health stats" [_thread_blocked, id=4380, stack(0x000000001cc40000,0x000000001cd40000)]
  0x0000000019477800 JavaThread "Service Thread" daemon [_thread_blocked, id=13564, stack(0x000000001a0a0000,0x000000001a1a0000)]
  0x0000000019402000 JavaThread "C1 CompilerThread3" daemon [_thread_blocked, id=7932, stack(0x0000000019fa0000,0x000000001a0a0000)]
  0x00000000193e6800 JavaThread "C2 CompilerThread2" daemon [_thread_in_native, id=8636, stack(0x0000000019ea0000,0x0000000019fa0000)]
=>0x00000000175ec000 JavaThread "C2 CompilerThread1" daemon [_thread_in_native, id=6504, stack(0x0000000019da0000,0x0000000019ea0000)]
  0x00000000175e9000 JavaThread "C2 CompilerThread0" daemon [_thread_blocked, id=10304, stack(0x0000000019ca0000,0x0000000019da0000)]
  0x00000000193d5000 JavaThread "Attach Listener" daemon [_thread_blocked, id=9760, stack(0x0000000019ba0000,0x0000000019ca0000)]
  0x00000000193d4000 JavaThread "Signal Dispatcher" daemon [_thread_blocked, id=11404, stack(0x0000000019aa0000,0x0000000019ba0000)]
  0x000000000256e000 JavaThread "Finalizer" daemon [_thread_blocked, id=7948, stack(0x00000000198a0000,0x00000000199a0000)]
  0x00000000175dc000 JavaThread "Reference Handler" daemon [_thread_blocked, id=1580, stack(0x00000000197a0000,0x00000000198a0000)]
  0x000000000246e800 JavaThread "main" [_thread_blocked, id=5740, stack(0x0000000002300000,0x0000000002400000)]

Other Threads:
  0x00000000175d8000 VMThread [stack: 0x00000000192a0000,0x00000000193a0000] [id=2532]
  0x000000001944a800 WatcherThread [stack: 0x000000001a1a0000,0x000000001a2a0000] [id=5460]

VM state:at safepoint (normal execution)

VM Mutex/Monitor currently owned by a thread:  ([mutex/lock_event])
[0x000000000246d650] Threads_lock - owner thread: 0x00000000175d8000
[0x000000000246cc50] Heap_lock - owner thread: 0x000000001b6b7000

heap address: 0x0000000080000000, size: 2048 MB, Compressed Oops mode: 32-bit
Narrow klass base: 0x0000000000000000, Narrow klass shift: 3
Compressed class space size: 1073741824 Address: 0x0000000100000000

Heap:
 PSYoungGen      total 70656K, used 5088K [0x00000000d5580000, 0x00000000dee80000, 0x0000000100000000)
  eden space 65536K, 0% used [0x00000000d5580000,0x00000000d5580000,0x00000000d9580000)
  from space 5120K, 99% used [0x00000000d9580000,0x00000000d9a78050,0x00000000d9a80000)
  to   space 12800K, 0% used [0x00000000de200000,0x00000000de200000,0x00000000dee80000)
 ParOldGen       total 86016K, used 11138K [0x0000000080000000, 0x0000000085400000, 0x00000000d5580000)
  object space 86016K, 12% used [0x0000000080000000,0x0000000080ae0b18,0x0000000085400000)
 Metaspace       used 20549K, capacity 21224K, committed 21296K, reserved 1067008K
  class space    used 2875K, capacity 3076K, committed 3120K, reserved 1048576K

Card table byte_map: [0x0000000011930000,0x0000000011d40000] byte_map_base: 0x0000000011530000

Marking Bits: (ParMarkBitMap*) 0x000000006ed7f030
 Begin Bits: [0x00000000127f0000, 0x00000000147f0000)
 End Bits:   [0x00000000147f0000, 0x00000000167f0000)

Polling page: 0x0000000002280000

CodeCache: size=245760Kb used=6166Kb max_used=6166Kb free=239593Kb
 bounds [0x0000000002570000, 0x0000000002b80000, 0x0000000011570000]
 total_blobs=2198 nmethods=1774 adapters=337
 compilation: enabled

Compilation events (10 events):
Event: 1.715 Thread 0x0000000019402000 1775       3       org.gradle.internal.service.DefaultServiceRegistry$SingletonService::getAll (23 bytes)
Event: 1.715 Thread 0x0000000019402000 nmethod 1775 0x0000000002b64c90 code [0x0000000002b64e20, 0x0000000002b65168]
Event: 1.716 Thread 0x0000000019402000 1777       3       org.gradle.internal.service.DefaultServiceRegistry$FactoryService::assembleParameters (58 bytes)
Event: 1.716 Thread 0x0000000019402000 nmethod 1777 0x0000000002b64290 code [0x0000000002b64440, 0x0000000002b64a28]
Event: 1.716 Thread 0x0000000019402000 1776       3       org.gradle.internal.service.DefaultServiceRegistry$FactoryService::create (18 bytes)
Event: 1.717 Thread 0x0000000019402000 nmethod 1776 0x0000000002b756d0 code [0x0000000002b75840, 0x0000000002b75ab8]
Event: 1.719 Thread 0x0000000019402000 1778       3       java.lang.ThreadLocal$ThreadLocalMap::nextIndex (15 bytes)
Event: 1.719 Thread 0x0000000019402000 nmethod 1778 0x0000000002b75b90 code [0x0000000002b75ce0, 0x0000000002b75e70]
Event: 1.721 Thread 0x0000000019402000 1779   !   3       org.gradle.internal.reflect.JavaMethod::invoke (74 bytes)
Event: 1.722 Thread 0x0000000019402000 nmethod 1779 0x0000000002b75ed0 code [0x0000000002b761a0, 0x0000000002b777f8]

GC Heap History (10 events):
Event: 0.438 GC heap after
Heap after GC invocations=1 (full 0):
 PSYoungGen      total 37888K, used 4476K [0x00000000d5580000, 0x00000000d9f80000, 0x0000000100000000)
  eden space 32768K, 0% used [0x00000000d5580000,0x00000000d5580000,0x00000000d7580000)
  from space 5120K, 87% used [0x00000000d7580000,0x00000000d79df3e0,0x00000000d7a80000)
  to   space 5120K, 0% used [0x00000000d9a80000,0x00000000d9a80000,0x00000000d9f80000)
 ParOldGen       total 86016K, used 16K [0x0000000080000000, 0x0000000085400000, 0x00000000d5580000)
  object space 86016K, 0% used [0x0000000080000000,0x0000000080004000,0x0000000085400000)
 Metaspace       used 7208K, capacity 7454K, committed 7680K, reserved 1056768K
  class space    used 890K, capacity 973K, committed 1024K, reserved 1048576K
}
Event: 0.642 GC heap before
{Heap before GC invocations=2 (full 0):
 PSYoungGen      total 37888K, used 37244K [0x00000000d5580000, 0x00000000d9f80000, 0x0000000100000000)
  eden space 32768K, 100% used [0x00000000d5580000,0x00000000d7580000,0x00000000d7580000)
  from space 5120K, 87% used [0x00000000d7580000,0x00000000d79df3e0,0x00000000d7a80000)
  to   space 5120K, 0% used [0x00000000d9a80000,0x00000000d9a80000,0x00000000d9f80000)
 ParOldGen       total 86016K, used 16K [0x0000000080000000, 0x0000000085400000, 0x00000000d5580000)
  object space 86016K, 0% used [0x0000000080000000,0x0000000080004000,0x0000000085400000)
 Metaspace       used 7381K, capacity 7646K, committed 7936K, reserved 1056768K
  class space    used 899K, capacity 973K, committed 1024K, reserved 1048576K
Event: 0.644 GC heap after
Heap after GC invocations=2 (full 0):
 PSYoungGen      total 70656K, used 3057K [0x00000000d5580000, 0x00000000d9f80000, 0x0000000100000000)
  eden space 65536K, 0% used [0x00000000d5580000,0x00000000d5580000,0x00000000d9580000)
  from space 5120K, 59% used [0x00000000d9a80000,0x00000000d9d7c5f8,0x00000000d9f80000)
  to   space 5120K, 0% used [0x00000000d9580000,0x00000000d9580000,0x00000000d9a80000)
 ParOldGen       total 86016K, used 24K [0x0000000080000000, 0x0000000085400000, 0x00000000d5580000)
  object space 86016K, 0% used [0x0000000080000000,0x0000000080006000,0x0000000085400000)
 Metaspace       used 7381K, capacity 7646K, committed 7936K, reserved 1056768K
  class space    used 899K, capacity 973K, committed 1024K, reserved 1048576K
}
Event: 1.268 GC heap before
{Heap before GC invocations=3 (full 0):
 PSYoungGen      total 70656K, used 68593K [0x00000000d5580000, 0x00000000d9f80000, 0x0000000100000000)
  eden space 65536K, 100% used [0x00000000d5580000,0x00000000d9580000,0x00000000d9580000)
  from space 5120K, 59% used [0x00000000d9a80000,0x00000000d9d7c5f8,0x00000000d9f80000)
  to   space 5120K, 0% used [0x00000000d9580000,0x00000000d9580000,0x00000000d9a80000)
 ParOldGen       total 86016K, used 24K [0x0000000080000000, 0x0000000085400000, 0x00000000d5580000)
  object space 86016K, 0% used [0x0000000080000000,0x0000000080006000,0x0000000085400000)
 Metaspace       used 13974K, capacity 14408K, committed 14720K, reserved 1062912K
  class space    used 1930K, capacity 2076K, committed 2176K, reserved 1048576K
Event: 1.273 GC heap after
Heap after GC invocations=3 (full 0):
 PSYoungGen      total 70656K, used 5104K [0x00000000d5580000, 0x00000000d9f80000, 0x0000000100000000)
  eden space 65536K, 0% used [0x00000000d5580000,0x00000000d5580000,0x00000000d9580000)
  from space 5120K, 99% used [0x00000000d9580000,0x00000000d9a7c010,0x00000000d9a80000)
  to   space 5120K, 0% used [0x00000000d9a80000,0x00000000d9a80000,0x00000000d9f80000)
 ParOldGen       total 86016K, used 3804K [0x0000000080000000, 0x0000000085400000, 0x00000000d5580000)
  object space 86016K, 4% used [0x0000000080000000,0x00000000803b7038,0x0000000085400000)
 Metaspace       used 13974K, capacity 14408K, committed 14720K, reserved 1062912K
  class space    used 1930K, capacity 2076K, committed 2176K, reserved 1048576K
}
Event: 1.653 GC heap before
{Heap before GC invocations=4 (full 0):
 PSYoungGen      total 70656K, used 70640K [0x00000000d5580000, 0x00000000d9f80000, 0x0000000100000000)
  eden space 65536K, 100% used [0x00000000d5580000,0x00000000d9580000,0x00000000d9580000)
  from space 5120K, 99% used [0x00000000d9580000,0x00000000d9a7c010,0x00000000d9a80000)
  to   space 5120K, 0% used [0x00000000d9a80000,0x00000000d9a80000,0x00000000d9f80000)
 ParOldGen       total 86016K, used 3804K [0x0000000080000000, 0x0000000085400000, 0x00000000d5580000)
  object space 86016K, 4% used [0x0000000080000000,0x00000000803b7038,0x0000000085400000)
 Metaspace       used 19850K, capacity 20510K, committed 20736K, reserved 1067008K
  class space    used 2765K, capacity 2945K, committed 3072K, reserved 1048576K
Event: 1.662 GC heap after
Heap after GC invocations=4 (full 0):
 PSYoungGen      total 70656K, used 5088K [0x00000000d5580000, 0x00000000ddf80000, 0x0000000100000000)
  eden space 65536K, 0% used [0x00000000d5580000,0x00000000d5580000,0x00000000d9580000)
  from space 5120K, 99% used [0x00000000d9a80000,0x00000000d9f78050,0x00000000d9f80000)
  to   space 5120K, 0% used [0x00000000d9580000,0x00000000d9580000,0x00000000d9a80000)
 ParOldGen       total 86016K, used 10180K [0x0000000080000000, 0x0000000085400000, 0x00000000d5580000)
  object space 86016K, 11% used [0x0000000080000000,0x00000000809f1060,0x0000000085400000)
 Metaspace       used 19850K, capacity 20510K, committed 20736K, reserved 1067008K
  class space    used 2765K, capacity 2945K, committed 3072K, reserved 1048576K
}
Event: 1.723 GC heap before
{Heap before GC invocations=5 (full 0):
 PSYoungGen      total 70656K, used 17433K [0x00000000d5580000, 0x00000000ddf80000, 0x0000000100000000)
  eden space 65536K, 18% used [0x00000000d5580000,0x00000000d618e660,0x00000000d9580000)
  from space 5120K, 99% used [0x00000000d9a80000,0x00000000d9f78050,0x00000000d9f80000)
  to   space 5120K, 0% used [0x00000000d9580000,0x00000000d9580000,0x00000000d9a80000)
 ParOldGen       total 86016K, used 10180K [0x0000000080000000, 0x0000000085400000, 0x00000000d5580000)
  object space 86016K, 11% used [0x0000000080000000,0x00000000809f1060,0x0000000085400000)
 Metaspace       used 20549K, capacity 21224K, committed 21296K, reserved 1067008K
  class space    used 2875K, capacity 3076K, committed 3120K, reserved 1048576K
Event: 1.727 GC heap after
Heap after GC invocations=5 (full 0):
 PSYoungGen      total 70656K, used 5088K [0x00000000d5580000, 0x00000000dee80000, 0x0000000100000000)
  eden space 65536K, 0% used [0x00000000d5580000,0x00000000d5580000,0x00000000d9580000)
  from space 5120K, 99% used [0x00000000d9580000,0x00000000d9a78050,0x00000000d9a80000)
  to   space 12800K, 0% used [0x00000000de200000,0x00000000de200000,0x00000000dee80000)
 ParOldGen       total 86016K, used 11138K [0x0000000080000000, 0x0000000085400000, 0x00000000d5580000)
  object space 86016K, 12% used [0x0000000080000000,0x0000000080ae0b18,0x0000000085400000)
 Metaspace       used 20549K, capacity 21224K, committed 21296K, reserved 1067008K
  class space    used 2875K, capacity 3076K, committed 3120K, reserved 1048576K
}
Event: 1.727 GC heap before
{Heap before GC invocations=6 (full 1):
 PSYoungGen      total 70656K, used 5088K [0x00000000d5580000, 0x00000000dee80000, 0x0000000100000000)
  eden space 65536K, 0% used [0x00000000d5580000,0x00000000d5580000,0x00000000d9580000)
  from space 5120K, 99% used [0x00000000d9580000,0x00000000d9a78050,0x00000000d9a80000)
  to   space 12800K, 0% used [0x00000000de200000,0x00000000de200000,0x00000000dee80000)
 ParOldGen       total 86016K, used 11138K [0x0000000080000000, 0x0000000085400000, 0x00000000d5580000)
  object space 86016K, 12% used [0x0000000080000000,0x0000000080ae0b18,0x0000000085400000)
 Metaspace       used 20549K, capacity 21224K, committed 21296K, reserved 1067008K
  class space    used 2875K, capacity 3076K, committed 3120K, reserved 1048576K

Deoptimization events (10 events):
Event: 1.279 Thread 0x000000001b6b7000 Uncommon trap: reason=class_check action=maybe_recompile pc=0x000000000272104c method=java.util.regex.Matcher.match(II)Z @ 86
Event: 1.325 Thread 0x000000001b6b7000 Uncommon trap: reason=unstable_if action=reinterpret pc=0x000000000289cd0c method=java.io.File.getName()Ljava/lang/String; @ 16
Event: 1.325 Thread 0x000000001b6b7000 Uncommon trap: reason=unstable_if action=reinterpret pc=0x0000000002896ddc method=java.lang.String.substring(I)Ljava/lang/String; @ 35
Event: 1.420 Thread 0x000000001b6b7000 Uncommon trap: reason=unstable_if action=reinterpret pc=0x000000000289b8b0 method=java.util.LinkedHashMap.afterNodeInsertion(Z)V @ 1
Event: 1.420 Thread 0x000000001b6b7000 Uncommon trap: reason=unstable_if action=reinterpret pc=0x00000000027e8dc4 method=java.util.HashMap.getNode(ILjava/lang/Object;)Ljava/util/HashMap$Node; @ 129
Event: 1.420 Thread 0x000000001b6b7000 Uncommon trap: reason=bimorphic action=maybe_recompile pc=0x0000000002a1ed08 method=java.util.HashMap.putVal(ILjava/lang/Object;Ljava/lang/Object;ZZ)Ljava/lang/Object; @ 203
Event: 1.421 Thread 0x000000001b6b7000 Uncommon trap: reason=unstable_if action=reinterpret pc=0x00000000027e59d0 method=java.util.HashMap.getNode(ILjava/lang/Object;)Ljava/util/HashMap$Node; @ 129
Event: 1.421 Thread 0x000000001b6b7000 Uncommon trap: reason=bimorphic action=maybe_recompile pc=0x0000000002a1ed08 method=java.util.HashMap.putVal(ILjava/lang/Object;Ljava/lang/Object;ZZ)Ljava/lang/Object; @ 203
Event: 1.444 Thread 0x000000001b6b7000 Uncommon trap: reason=unstable_if action=reinterpret pc=0x0000000002943800 method=sun.nio.cs.UTF_8$Decoder.decodeArrayLoop(Ljava/nio/ByteBuffer;Ljava/nio/CharBuffer;)Ljava/nio/charset/CoderResult; @ 110
Event: 1.477 Thread 0x000000001b6b7000 Uncommon trap: reason=unstable_if action=reinterpret pc=0x0000000002a9d7cc method=java.util.jar.Attributes$Name.isDigit(C)Z @ 3

Classes redefined (0 events):
No events

Internal exceptions (10 events):
Event: 1.126 Thread 0x000000001ba04800 Exception <a 'java/lang/NoSuchMethodError': <clinit>> (0x00000000d7a7ba90) thrown at [C:\src\AOSP-openjdk-git\hotspot\src\share\vm\prims\jni.cpp, line 1615]
Event: 1.131 Thread 0x000000001ba04800 Exception <a 'java/lang/NoSuchMethodError': <clinit>> (0x00000000d7ae9128) thrown at [C:\src\AOSP-openjdk-git\hotspot\src\share\vm\prims\jni.cpp, line 1615]
Event: 1.133 Thread 0x000000001ba04800 Exception <a 'java/lang/NoSuchMethodError': <clinit>> (0x00000000d7b236d0) thrown at [C:\src\AOSP-openjdk-git\hotspot\src\share\vm\prims\jni.cpp, line 1615]
Event: 1.136 Thread 0x000000001ba04800 Exception <a 'java/lang/NoSuchMethodError': <clinit>> (0x00000000d7b59408) thrown at [C:\src\AOSP-openjdk-git\hotspot\src\share\vm\prims\jni.cpp, line 1615]
Event: 1.136 Thread 0x000000001ba04800 Exception <a 'java/lang/NoSuchMethodError': <clinit>> (0x00000000d7b65938) thrown at [C:\src\AOSP-openjdk-git\hotspot\src\share\vm\prims\jni.cpp, line 1615]
Event: 1.347 Thread 0x000000001b6b7000 Exception <a 'java/lang/NoSuchMethodError': java.lang.Object.lambda$and$0(Ljava/util/function/Predicate;Ljava/lang/Object;)Z> (0x00000000d6071080) thrown at [C:\src\AOSP-openjdk-git\hotspot\src\share\vm\interpreter\linkResolver.cpp, line 620]
Event: 1.350 Thread 0x000000001b6b7000 Exception <a 'java/lang/IncompatibleClassChangeError': Found class java.lang.Object, but interface was expected> (0x00000000d6081378) thrown at [C:\src\AOSP-openjdk-git\hotspot\src\share\vm\interpreter\linkResolver.cpp, line 653]
Event: 1.350 Thread 0x000000001b6b7000 Exception <a 'java/lang/NoSuchMethodError': java.lang.Object.lambda$or$2(Ljava/util/function/Predicate;Ljava/lang/Object;)Z> (0x00000000d6085ec8) thrown at [C:\src\AOSP-openjdk-git\hotspot\src\share\vm\interpreter\linkResolver.cpp, line 620]
Event: 1.439 Thread 0x000000001b6b7000 Exception <a 'java/lang/NoSuchMethodError': java.lang.Object.lambda$static$0(Lorg/gradle/internal/state/ModelObject;)Ljava/lang/String;> (0x00000000d781f320) thrown at [C:\src\AOSP-openjdk-git\hotspot\src\share\vm\interpreter\linkResolver.cpp, line 620]
Event: 1.614 Thread 0x000000001b6b7000 Exception <a 'java/lang/NoSuchMethodError': java.lang.Object.lambda$static$1(Lorg/gradle/internal/snapshot/SnapshotHierarchy$DiffCapturingUpdateFunction;)Lorg/gradle/internal/snapshot/AtomicSnapshotHierarchyReference$UpdateFunction;> (0x00000000d8f261a8) 

Events (10 events):
Event: 1.722 loading class org/gradle/model/internal/manage/schema/ModelSchema done
Event: 1.722 loading class org/gradle/model/internal/manage/schema/extract/EnumStrategy
Event: 1.722 loading class org/gradle/model/internal/manage/schema/extract/EnumStrategy done
Event: 1.722 loading class org/gradle/model/internal/manage/schema/extract/JdkValueTypeStrategy
Event: 1.722 loading class org/gradle/model/internal/manage/schema/extract/JdkValueTypeStrategy done
Event: 1.722 loading class org/gradle/model/internal/manage/schema/extract/ModelSetStrategy
Event: 1.722 loading class org/gradle/model/internal/manage/schema/extract/ModelSetStrategy done
Event: 1.722 loading class org/gradle/model/internal/type/ModelType
Event: 1.722 loading class org/gradle/model/internal/type/ModelType done
Event: 1.723 Executing VM operation: CollectForMetadataAllocation


Dynamic libraries:
0x00007ff65c9a0000 - 0x00007ff65c9d1000 	C:\Program Files\Android\Android Studio\jre\bin\java.exe
0x00007ff992f10000 - 0x00007ff993105000 	C:\WINDOWS\SYSTEM32\ntdll.dll
0x00007ff992730000 - 0x00007ff9927ed000 	C:\WINDOWS\System32\KERNEL32.DLL
0x00007ff990c50000 - 0x00007ff990f18000 	C:\WINDOWS\System32\KERNELBASE.dll
0x00007ff991be0000 - 0x00007ff991c8c000 	C:\WINDOWS\System32\ADVAPI32.dll
0x00007ff9925c0000 - 0x00007ff99265e000 	C:\WINDOWS\System32\msvcrt.dll
0x00007ff992490000 - 0x00007ff99252b000 	C:\WINDOWS\System32\sechost.dll
0x00007ff991860000 - 0x00007ff99198b000 	C:\WINDOWS\System32\RPCRT4.dll
0x00007ff992c20000 - 0x00007ff992dc0000 	C:\WINDOWS\System32\USER32.dll
0x00007ff990990000 - 0x00007ff9909b2000 	C:\WINDOWS\System32\win32u.dll
0x00007ff9916e0000 - 0x00007ff99170a000 	C:\WINDOWS\System32\GDI32.dll
0x00007ff990b40000 - 0x00007ff990c4b000 	C:\WINDOWS\System32\gdi32full.dll
0x00007ff990aa0000 - 0x00007ff990b3d000 	C:\WINDOWS\System32\msvcp_win.dll
0x00007ff990650000 - 0x00007ff990750000 	C:\WINDOWS\System32\ucrtbase.dll
0x00007ff9821b0000 - 0x00007ff98244a000 	C:\WINDOWS\WinSxS\amd64_microsoft.windows.common-controls_6595b64144ccf1df_6.0.19041.844_none_ca00b6081b84eb1d\COMCTL32.dll
0x00007ff991710000 - 0x00007ff991740000 	C:\WINDOWS\System32\IMM32.DLL
0x000000006d9c0000 - 0x000000006da92000 	C:\Program Files\Android\Android Studio\jre\jre\bin\msvcr100.dll
0x000000006e5b0000 - 0x000000006edfb000 	C:\Program Files\Android\Android Studio\jre\jre\bin\server\jvm.dll
0x00007ff9925b0000 - 0x00007ff9925b8000 	C:\WINDOWS\System32\PSAPI.DLL
0x00007ff98af10000 - 0x00007ff98af1a000 	C:\WINDOWS\SYSTEM32\VERSION.dll
0x00007ff978840000 - 0x00007ff978849000 	C:\WINDOWS\SYSTEM32\WSOCK32.dll
0x00007ff982610000 - 0x00007ff982637000 	C:\WINDOWS\SYSTEM32\WINMM.dll
0x00007ff992850000 - 0x00007ff9928bb000 	C:\WINDOWS\System32\WS2_32.dll
0x00007ff96d960000 - 0x00007ff96d96f000 	C:\Program Files\Android\Android Studio\jre\jre\bin\verify.dll
0x00007ff95b320000 - 0x00007ff95b349000 	C:\Program Files\Android\Android Studio\jre\jre\bin\java.dll
0x00007ff9656d0000 - 0x00007ff9656e6000 	C:\Program Files\Android\Android Studio\jre\jre\bin\zip.dll
0x00007ff991c90000 - 0x00007ff9923d2000 	C:\WINDOWS\System32\SHELL32.dll
0x00007ff98e790000 - 0x00007ff98ef21000 	C:\WINDOWS\SYSTEM32\windows.storage.dll
0x00007ff9928c0000 - 0x00007ff992c15000 	C:\WINDOWS\System32\combase.dll
0x00007ff9900c0000 - 0x00007ff9900ec000 	C:\WINDOWS\SYSTEM32\Wldp.dll
0x00007ff992dc0000 - 0x00007ff992e6e000 	C:\WINDOWS\System32\SHCORE.dll
0x00007ff991680000 - 0x00007ff9916d5000 	C:\WINDOWS\System32\shlwapi.dll
0x00007ff990590000 - 0x00007ff9905af000 	C:\WINDOWS\SYSTEM32\profapi.dll
0x00007ff963820000 - 0x00007ff96383a000 	C:\Program Files\Android\Android Studio\jre\jre\bin\net.dll
0x00007ff98fe30000 - 0x00007ff98fe9a000 	C:\WINDOWS\system32\mswsock.dll
0x00007ff95a760000 - 0x00007ff95a773000 	C:\Program Files\Android\Android Studio\jre\jre\bin\nio.dll
0x00007ff979c00000 - 0x00007ff979c27000 	C:\Users\Dilanka Nirmal\.gradle\native\f6784746aeab05261644944871eae4fe03e0ef1612fff0a4a95f87b438bc6780\windows-amd64\native-platform.dll
0x00007ff96d790000 - 0x00007ff96d79d000 	C:\Program Files\Android\Android Studio\jre\jre\bin\management.dll
0x00007ff990000000 - 0x00007ff990018000 	C:\WINDOWS\SYSTEM32\CRYPTSP.dll
0x00007ff98f760000 - 0x00007ff98f794000 	C:\WINDOWS\system32\rsaenh.dll
0x00007ff990800000 - 0x00007ff990827000 	C:\WINDOWS\System32\bcrypt.dll
0x00007ff990550000 - 0x00007ff99057e000 	C:\WINDOWS\SYSTEM32\USERENV.dll
0x00007ff990a20000 - 0x00007ff990aa0000 	C:\WINDOWS\System32\bcryptprimitives.dll
0x00007ff990020000 - 0x00007ff99002c000 	C:\WINDOWS\SYSTEM32\CRYPTBASE.dll
0x00007ff98fad0000 - 0x00007ff98fb0b000 	C:\WINDOWS\SYSTEM32\IPHLPAPI.DLL
0x00007ff991990000 - 0x00007ff991998000 	C:\WINDOWS\System32\NSI.dll
0x00007ff98a270000 - 0x00007ff98a287000 	C:\WINDOWS\SYSTEM32\dhcpcsvc6.DLL
0x00007ff98a320000 - 0x00007ff98a33d000 	C:\WINDOWS\SYSTEM32\dhcpcsvc.DLL
0x00007ff98fb20000 - 0x00007ff98fbec000 	C:\WINDOWS\SYSTEM32\DNSAPI.dll
0x00007ff98a680000 - 0x00007ff98a68b000 	C:\WINDOWS\SYSTEM32\WINNSI.DLL

VM Arguments:
jvm_args: -Xmx2048m -Dfile.encoding=UTF-8 -Duser.country=US -Duser.language=en -Duser.variant 
java_command: org.gradle.launcher.daemon.bootstrap.GradleDaemon 6.5
java_class_path (initial): C:\Users\Dilanka Nirmal\.gradle\wrapper\dists\gradle-6.5-bin\6nifqtx7604sqp1q6g8wikw7p\gradle-6.5\lib\gradle-launcher-6.5.jar
Launcher Type: SUN_STANDARD

Environment Variables:
PATH=C:\Program Files (x86)\Common Files\Oracle\Java\javapath;C:\Windows\system32;C:\Windows;C:\Windows\System32\Wbem;C:\Windows\System32\WindowsPowerShell\v1.0\;C:\Windows\System32\OpenSSH\;C:\Program Files (x86)\NVIDIA Corporation\PhysX\Common;C:\Program Files\NVIDIA Corporation\NVIDIA NvDLISR;C:\Program Files\Java\jdk1.8.0_251\bin;C:\Program Files\nodejs\;C:\Program Files\Git\cmd;C:\WINDOWS\system32;C:\WINDOWS;C:\WINDOWS\System32\Wbem;C:\WINDOWS\System32\WindowsPowerShell\v1.0\;C:\WINDOWS\System32\OpenSSH\;C:\Users\Dilanka Nirmal\AppData\Local\Microsoft\WindowsApps;;C:\Users\Dilanka Nirmal\AppData\Local\Programs\Microsoft VS Code\bin;C:\Users\Dilanka Nirmal\AppData\Roaming\npm
USERNAME=Dilanka Nirmal
OS=Windows_NT
PROCESSOR_IDENTIFIER=Intel64 Family 6 Model 158 Stepping 13, GenuineIntel



---------------  S Y S T E M  ---------------

OS: Windows 10.0 , 64 bit Build 19041 (10.0.19041.928)

CPU:total 8 (initial active 8) (4 cores per cpu, 2 threads per core) family 6 model 158 stepping 13, cmov, cx8, fxsr, mmx, sse, sse2, sse3, ssse3, sse4.1, sse4.2, popcnt, avx, avx2, aes, clmul, erms, 3dnowpref, lzcnt, ht, tsc, tscinvbit, bmi1, bmi2, adx

Memory: 4k page, physical 8228964k(2256552k free), swap 33394788k(5124k free)

vm_info: OpenJDK 64-Bit Server VM (25.242-b01) for windows-amd64 JRE (1.8.0_242-release-1644-b01), built by "builder" with MS VC++ 10.0 (VS2010)

time: Tue Apr 27 11:12:38 2021
timezone: Sri Lanka Standard Time
elapsed time: 1 seconds (0d 0h 0m 1s)

